#
# There is insufficient memory for the Java Runtime Environment to continue.
# Native memory allocation (malloc) failed to allocate 1196656 bytes for Chunk::new
# Possible reasons:
#   The system is out of physical RAM or swap space
#   In 32 bit mode, the process size limit was hit
# Possible solutions:
#   Reduce memory load on the system
#   Increase physical memory or swap space
#   Check if swap backing store is full
#   Use 64 bit Java on a 64 bit OS
#   Decrease Java heap size (-Xmx/-Xms)
#   Decrease number of Java threads
#   Decrease Java thread stack sizes (-Xss)
#   Set larger code cache with -XX:ReservedCodeCacheSize=
# This output file may be truncated or incomplete.
#
#  Out of Memory Error (allocation.cpp:390), pid=20700, tid=0x0000000000005430
#
# JRE version: Java(TM) SE Runtime Environment (8.0_131-b11) (build 1.8.0_131-b11)
# Java VM: Java HotSpot(TM) 64-Bit Server VM (25.131-b11 mixed mode windows-amd64 compressed oops)
# Failed to write core dump. Minidumps are not enabled by default on client versions of Windows
#

---------------  T H R E A D  ---------------

Current thread (0x0000000007881000):  JavaThread "C2 CompilerThread1" daemon [_thread_in_native, id=21552, stack(0x0000000008240000,0x0000000008340000)]

Stack: [0x0000000008240000,0x0000000008340000]
[error occurred during error reporting (printing stack bounds), id 0xc0000005]

Native frames: (J=compiled Java code, j=interpreted, Vv=VM code, C=native code)


Current CompileTask:
C2:   4222 1495       4       java.net.URLClassLoader$1::run (5 bytes)


---------------  P R O C E S S  ---------------

Java Threads: ( => current thread )
  0x00000000078d7800 JavaThread "Service Thread" daemon [_thread_blocked, id=540, stack(0x0000000008680000,0x0000000008780000)]
  0x0000000007886800 JavaThread "C1 CompilerThread2" daemon [_thread_in_native, id=21056, stack(0x0000000008480000,0x0000000008580000)]
=>0x0000000007881000 JavaThread "C2 CompilerThread1" daemon [_thread_in_native, id=21552, stack(0x0000000008240000,0x0000000008340000)]
  0x000000000635e000 JavaThread "C2 CompilerThread0" daemon [_thread_in_native, id=18560, stack(0x00000000080a0000,0x00000000081a0000)]
  0x000000000785a800 JavaThread "Attach Listener" daemon [_thread_blocked, id=24140, stack(0x0000000007f00000,0x0000000008000000)]
  0x0000000006359000 JavaThread "Signal Dispatcher" daemon [_thread_blocked, id=24328, stack(0x0000000007cb0000,0x0000000007db0000)]
  0x000000000633a000 JavaThread "Finalizer" daemon [_thread_blocked, id=24564, stack(0x0000000007750000,0x0000000007850000)]
  0x00000000062f2000 JavaThread "Reference Handler" daemon [_thread_blocked, id=19696, stack(0x0000000007600000,0x0000000007700000)]
  0x0000000001f3e800 JavaThread "main" [_thread_in_Java, id=23184, stack(0x0000000002ce0000,0x0000000002de0000)]

Other Threads:
  0x00000000062ea800 VMThread [stack: 0x0000000007480000,0x0000000007580000] [id=24196]
  0x0000000007917800 WatcherThread [stack: 0x00000000087b0000,0x00000000088b0000] [id=22136]

VM state:not at safepoint (normal execution)

VM Mutex/Monitor currently owned by a thread: None

Heap:
 PSYoungGen      total 34304K, used 18237K [0x00000000eb600000, 0x00000000ef900000, 0x0000000100000000)
  eden space 31744K, 49% used [0x00000000eb600000,0x00000000ec555680,0x00000000ed500000)
  from space 2560K, 99% used [0x00000000ed500000,0x00000000ed77a040,0x00000000ed780000)
  to   space 2560K, 0% used [0x00000000ef680000,0x00000000ef680000,0x00000000ef900000)
 ParOldGen       total 42496K, used 6486K [0x00000000c2200000, 0x00000000c4b80000, 0x00000000eb600000)
  object space 42496K, 15% used [0x00000000c2200000,0x00000000c2855ae8,0x00000000c4b80000)
 Metaspace       used 14243K, capacity 14468K, committed 14720K, reserved 1062912K
  class space    used 1767K, capacity 1845K, committed 1920K, reserved 1048576K

Card table byte_map: [0x00000000031a0000,0x0000000003390000] byte_map_base: 0x0000000002b8f000

Marking Bits: (ParMarkBitMap*) 0x000000000299c720
 Begin Bits: [0x0000000003880000, 0x00000000047f8000)
 End Bits:   [0x00000000047f8000, 0x0000000005770000)

Polling page: 0x0000000000420000

CodeCache: size=245760Kb used=5418Kb max_used=5418Kb free=240341Kb
 bounds [0x000000000f010000, 0x000000000f560000, 0x000000001e010000]
 total_blobs=1893 nmethods=1557 adapters=248
 compilation: enabled

Compilation events (10 events):
Event: 4.169 Thread 0x0000000007886800 1558       3       java.util.Collections$UnmodifiableMap$UnmodifiableEntrySet$1::hasNext (10 bytes)
Event: 4.170 Thread 0x0000000007886800 nmethod 1558 0x000000000f558490 code [0x000000000f558600, 0x000000000f558828]
Event: 4.170 Thread 0x0000000007886800 1559       3       java.util.Collections$UnmodifiableMap$UnmodifiableEntrySet$1::next (5 bytes)
Event: 4.170 Thread 0x0000000007886800 nmethod 1559 0x000000000f5588d0 code [0x000000000f558a80, 0x000000000f559078]
Event: 4.170 Thread 0x0000000007886800 1560       3       java.util.Collections$UnmodifiableMap$UnmodifiableEntrySet$1::next (20 bytes)
Event: 4.171 Thread 0x0000000007886800 nmethod 1560 0x000000000f559350 code [0x000000000f559500, 0x000000000f559a78]
Event: 4.180 Thread 0x0000000007886800 1561       3       java.util.regex.Matcher::group (112 bytes)
Event: 4.182 Thread 0x0000000007886800 nmethod 1561 0x000000000f559cd0 code [0x000000000f559f00, 0x000000000f55ac48]
Event: 4.182 Thread 0x0000000007886800 1562       3       java.util.Formatter$Flags::contains (22 bytes)
Event: 4.182 Thread 0x0000000007886800 nmethod 1562 0x000000000f55b210 code [0x000000000f55b380, 0x000000000f55b590]

GC Heap History (6 events):
Event: 1.665 GC heap before
{Heap before GC invocations=1 (full 0):
 PSYoungGen      total 18432K, used 15872K [0x00000000eb600000, 0x00000000eca80000, 0x0000000100000000)
  eden space 15872K, 100% used [0x00000000eb600000,0x00000000ec580000,0x00000000ec580000)
  from space 2560K, 0% used [0x00000000ec800000,0x00000000ec800000,0x00000000eca80000)
  to   space 2560K, 0% used [0x00000000ec580000,0x00000000ec580000,0x00000000ec800000)
 ParOldGen       total 42496K, used 0K [0x00000000c2200000, 0x00000000c4b80000, 0x00000000eb600000)
  object space 42496K, 0% used [0x00000000c2200000,0x00000000c2200000,0x00000000c4b80000)
 Metaspace       used 6949K, capacity 7080K, committed 7296K, reserved 1056768K
  class space    used 833K, capacity 892K, committed 896K, reserved 1048576K
Event: 1.749 GC heap after
Heap after GC invocations=1 (full 0):
 PSYoungGen      total 18432K, used 2551K [0x00000000eb600000, 0x00000000eda00000, 0x0000000100000000)
  eden space 15872K, 0% used [0x00000000eb600000,0x00000000eb600000,0x00000000ec580000)
  from space 2560K, 99% used [0x00000000ec580000,0x00000000ec7fdd58,0x00000000ec800000)
  to   space 2560K, 0% used [0x00000000ed780000,0x00000000ed780000,0x00000000eda00000)
 ParOldGen       total 42496K, used 1208K [0x00000000c2200000, 0x00000000c4b80000, 0x00000000eb600000)
  object space 42496K, 2% used [0x00000000c2200000,0x00000000c232e2d0,0x00000000c4b80000)
 Metaspace       used 6949K, capacity 7080K, committed 7296K, reserved 1056768K
  class space    used 833K, capacity 892K, committed 896K, reserved 1048576K
}
Event: 2.280 GC heap before
{Heap before GC invocations=2 (full 0):
 PSYoungGen      total 18432K, used 18423K [0x00000000eb600000, 0x00000000eda00000, 0x0000000100000000)
  eden space 15872K, 100% used [0x00000000eb600000,0x00000000ec580000,0x00000000ec580000)
  from space 2560K, 99% used [0x00000000ec580000,0x00000000ec7fdd58,0x00000000ec800000)
  to   space 2560K, 0% used [0x00000000ed780000,0x00000000ed780000,0x00000000eda00000)
 ParOldGen       total 42496K, used 1208K [0x00000000c2200000, 0x00000000c4b80000, 0x00000000eb600000)
  object space 42496K, 2% used [0x00000000c2200000,0x00000000c232e2d0,0x00000000c4b80000)
 Metaspace       used 7923K, capacity 8136K, committed 8320K, reserved 1056768K
  class space    used 994K, capacity 1052K, committed 1152K, reserved 1048576K
Event: 2.289 GC heap after
Heap after GC invocations=2 (full 0):
 PSYoungGen      total 34304K, used 2535K [0x00000000eb600000, 0x00000000eda00000, 0x0000000100000000)
  eden space 31744K, 0% used [0x00000000eb600000,0x00000000eb600000,0x00000000ed500000)
  from space 2560K, 99% used [0x00000000ed780000,0x00000000ed9f9f10,0x00000000eda00000)
  to   space 2560K, 0% used [0x00000000ed500000,0x00000000ed500000,0x00000000ed780000)
 ParOldGen       total 42496K, used 1499K [0x00000000c2200000, 0x00000000c4b80000, 0x00000000eb600000)
  object space 42496K, 3% used [0x00000000c2200000,0x00000000c2376c98,0x00000000c4b80000)
 Metaspace       used 7923K, capacity 8136K, committed 8320K, reserved 1056768K
  class space    used 994K, capacity 1052K, committed 1152K, reserved 1048576K
}
Event: 3.337 GC heap before
{Heap before GC invocations=3 (full 0):
 PSYoungGen      total 34304K, used 34279K [0x00000000eb600000, 0x00000000eda00000, 0x0000000100000000)
  eden space 31744K, 100% used [0x00000000eb600000,0x00000000ed500000,0x00000000ed500000)
  from space 2560K, 99% used [0x00000000ed780000,0x00000000ed9f9f10,0x00000000eda00000)
  to   space 2560K, 0% used [0x00000000ed500000,0x00000000ed500000,0x00000000ed780000)
 ParOldGen       total 42496K, used 1499K [0x00000000c2200000, 0x00000000c4b80000, 0x00000000eb600000)
  object space 42496K, 3% used [0x00000000c2200000,0x00000000c2376c98,0x00000000c4b80000)
 Metaspace       used 11928K, capacity 12132K, committed 12416K, reserved 1060864K
  class space    used 1512K, capacity 1611K, committed 1664K, reserved 1048576K
Event: 3.399 GC heap after
Heap after GC invocations=3 (full 0):
 PSYoungGen      total 34304K, used 2536K [0x00000000eb600000, 0x00000000ef900000, 0x0000000100000000)
  eden space 31744K, 0% used [0x00000000eb600000,0x00000000eb600000,0x00000000ed500000)
  from space 2560K, 99% used [0x00000000ed500000,0x00000000ed77a040,0x00000000ed780000)
  to   space 2560K, 0% used [0x00000000ef680000,0x00000000ef680000,0x00000000ef900000)
 ParOldGen       total 42496K, used 6486K [0x00000000c2200000, 0x00000000c4b80000, 0x00000000eb600000)
  object space 42496K, 15% used [0x00000000c2200000,0x00000000c2855ae8,0x00000000c4b80000)
 Metaspace       used 11928K, capacity 12132K, committed 12416K, reserved 1060864K
  class space    used 1512K, capacity 1611K, committed 1664K, reserved 1048576K
}

Deoptimization events (10 events):
Event: 3.232 Thread 0x0000000001f3e800 Uncommon trap: reason=bimorphic action=maybe_recompile pc=0x000000000f336260 method=java.util.HashMap.putVal(ILjava/lang/Object;Ljava/lang/Object;ZZ)Ljava/lang/Object; @ 203
Event: 3.232 Thread 0x0000000001f3e800 Uncommon trap: reason=bimorphic action=maybe_recompile pc=0x000000000f336260 method=java.util.HashMap.putVal(ILjava/lang/Object;Ljava/lang/Object;ZZ)Ljava/lang/Object; @ 203
Event: 3.504 Thread 0x0000000001f3e800 Uncommon trap: reason=bimorphic action=maybe_recompile pc=0x000000000f336260 method=java.util.HashMap.putVal(ILjava/lang/Object;Ljava/lang/Object;ZZ)Ljava/lang/Object; @ 203
Event: 3.504 Thread 0x0000000001f3e800 Uncommon trap: reason=bimorphic action=maybe_recompile pc=0x000000000f336260 method=java.util.HashMap.putVal(ILjava/lang/Object;Ljava/lang/Object;ZZ)Ljava/lang/Object; @ 203
Event: 3.504 Thread 0x0000000001f3e800 Uncommon trap: reason=bimorphic action=maybe_recompile pc=0x000000000f33d1fc method=java.util.HashMap.putVal(ILjava/lang/Object;Ljava/lang/Object;ZZ)Ljava/lang/Object; @ 203
Event: 3.809 Thread 0x0000000001f3e800 Uncommon trap: reason=unstable_if action=reinterpret pc=0x000000000f2dc6d4 method=org.codehaus.plexus.util.xml.pull.MXParser.parseStartTag()I @ 443
Event: 3.811 Thread 0x0000000001f3e800 Uncommon trap: reason=unstable_if action=reinterpret pc=0x000000000f2be9e4 method=org.codehaus.plexus.util.xml.pull.MXParser.isS(C)Z @ 21
Event: 3.812 Thread 0x0000000001f3e800 Uncommon trap: reason=unstable_if action=reinterpret pc=0x000000000f2921d4 method=sun.nio.cs.UTF_8$Decoder.decodeArrayLoop(Ljava/nio/ByteBuffer;Ljava/nio/CharBuffer;)Ljava/nio/charset/CoderResult; @ 84
Event: 3.967 Thread 0x0000000001f3e800 Uncommon trap: reason=unstable_if action=reinterpret pc=0x000000000f4fa378 method=sun.nio.cs.UTF_8$Decoder.decode([BII[C)I @ 30
Event: 4.059 Thread 0x0000000001f3e800 Uncommon trap: reason=unstable_if action=reinterpret pc=0x000000000f1c2254 method=java.lang.String.replace(CC)Ljava/lang/String; @ 2

Internal exceptions (10 events):
Event: 2.316 Thread 0x0000000001f3e800 Exception <a 'java/lang/ArrayIndexOutOfBoundsException'> (0x00000000eb677e78) thrown at [C:\re\workspace\8-2-build-windows-amd64-cygwin\jdk8u131\8869\hotspot\src\share\vm\runtime\sharedRuntime.cpp, line 605]
Event: 3.486 Thread 0x0000000001f3e800 Exception <a 'java/lang/NoClassDefFoundError': com/google/inject/servlet/ServletModuleTargetVisitor> (0x00000000eb7c6218) thrown at [C:\re\workspace\8-2-build-windows-amd64-cygwin\jdk8u131\8869\hotspot\src\share\vm\classfile\systemDictionary.cpp, line 199
Event: 3.486 Thread 0x0000000001f3e800 Exception <a 'java/lang/NoClassDefFoundError'> (0x00000000eb7c6218) thrown at [C:\re\workspace\8-2-build-windows-amd64-cygwin\jdk8u131\8869\hotspot\src\share\vm\prims\jvm.cpp, line 1394]
Event: 3.486 Thread 0x0000000001f3e800 Exception <a 'java/lang/NoClassDefFoundError': javax/annotation/Priority> (0x00000000eb7ca9f0) thrown at [C:\re\workspace\8-2-build-windows-amd64-cygwin\jdk8u131\8869\hotspot\src\share\vm\classfile\systemDictionary.cpp, line 199]
Event: 3.918 Thread 0x0000000001f3e800 Exception <a 'java/lang/NullPointerException'> (0x00000000ebfef930) thrown at [C:\re\workspace\8-2-build-windows-amd64-cygwin\jdk8u131\8869\hotspot\src\share\vm\interpreter\linkResolver.cpp, line 1197]
Event: 3.918 Thread 0x0000000001f3e800 Exception <a 'java/lang/NullPointerException'> (0x00000000ebfefb48) thrown at [C:\re\workspace\8-2-build-windows-amd64-cygwin\jdk8u131\8869\hotspot\src\share\vm\interpreter\linkResolver.cpp, line 1197]
Event: 3.918 Thread 0x0000000001f3e800 Exception <a 'java/lang/NullPointerException'> (0x00000000ebfefd60) thrown at [C:\re\workspace\8-2-build-windows-amd64-cygwin\jdk8u131\8869\hotspot\src\share\vm\interpreter\linkResolver.cpp, line 1197]
Event: 3.920 Thread 0x0000000001f3e800 Exception <a 'java/lang/NullPointerException'> (0x00000000ebfff5a8) thrown at [C:\re\workspace\8-2-build-windows-amd64-cygwin\jdk8u131\8869\hotspot\src\share\vm\interpreter\linkResolver.cpp, line 1197]
Event: 3.921 Thread 0x0000000001f3e800 Exception <a 'java/lang/NullPointerException'> (0x00000000ebfff7c0) thrown at [C:\re\workspace\8-2-build-windows-amd64-cygwin\jdk8u131\8869\hotspot\src\share\vm\interpreter\linkResolver.cpp, line 1197]
Event: 3.921 Thread 0x0000000001f3e800 Exception <a 'java/lang/NullPointerException'> (0x00000000ebfff9d8) thrown at [C:\re\workspace\8-2-build-windows-amd64-cygwin\jdk8u131\8869\hotspot\src\share\vm\interpreter\linkResolver.cpp, line 1197]

Events (10 events):
Event: 4.215 loading class sun/nio/ch/SharedFileLockTable$FileLockReference
Event: 4.215 loading class sun/nio/ch/SharedFileLockTable$FileLockReference done
Event: 4.215 loading class java/nio/channels/spi/AbstractInterruptibleChannel$1
Event: 4.215 loading class sun/nio/ch/Interruptible
Event: 4.215 loading class sun/nio/ch/Interruptible done
Event: 4.215 loading class java/nio/channels/spi/AbstractInterruptibleChannel$1 done
Event: 4.218 loading class org/apache/maven/repository/internal/DefaultModelCache
Event: 4.218 loading class org/apache/maven/repository/internal/DefaultModelCache done
Event: 4.218 loading class org/apache/maven/repository/internal/DefaultModelResolver
Event: 4.218 loading class org/apache/maven/repository/internal/DefaultModelResolver done


Dynamic libraries:
0x000000013f8f0000 - 0x000000013f927000 	C:\Program Files\Java\jdk1.8.0_131\bin\java.exe
0x0000000077870000 - 0x0000000077a0f000 	C:\Windows\SYSTEM32\ntdll.dll
0x0000000077750000 - 0x000000007786f000 	C:\Windows\system32\kernel32.dll
0x000007fefdf80000 - 0x000007fefdfe7000 	C:\Windows\system32\KERNELBASE.dll
0x000007fefe2c0000 - 0x000007fefe39b000 	C:\Windows\system32\ADVAPI32.dll
0x000007fefe090000 - 0x000007fefe12f000 	C:\Windows\system32\msvcrt.dll
0x000007fefe3a0000 - 0x000007fefe3bf000 	C:\Windows\SYSTEM32\sechost.dll
0x000007feff5b0000 - 0x000007feff6dc000 	C:\Windows\system32\RPCRT4.dll
0x00000000773a0000 - 0x000000007749a000 	C:\Windows\system32\USER32.dll
0x000007feff6e0000 - 0x000007feff747000 	C:\Windows\system32\GDI32.dll
0x000007feff450000 - 0x000007feff45e000 	C:\Windows\system32\LPK.dll
0x000007feff330000 - 0x000007feff3fb000 	C:\Windows\system32\USP10.dll
0x000007fefd7c0000 - 0x000007fefd9b5000 	C:\Windows\WinSxS\amd64_microsoft.windows.common-controls_6595b64144ccf1df_6.0.7601.24483_none_e372d88f30fbb845\COMCTL32.dll
0x000007feffa00000 - 0x000007feffa71000 	C:\Windows\system32\SHLWAPI.dll
0x000007feff9b0000 - 0x000007feff9de000 	C:\Windows\system32\IMM32.DLL
0x000007fefe130000 - 0x000007fefe239000 	C:\Windows\system32\MSCTF.dll
0x000007fefdc80000 - 0x000007fefdcb2000 	C:\Windows\system32\nvinitx.dll
0x000000000f000000 - 0x000000000f006000 	C:\Program Files\NVIDIA Corporation\CoProcManager\detoured.dll
0x000007fefb210000 - 0x000007fefb243000 	C:\Program Files\NVIDIA Corporation\CoProcManager\nvd3d9wrapx.dll
0x000007fefe3c0000 - 0x000007fefe597000 	C:\Windows\system32\SETUPAPI.dll
0x000007fefe030000 - 0x000007fefe066000 	C:\Windows\system32\CFGMGR32.dll
0x000007feffa80000 - 0x000007feffb5b000 	C:\Windows\system32\OLEAUT32.dll
0x000007feff750000 - 0x000007feff94f000 	C:\Windows\system32\ole32.dll
0x000007fefe070000 - 0x000007fefe08a000 	C:\Windows\system32\DEVOBJ.dll
0x000007fefae70000 - 0x000007fefae93000 	C:\Program Files\NVIDIA Corporation\CoProcManager\nvdxgiwrapx.dll
0x00000000789b0000 - 0x0000000078a82000 	C:\Program Files\Java\jdk1.8.0_131\jre\bin\msvcr100.dll
0x0000000002180000 - 0x0000000002a1c000 	C:\Program Files\Java\jdk1.8.0_131\jre\bin\server\jvm.dll
0x000007fef7280000 - 0x000007fef7289000 	C:\Windows\system32\WSOCK32.dll
0x000007feff400000 - 0x000007feff44d000 	C:\Windows\system32\WS2_32.dll
0x000007feff460000 - 0x000007feff468000 	C:\Windows\system32\NSI.dll
0x000007fefda10000 - 0x000007fefda4b000 	C:\Windows\system32\WINMM.dll
0x000007fefc8d0000 - 0x000007fefc8dc000 	C:\Windows\system32\VERSION.dll
0x0000000077a20000 - 0x0000000077a27000 	C:\Windows\system32\PSAPI.DLL
0x0000000071000000 - 0x000000007100f000 	C:\Program Files\Java\jdk1.8.0_131\jre\bin\verify.dll
0x000000006d5b0000 - 0x000000006d5d9000 	C:\Program Files\Java\jdk1.8.0_131\jre\bin\java.dll
0x00000000701d0000 - 0x00000000701e6000 	C:\Program Files\Java\jdk1.8.0_131\jre\bin\zip.dll
0x000007fefe5a0000 - 0x000007feff32b000 	C:\Windows\system32\SHELL32.dll
0x000007fefdcc0000 - 0x000007fefdccf000 	C:\Windows\system32\profapi.dll
0x000000006f610000 - 0x000000006f62a000 	C:\Program Files\Java\jdk1.8.0_131\jre\bin\net.dll
0x000007fefd270000 - 0x000007fefd2c5000 	C:\Windows\system32\mswsock.dll
0x000007fefd260000 - 0x000007fefd267000 	C:\Windows\System32\wship6.dll
0x000000006fd30000 - 0x000000006fd41000 	C:\Program Files\Java\jdk1.8.0_131\jre\bin\nio.dll

VM Arguments:
jvm_args: -Dmaven.multiModuleProjectDirectory=C:\Users\dell\.ssh\workspace\muke\AUTOTEST\Chapter12 -Dmaven.wagon.http.ssl.insecure=true -Dmaven.wagon.http.ssl.allowall=true -Dmaven.home=D:\tools\apache-maven-3.3.1 -Dclassworlds.conf=D:\tools\apache-maven-3.3.1\bin\m2.conf -Dmaven.ext.class.path=D:\idea\IntelliJ IDEA 2020.2.4\plugins\maven\lib\maven-event-listener.jar -Dfile.encoding=UTF-8 
java_command: org.codehaus.classworlds.Launcher -Didea.version=2020.2.4 -s D:\tools\apache-maven-3.3.1\conf\settings.xml -Dmaven.repo.local=C:\Users\dell\.m2\repository -DskipTests=true install
java_class_path (initial): D:\tools\apache-maven-3.3.1\boot\plexus-classworlds-2.5.2.jar
Launcher Type: SUN_STANDARD

Environment Variables:
JAVA_HOME=C:\Program Files\Java\jdk1.8.0_131
CLASSPATH=.;C:\Program Files\Java\jdk1.8.0_131\lib;C:\Program Files\Java\jdk1.8.0_131\lib\dt.jar;C:\Program Files\Java\jdk1.8.0_131\lib\tools.jar;D:\tools\apache-jmeter-3.1\lib\ext\ApacheJMeter_core.jar;D:\tools\apache-jmeter-3.1\lib\jorphan.jar;
PATH=D:\tools\apache-jmeter-3.1\bin;D:\tools\apache-maven-3.3.1\bin;D:\xshell\;C:\ProgramData\Oracle\Java\javapath;C:\Windows\system32;C:\Windows;C:\Windows\System32\Wbem;C:\Windows\System32\WindowsPowerShell\v1.0\;C:\Program Files\Java\jdk1.8.0_131\bin;C:\Program Files\Java\jdk1.8.0_131\jre\bin;D:\tools\Git\cmd
USERNAME=dell
OS=Windows_NT
PROCESSOR_IDENTIFIER=Intel64 Family 6 Model 58 Stepping 9, GenuineIntel



---------------  S Y S T E M  ---------------

OS: Windows 7 , 64 bit Build 7601 (6.1.7601.24499)

CPU:total 4 (initial active 4) (2 cores per cpu, 2 threads per core) family 6 model 58 stepping 9, cmov, cx8, fxsr, mmx, sse, sse2, sse3, ssse3, sse4.1, sse4.2, popcnt, avx, aes, clmul, erms, ht, tsc, tscinvbit, tscinv

Memory: 4k page, physical 4051156k(119832k free), swap 16202724k(6176k free)

vm_info: Java HotSpot(TM) 64-Bit Server VM (25.131-b11) for windows-amd64 JRE (1.8.0_131-b11), built on Mar 15 2017 01:23:53 by "java_re" with MS VC++ 10.0 (VS2010)

time: Fri Nov 25 20:41:30 2022
elapsed time: 4 seconds (0d 0h 0m 4s)

