#
# There is insufficient memory for the Java Runtime Environment to continue.
# Native memory allocation (malloc) failed to allocate 2103216 bytes for Chunk::new
# Possible reasons:
#   The system is out of physical RAM or swap space
#   In 32 bit mode, the process size limit was hit
# Possible solutions:
#   Reduce memory load on the system
#   Increase physical memory or swap space
#   Check if swap backing store is full
#   Use 64 bit Java on a 64 bit OS
#   Decrease Java heap size (-Xmx/-Xms)
#   Decrease number of Java threads
#   Decrease Java thread stack sizes (-Xss)
#   Set larger code cache with -XX:ReservedCodeCacheSize=
# This output file may be truncated or incomplete.
#
#  Out of Memory Error (allocation.cpp:390), pid=7148, tid=0x0000000000002e9c
#
# JRE version: Java(TM) SE Runtime Environment (8.0_131-b11) (build 1.8.0_131-b11)
# Java VM: Java HotSpot(TM) 64-Bit Server VM (25.131-b11 mixed mode windows-amd64 compressed oops)
# Failed to write core dump. Minidumps are not enabled by default on client versions of Windows
#

---------------  T H R E A D  ---------------

Current thread (0x000000000713c800):  JavaThread "C2 CompilerThread1" daemon [_thread_in_native, id=11932, stack(0x00000000077e0000,0x00000000078e0000)]

Stack: [0x00000000077e0000,0x00000000078e0000]
[error occurred during error reporting (printing stack bounds), id 0xc0000005]

Native frames: (J=compiled Java code, j=interpreted, Vv=VM code, C=native code)


Current CompileTask:
C2:  14345 3873   !   4       lombok.javac.JavacAST::drill (146 bytes)


---------------  P R O C E S S  ---------------

Java Threads: ( => current thread )
  0x00000000071a0000 JavaThread "Service Thread" daemon [_thread_blocked, id=16220, stack(0x0000000007ae0000,0x0000000007be0000)]
  0x000000000713d800 JavaThread "C1 CompilerThread2" daemon [_thread_blocked, id=15884, stack(0x00000000079e0000,0x0000000007ae0000)]
=>0x000000000713c800 JavaThread "C2 CompilerThread1" daemon [_thread_in_native, id=11932, stack(0x00000000077e0000,0x00000000078e0000)]
  0x0000000005aae000 JavaThread "C2 CompilerThread0" daemon [_thread_in_native, id=17984, stack(0x0000000006d50000,0x0000000006e50000)]
  0x0000000007128800 JavaThread "Attach Listener" daemon [_thread_blocked, id=6692, stack(0x0000000006b30000,0x0000000006c30000)]
  0x0000000005a9f000 JavaThread "Signal Dispatcher" daemon [_thread_blocked, id=6200, stack(0x0000000007590000,0x0000000007690000)]
  0x0000000005a8a000 JavaThread "Finalizer" daemon [_thread_blocked, id=9604, stack(0x0000000007020000,0x0000000007120000)]
  0x0000000005a42000 JavaThread "Reference Handler" daemon [_thread_blocked, id=5552, stack(0x0000000006e80000,0x0000000006f80000)]
  0x00000000022be800 JavaThread "main" [_thread_in_Java, id=18388, stack(0x0000000002330000,0x0000000002430000)]

Other Threads:
  0x0000000005a3a800 VMThread [stack: 0x0000000006c40000,0x0000000006d40000] [id=17292]
  0x00000000071d7000 WatcherThread [stack: 0x0000000007c20000,0x0000000007d20000] [id=5024]

VM state:not at safepoint (normal execution)

VM Mutex/Monitor currently owned by a thread: None

Heap:
 PSYoungGen      total 71168K, used 45281K [0x00000000eb600000, 0x00000000f2400000, 0x0000000100000000)
  eden space 63488K, 65% used [0x00000000eb600000,0x00000000ede86560,0x00000000ef400000)
  from space 7680K, 49% used [0x00000000ef400000,0x00000000ef7b1ee8,0x00000000efb80000)
  to   space 14848K, 0% used [0x00000000f1580000,0x00000000f1580000,0x00000000f2400000)
 ParOldGen       total 53760K, used 22284K [0x00000000c2200000, 0x00000000c5680000, 0x00000000eb600000)
  object space 53760K, 41% used [0x00000000c2200000,0x00000000c37c3178,0x00000000c5680000)
 Metaspace       used 23186K, capacity 23916K, committed 24192K, reserved 1071104K
  class space    used 2738K, capacity 2886K, committed 2944K, reserved 1048576K

Card table byte_map: [0x00000000027f0000,0x00000000029e0000] byte_map_base: 0x00000000021df000

Marking Bits: (ParMarkBitMap*) 0x000000006fe4c720
 Begin Bits: [0x0000000002fd0000, 0x0000000003f48000)
 End Bits:   [0x0000000003f48000, 0x0000000004ec0000)

Polling page: 0x0000000000120000

CodeCache: size=245760Kb used=12303Kb max_used=12303Kb free=233456Kb
 bounds [0x000000000f010000, 0x000000000fc30000, 0x000000001e010000]
 total_blobs=4081 nmethods=3696 adapters=297
 compilation: enabled

Compilation events (10 events):
Event: 14.320 Thread 0x000000000713d800 4171       2       com.sun.tools.javac.comp.MemberEnter::annotateLater (59 bytes)
Event: 14.321 Thread 0x000000000713d800 nmethod 4171 0x000000000fc1fed0 code [0x000000000fc20080, 0x000000000fc20538]
Event: 14.321 Thread 0x000000000713d800 4172       2       com.sun.tools.javac.jvm.ClassReader::readField (55 bytes)
Event: 14.322 Thread 0x000000000713d800 nmethod 4172 0x000000000fc20890 code [0x000000000fc20a40, 0x000000000fc20e08]
Event: 14.322 Thread 0x000000000713d800 4174       2       com.sun.tools.javac.util.Names::fromUtf (9 bytes)
Event: 14.322 Thread 0x000000000713d800 nmethod 4174 0x000000000fc21250 code [0x000000000fc213c0, 0x000000000fc21548]
Event: 14.322 Thread 0x000000000713d800 4173       2       com.sun.tools.javac.jvm.ClassReader::adjustFieldFlags (2 bytes)
Event: 14.322 Thread 0x000000000713d800 nmethod 4173 0x000000000fc21650 code [0x000000000fc217a0, 0x000000000fc218f0]
Event: 14.323 Thread 0x000000000713d800 4175       2       com.sun.tools.javac.tree.JCTree::setType (7 bytes)
Event: 14.323 Thread 0x000000000713d800 nmethod 4175 0x000000000fc21990 code [0x000000000fc21ae0, 0x000000000fc21c50]

GC Heap History (10 events):
Event: 6.662 GC heap before
{Heap before GC invocations=6 (full 0):
 PSYoungGen      total 34304K, used 34280K [0x00000000eb600000, 0x00000000f0300000, 0x0000000100000000)
  eden space 31744K, 100% used [0x00000000eb600000,0x00000000ed500000,0x00000000ed500000)
  from space 2560K, 99% used [0x00000000ed500000,0x00000000ed77a020,0x00000000ed780000)
  to   space 7680K, 0% used [0x00000000efb80000,0x00000000efb80000,0x00000000f0300000)
 ParOldGen       total 42496K, used 10320K [0x00000000c2200000, 0x00000000c4b80000, 0x00000000eb600000)
  object space 42496K, 24% used [0x00000000c2200000,0x00000000c2c14128,0x00000000c4b80000)
 Metaspace       used 14863K, capacity 15118K, committed 15232K, reserved 1062912K
  class space    used 1799K, capacity 1884K, committed 1920K, reserved 1048576K
Event: 6.675 GC heap after
Heap after GC invocations=6 (full 0):
 PSYoungGen      total 71168K, used 5640K [0x00000000eb600000, 0x00000000f0300000, 0x0000000100000000)
  eden space 63488K, 0% used [0x00000000eb600000,0x00000000eb600000,0x00000000ef400000)
  from space 7680K, 73% used [0x00000000efb80000,0x00000000f0102020,0x00000000f0300000)
  to   space 7680K, 0% used [0x00000000ef400000,0x00000000ef400000,0x00000000efb80000)
 ParOldGen       total 42496K, used 10328K [0x00000000c2200000, 0x00000000c4b80000, 0x00000000eb600000)
  object space 42496K, 24% used [0x00000000c2200000,0x00000000c2c16128,0x00000000c4b80000)
 Metaspace       used 14863K, capacity 15118K, committed 15232K, reserved 1062912K
  class space    used 1799K, capacity 1884K, committed 1920K, reserved 1048576K
}
Event: 8.198 GC heap before
{Heap before GC invocations=7 (full 0):
 PSYoungGen      total 71168K, used 69128K [0x00000000eb600000, 0x00000000f0300000, 0x0000000100000000)
  eden space 63488K, 100% used [0x00000000eb600000,0x00000000ef400000,0x00000000ef400000)
  from space 7680K, 73% used [0x00000000efb80000,0x00000000f0102020,0x00000000f0300000)
  to   space 7680K, 0% used [0x00000000ef400000,0x00000000ef400000,0x00000000efb80000)
 ParOldGen       total 42496K, used 10328K [0x00000000c2200000, 0x00000000c4b80000, 0x00000000eb600000)
  object space 42496K, 24% used [0x00000000c2200000,0x00000000c2c16128,0x00000000c4b80000)
 Metaspace       used 16054K, capacity 16494K, committed 16640K, reserved 1064960K
  class space    used 1898K, capacity 1994K, committed 2048K, reserved 1048576K
Event: 8.716 GC heap after
Heap after GC invocations=7 (full 0):
 PSYoungGen      total 71168K, used 7648K [0x00000000eb600000, 0x00000000f0300000, 0x0000000100000000)
  eden space 63488K, 0% used [0x00000000eb600000,0x00000000eb600000,0x00000000ef400000)
  from space 7680K, 99% used [0x00000000ef400000,0x00000000efb78020,0x00000000efb80000)
  to   space 7680K, 0% used [0x00000000efb80000,0x00000000efb80000,0x00000000f0300000)
 ParOldGen       total 42496K, used 12202K [0x00000000c2200000, 0x00000000c4b80000, 0x00000000eb600000)
  object space 42496K, 28% used [0x00000000c2200000,0x00000000c2dea868,0x00000000c4b80000)
 Metaspace       used 16054K, capacity 16494K, committed 16640K, reserved 1064960K
  class space    used 1898K, capacity 1994K, committed 2048K, reserved 1048576K
}
Event: 10.123 GC heap before
{Heap before GC invocations=8 (full 0):
 PSYoungGen      total 71168K, used 46527K [0x00000000eb600000, 0x00000000f0300000, 0x0000000100000000)
  eden space 63488K, 61% used [0x00000000eb600000,0x00000000edbf7d18,0x00000000ef400000)
  from space 7680K, 99% used [0x00000000ef400000,0x00000000efb78020,0x00000000efb80000)
  to   space 7680K, 0% used [0x00000000efb80000,0x00000000efb80000,0x00000000f0300000)
 ParOldGen       total 42496K, used 12202K [0x00000000c2200000, 0x00000000c4b80000, 0x00000000eb600000)
  object space 42496K, 28% used [0x00000000c2200000,0x00000000c2dea868,0x00000000c4b80000)
 Metaspace       used 20644K, capacity 21138K, committed 21296K, reserved 1069056K
  class space    used 2472K, capacity 2586K, committed 2688K, reserved 1048576K
Event: 10.162 GC heap after
Heap after GC invocations=8 (full 0):
 PSYoungGen      total 71168K, used 7671K [0x00000000eb600000, 0x00000000f0300000, 0x0000000100000000)
  eden space 63488K, 0% used [0x00000000eb600000,0x00000000eb600000,0x00000000ef400000)
  from space 7680K, 99% used [0x00000000efb80000,0x00000000f02fde18,0x00000000f0300000)
  to   space 7680K, 0% used [0x00000000ef400000,0x00000000ef400000,0x00000000efb80000)
 ParOldGen       total 42496K, used 23046K [0x00000000c2200000, 0x00000000c4b80000, 0x00000000eb600000)
  object space 42496K, 54% used [0x00000000c2200000,0x00000000c3881980,0x00000000c4b80000)
 Metaspace       used 20644K, capacity 21138K, committed 21296K, reserved 1069056K
  class space    used 2472K, capacity 2586K, committed 2688K, reserved 1048576K
}
Event: 10.163 GC heap before
{Heap before GC invocations=9 (full 1):
 PSYoungGen      total 71168K, used 7671K [0x00000000eb600000, 0x00000000f0300000, 0x0000000100000000)
  eden space 63488K, 0% used [0x00000000eb600000,0x00000000eb600000,0x00000000ef400000)
  from space 7680K, 99% used [0x00000000efb80000,0x00000000f02fde18,0x00000000f0300000)
  to   space 7680K, 0% used [0x00000000ef400000,0x00000000ef400000,0x00000000efb80000)
 ParOldGen       total 42496K, used 23046K [0x00000000c2200000, 0x00000000c4b80000, 0x00000000eb600000)
  object space 42496K, 54% used [0x00000000c2200000,0x00000000c3881980,0x00000000c4b80000)
 Metaspace       used 20644K, capacity 21138K, committed 21296K, reserved 1069056K
  class space    used 2472K, capacity 2586K, committed 2688K, reserved 1048576K
Event: 10.851 GC heap after
Heap after GC invocations=9 (full 1):
 PSYoungGen      total 71168K, used 0K [0x00000000eb600000, 0x00000000f0300000, 0x0000000100000000)
  eden space 63488K, 0% used [0x00000000eb600000,0x00000000eb600000,0x00000000ef400000)
  from space 7680K, 0% used [0x00000000efb80000,0x00000000efb80000,0x00000000f0300000)
  to   space 7680K, 0% used [0x00000000ef400000,0x00000000ef400000,0x00000000efb80000)
 ParOldGen       total 53760K, used 22276K [0x00000000c2200000, 0x00000000c5680000, 0x00000000eb600000)
  object space 53760K, 41% used [0x00000000c2200000,0x00000000c37c1178,0x00000000c5680000)
 Metaspace       used 20644K, capacity 21138K, committed 21296K, reserved 1069056K
  class space    used 2472K, capacity 2586K, committed 2688K, reserved 1048576K
}
Event: 13.971 GC heap before
{Heap before GC invocations=10 (full 1):
 PSYoungGen      total 71168K, used 63488K [0x00000000eb600000, 0x00000000f0300000, 0x0000000100000000)
  eden space 63488K, 100% used [0x00000000eb600000,0x00000000ef400000,0x00000000ef400000)
  from space 7680K, 0% used [0x00000000efb80000,0x00000000efb80000,0x00000000f0300000)
  to   space 7680K, 0% used [0x00000000ef400000,0x00000000ef400000,0x00000000efb80000)
 ParOldGen       total 53760K, used 22276K [0x00000000c2200000, 0x00000000c5680000, 0x00000000eb600000)
  object space 53760K, 41% used [0x00000000c2200000,0x00000000c37c1178,0x00000000c5680000)
 Metaspace       used 22957K, capacity 23590K, committed 23936K, reserved 1071104K
  class space    used 2720K, capacity 2862K, committed 2944K, reserved 1048576K
Event: 13.980 GC heap after
Heap after GC invocations=10 (full 1):
 PSYoungGen      total 71168K, used 3783K [0x00000000eb600000, 0x00000000f2400000, 0x0000000100000000)
  eden space 63488K, 0% used [0x00000000eb600000,0x00000000eb600000,0x00000000ef400000)
  from space 7680K, 49% used [0x00000000ef400000,0x00000000ef7b1ee8,0x00000000efb80000)
  to   space 14848K, 0% used [0x00000000f1580000,0x00000000f1580000,0x00000000f2400000)
 ParOldGen       total 53760K, used 22284K [0x00000000c2200000, 0x00000000c5680000, 0x00000000eb600000)
  object space 53760K, 41% used [0x00000000c2200000,0x00000000c37c3178,0x00000000c5680000)
 Metaspace       used 22957K, capacity 23590K, committed 23936K, reserved 1071104K
  class space    used 2720K, capacity 2862K, committed 2944K, reserved 1048576K
}

Deoptimization events (10 events):
Event: 13.693 Thread 0x00000000022be800 Uncommon trap: reason=class_check action=maybe_recompile pc=0x000000000f6ddd30 method=java.util.Collections$UnmodifiableMap$UnmodifiableEntrySet$UnmodifiableEntry.getKey()Ljava/lang/Object; @ 4
Event: 13.693 Thread 0x00000000022be800 Uncommon trap: reason=class_check action=maybe_recompile pc=0x000000000f728fb0 method=java.util.Collections$UnmodifiableMap$UnmodifiableEntrySet$UnmodifiableEntry.getValue()Ljava/lang/Object; @ 4
Event: 13.693 Thread 0x00000000022be800 Uncommon trap: reason=class_check action=maybe_recompile pc=0x000000000f6c2c7c method=java.util.Collections$UnmodifiableMap$UnmodifiableEntrySet$1.hasNext()Z @ 4
Event: 13.694 Thread 0x00000000022be800 Uncommon trap: reason=class_check action=maybe_recompile pc=0x000000000f6ccc94 method=java.util.Collections$UnmodifiableMap$UnmodifiableEntrySet$1.next()Ljava/util/Map$Entry; @ 8
Event: 13.694 Thread 0x00000000022be800 Uncommon trap: reason=class_check action=maybe_recompile pc=0x000000000f6ddd30 method=java.util.Collections$UnmodifiableMap$UnmodifiableEntrySet$UnmodifiableEntry.getKey()Ljava/lang/Object; @ 4
Event: 13.694 Thread 0x00000000022be800 Uncommon trap: reason=class_check action=maybe_recompile pc=0x000000000f728fb0 method=java.util.Collections$UnmodifiableMap$UnmodifiableEntrySet$UnmodifiableEntry.getValue()Ljava/lang/Object; @ 4
Event: 13.962 Thread 0x00000000022be800 Uncommon trap: reason=class_check action=maybe_recompile pc=0x000000000f7b2fc0 method=java.util.regex.Pattern$Branch.match(Ljava/util/regex/Matcher;ILjava/lang/CharSequence;)Z @ 50
Event: 13.962 Thread 0x00000000022be800 Uncommon trap: reason=class_check action=maybe_recompile pc=0x000000000f7b2fc0 method=java.util.regex.Pattern$Branch.match(Ljava/util/regex/Matcher;ILjava/lang/CharSequence;)Z @ 50
Event: 13.962 Thread 0x00000000022be800 Uncommon trap: reason=class_check action=maybe_recompile pc=0x000000000f7b2fc0 method=java.util.regex.Pattern$Branch.match(Ljava/util/regex/Matcher;ILjava/lang/CharSequence;)Z @ 50
Event: 13.962 Thread 0x00000000022be800 Uncommon trap: reason=class_check action=maybe_recompile pc=0x000000000f7b2fc0 method=java.util.regex.Pattern$Branch.match(Ljava/util/regex/Matcher;ILjava/lang/CharSequence;)Z @ 50

Internal exceptions (10 events):
Event: 3.861 Thread 0x00000000022be800 Exception <a 'java/lang/NullPointerException'> (0x00000000ebf943d0) thrown at [C:\re\workspace\8-2-build-windows-amd64-cygwin\jdk8u131\8869\hotspot\src\share\vm\interpreter\linkResolver.cpp, line 1197]
Event: 3.861 Thread 0x00000000022be800 Exception <a 'java/lang/NullPointerException'> (0x00000000ebf945e8) thrown at [C:\re\workspace\8-2-build-windows-amd64-cygwin\jdk8u131\8869\hotspot\src\share\vm\interpreter\linkResolver.cpp, line 1197]
Event: 3.861 Thread 0x00000000022be800 Exception <a 'java/lang/NullPointerException'> (0x00000000ebf94800) thrown at [C:\re\workspace\8-2-build-windows-amd64-cygwin\jdk8u131\8869\hotspot\src\share\vm\interpreter\linkResolver.cpp, line 1197]
Event: 4.424 Thread 0x00000000022be800 Implicit null exception at 0x000000000f3c1805 to 0x000000000f3c19d1
Event: 4.424 Thread 0x00000000022be800 Implicit null exception at 0x000000000f37c0ef to 0x000000000f37c155
Event: 7.108 Thread 0x00000000022be800 Implicit null exception at 0x000000000f78b15f to 0x000000000f78b3a1
Event: 8.946 Thread 0x00000000022be800 Exception <a 'java/lang/ClassNotFoundException': com/sun/tools/javac/api/JavacTool> (0x00000000ebbbfba8) thrown at [C:\re\workspace\8-2-build-windows-amd64-cygwin\jdk8u131\8869\hotspot\src\share\vm\classfile\systemDictionary.cpp, line 210]
Event: 9.972 Thread 0x00000000022be800 Exception <a 'java/io/FileNotFoundException'> (0x00000000ed0475a8) thrown at [C:\re\workspace\8-2-build-windows-amd64-cygwin\jdk8u131\8869\hotspot\src\share\vm\prims\jni.cpp, line 709]
Event: 9.979 Thread 0x00000000022be800 Exception <a 'java/io/FileNotFoundException'> (0x00000000ed07bcd8) thrown at [C:\re\workspace\8-2-build-windows-amd64-cygwin\jdk8u131\8869\hotspot\src\share\vm\prims\jni.cpp, line 709]
Event: 12.754 Thread 0x00000000022be800 Implicit null exception at 0x000000000f2a237d to 0x000000000f2a2b51

Events (10 events):
Event: 13.996 Thread 0x000000000713d800 flushing nmethod 0x000000000f7dc210
Event: 13.997 Thread 0x000000000713d800 flushing nmethod 0x000000000f7f3990
Event: 13.997 Thread 0x000000000713d800 flushing nmethod 0x000000000f7f3e50
Event: 13.997 Thread 0x000000000713d800 flushing nmethod 0x000000000f80ca10
Event: 14.030 loading class com/sun/tools/javac/code/TypeTag$1
Event: 14.030 loading class com/sun/tools/javac/code/TypeTag$1 done
Event: 14.158 Thread 0x00000000022be800 DEOPT PACKING pc=0x000000000fa61eb0 sp=0x000000000242c660
Event: 14.158 Thread 0x00000000022be800 DEOPT UNPACKING pc=0x000000000f05787f sp=0x000000000242c4b0 mode 0
Event: 14.249 loading class lombok/launch/AnnotationProcessorHider$ClaimingProcessor
Event: 14.249 loading class lombok/launch/AnnotationProcessorHider$ClaimingProcessor done


Dynamic libraries:
0x000000013fbc0000 - 0x000000013fbf7000 	C:\Program Files\Java\jdk1.8.0_131\bin\java.exe
0x0000000077870000 - 0x0000000077a0f000 	C:\Windows\SYSTEM32\ntdll.dll
0x0000000077750000 - 0x000000007786f000 	C:\Windows\system32\kernel32.dll
0x000007fefdf80000 - 0x000007fefdfe7000 	C:\Windows\system32\KERNELBASE.dll
0x000007fefe2c0000 - 0x000007fefe39b000 	C:\Windows\system32\ADVAPI32.dll
0x000007fefe090000 - 0x000007fefe12f000 	C:\Windows\system32\msvcrt.dll
0x000007fefe3a0000 - 0x000007fefe3bf000 	C:\Windows\SYSTEM32\sechost.dll
0x000007feff5b0000 - 0x000007feff6dc000 	C:\Windows\system32\RPCRT4.dll
0x00000000773a0000 - 0x000000007749a000 	C:\Windows\system32\USER32.dll
0x000007feff6e0000 - 0x000007feff747000 	C:\Windows\system32\GDI32.dll
0x000007feff450000 - 0x000007feff45e000 	C:\Windows\system32\LPK.dll
0x000007feff330000 - 0x000007feff3fb000 	C:\Windows\system32\USP10.dll
0x000007fefd7c0000 - 0x000007fefd9b5000 	C:\Windows\WinSxS\amd64_microsoft.windows.common-controls_6595b64144ccf1df_6.0.7601.24483_none_e372d88f30fbb845\COMCTL32.dll
0x000007feffa00000 - 0x000007feffa71000 	C:\Windows\system32\SHLWAPI.dll
0x000007feff9b0000 - 0x000007feff9de000 	C:\Windows\system32\IMM32.DLL
0x000007fefe130000 - 0x000007fefe239000 	C:\Windows\system32\MSCTF.dll
0x000007fefdc80000 - 0x000007fefdcb2000 	C:\Windows\system32\nvinitx.dll
0x000000000f000000 - 0x000000000f006000 	C:\Program Files\NVIDIA Corporation\CoProcManager\detoured.dll
0x000007fefb210000 - 0x000007fefb243000 	C:\Program Files\NVIDIA Corporation\CoProcManager\nvd3d9wrapx.dll
0x000007fefe3c0000 - 0x000007fefe597000 	C:\Windows\system32\SETUPAPI.dll
0x000007fefe030000 - 0x000007fefe066000 	C:\Windows\system32\CFGMGR32.dll
0x000007feffa80000 - 0x000007feffb5b000 	C:\Windows\system32\OLEAUT32.dll
0x000007feff750000 - 0x000007feff94f000 	C:\Windows\system32\ole32.dll
0x000007fefe070000 - 0x000007fefe08a000 	C:\Windows\system32\DEVOBJ.dll
0x000007fefae70000 - 0x000007fefae93000 	C:\Program Files\NVIDIA Corporation\CoProcManager\nvdxgiwrapx.dll
0x00000000792f0000 - 0x00000000793c2000 	C:\Program Files\Java\jdk1.8.0_131\jre\bin\msvcr100.dll
0x000000006f630000 - 0x000000006fecc000 	C:\Program Files\Java\jdk1.8.0_131\jre\bin\server\jvm.dll
0x000007fef7280000 - 0x000007fef7289000 	C:\Windows\system32\WSOCK32.dll
0x000007feff400000 - 0x000007feff44d000 	C:\Windows\system32\WS2_32.dll
0x000007feff460000 - 0x000007feff468000 	C:\Windows\system32\NSI.dll
0x000007fefda10000 - 0x000007fefda4b000 	C:\Windows\system32\WINMM.dll
0x000007fefc8d0000 - 0x000007fefc8dc000 	C:\Windows\system32\VERSION.dll
0x0000000077a20000 - 0x0000000077a27000 	C:\Windows\system32\PSAPI.DLL
0x0000000063e20000 - 0x0000000063e2f000 	C:\Program Files\Java\jdk1.8.0_131\jre\bin\verify.dll
0x0000000063cc0000 - 0x0000000063ce9000 	C:\Program Files\Java\jdk1.8.0_131\jre\bin\java.dll
0x0000000063ca0000 - 0x0000000063cb6000 	C:\Program Files\Java\jdk1.8.0_131\jre\bin\zip.dll
0x000007fefe5a0000 - 0x000007feff32b000 	C:\Windows\system32\SHELL32.dll
0x000007fefdcc0000 - 0x000007fefdccf000 	C:\Windows\system32\profapi.dll
0x0000000061d20000 - 0x0000000061d3a000 	C:\Program Files\Java\jdk1.8.0_131\jre\bin\net.dll
0x000007fefd270000 - 0x000007fefd2c5000 	C:\Windows\system32\mswsock.dll
0x000007fefd260000 - 0x000007fefd267000 	C:\Windows\System32\wship6.dll
0x0000000070020000 - 0x0000000070031000 	C:\Program Files\Java\jdk1.8.0_131\jre\bin\nio.dll

VM Arguments:
jvm_args: -Dmaven.multiModuleProjectDirectory=C:\Users\dell\.ssh\workspace\muke\AUTOTEST\Chapter12 -Dmaven.wagon.http.ssl.insecure=true -Dmaven.wagon.http.ssl.allowall=true -Dmaven.home=D:\tools\apache-maven-3.3.1 -Dclassworlds.conf=D:\tools\apache-maven-3.3.1\bin\m2.conf -Dmaven.ext.class.path=D:\idea\IntelliJ IDEA 2020.2.4\plugins\maven\lib\maven-event-listener.jar -Dfile.encoding=UTF-8 
java_command: org.codehaus.classworlds.Launcher -Didea.version=2020.2.4 -s D:\tools\apache-maven-3.3.1\conf\settings.xml -Dmaven.repo.local=C:\Users\dell\.m2\repository -DskipTests=true install
java_class_path (initial): D:\tools\apache-maven-3.3.1\boot\plexus-classworlds-2.5.2.jar
Launcher Type: SUN_STANDARD

Environment Variables:
JAVA_HOME=C:\Program Files\Java\jdk1.8.0_131
CLASSPATH=.;C:\Program Files\Java\jdk1.8.0_131\lib;C:\Program Files\Java\jdk1.8.0_131\lib\dt.jar;C:\Program Files\Java\jdk1.8.0_131\lib\tools.jar;D:\tools\apache-jmeter-3.1\lib\ext\ApacheJMeter_core.jar;D:\tools\apache-jmeter-3.1\lib\jorphan.jar;
PATH=D:\tools\apache-jmeter-3.1\bin;D:\tools\apache-maven-3.3.1\bin;D:\xshell\;C:\ProgramData\Oracle\Java\javapath;C:\Windows\system32;C:\Windows;C:\Windows\System32\Wbem;C:\Windows\System32\WindowsPowerShell\v1.0\;C:\Program Files\Java\jdk1.8.0_131\bin;C:\Program Files\Java\jdk1.8.0_131\jre\bin;D:\tools\Git\cmd
USERNAME=dell
OS=Windows_NT
PROCESSOR_IDENTIFIER=Intel64 Family 6 Model 58 Stepping 9, GenuineIntel



---------------  S Y S T E M  ---------------

OS: Windows 7 , 64 bit Build 7601 (6.1.7601.24499)

CPU:total 4 (initial active 4) (2 cores per cpu, 2 threads per core) family 6 model 58 stepping 9, cmov, cx8, fxsr, mmx, sse, sse2, sse3, ssse3, sse4.1, sse4.2, popcnt, avx, aes, clmul, erms, ht, tsc, tscinvbit, tscinv

Memory: 4k page, physical 4051156k(44756k free), swap 16202724k(6016k free)

vm_info: Java HotSpot(TM) 64-Bit Server VM (25.131-b11) for windows-amd64 JRE (1.8.0_131-b11), built on Mar 15 2017 01:23:53 by "java_re" with MS VC++ 10.0 (VS2010)

time: Thu Nov 24 16:15:38 2022
elapsed time: 14 seconds (0d 0h 0m 14s)

