#
# There is insufficient memory for the Java Runtime Environment to continue.
# Native memory allocation (malloc) failed to allocate 742896 bytes for Chunk::new
# Possible reasons:
#   The system is out of physical RAM or swap space
#   In 32 bit mode, the process size limit was hit
# Possible solutions:
#   Reduce memory load on the system
#   Increase physical memory or swap space
#   Check if swap backing store is full
#   Use 64 bit Java on a 64 bit OS
#   Decrease Java heap size (-Xmx/-Xms)
#   Decrease number of Java threads
#   Decrease Java thread stack sizes (-Xss)
#   Set larger code cache with -XX:ReservedCodeCacheSize=
# This output file may be truncated or incomplete.
#
#  Out of Memory Error (allocation.cpp:390), pid=22036, tid=0x000000000000482c
#
# JRE version: Java(TM) SE Runtime Environment (8.0_131-b11) (build 1.8.0_131-b11)
# Java VM: Java HotSpot(TM) 64-Bit Server VM (25.131-b11 mixed mode windows-amd64 compressed oops)
# Failed to write core dump. Minidumps are not enabled by default on client versions of Windows
#

---------------  T H R E A D  ---------------

Current thread (0x0000000007030000):  JavaThread "C2 CompilerThread1" daemon [_thread_in_native, id=18476, stack(0x0000000007a20000,0x0000000007b20000)]

Stack: [0x0000000007a20000,0x0000000007b20000]
[error occurred during error reporting (printing stack bounds), id 0xc0000005]

Native frames: (J=compiled Java code, j=interpreted, Vv=VM code, C=native code)


Current CompileTask:
C2:   7655 3155   !   4       java.net.URLClassLoader$1::run (63 bytes)


---------------  P R O C E S S  ---------------

Java Threads: ( => current thread )
  0x0000000007092000 JavaThread "Service Thread" daemon [_thread_blocked, id=21916, stack(0x0000000007d20000,0x0000000007e20000)]
  0x0000000007041000 JavaThread "C1 CompilerThread2" daemon [_thread_blocked, id=20700, stack(0x0000000007b80000,0x0000000007c80000)]
=>0x0000000007030000 JavaThread "C2 CompilerThread1" daemon [_thread_in_native, id=18476, stack(0x0000000007a20000,0x0000000007b20000)]
  0x000000000702e000 JavaThread "C2 CompilerThread0" daemon [_thread_blocked, id=20520, stack(0x0000000007890000,0x0000000007990000)]
  0x000000000701a800 JavaThread "Attach Listener" daemon [_thread_blocked, id=23584, stack(0x0000000007710000,0x0000000007810000)]
  0x0000000005ac9000 JavaThread "Signal Dispatcher" daemon [_thread_blocked, id=7052, stack(0x0000000007560000,0x0000000007660000)]
  0x0000000005aaa000 JavaThread "Finalizer" daemon [_thread_blocked, id=23468, stack(0x0000000006f10000,0x0000000007010000)]
  0x0000000005a62000 JavaThread "Reference Handler" daemon [_thread_blocked, id=11420, stack(0x0000000006d90000,0x0000000006e90000)]
  0x000000000210e800 JavaThread "main" [_thread_in_native, id=22828, stack(0x0000000002340000,0x0000000002440000)]

Other Threads:
  0x0000000005a5a800 VMThread [stack: 0x0000000006ba0000,0x0000000006ca0000] [id=22056]
  0x00000000070f8000 WatcherThread [stack: 0x0000000007ef0000,0x0000000007ff0000] [id=23828]

VM state:not at safepoint (normal execution)

VM Mutex/Monitor currently owned by a thread: None

Heap:
 PSYoungGen      total 71168K, used 16478K [0x00000000eb600000, 0x00000000f0300000, 0x0000000100000000)
  eden space 63488K, 13% used [0x00000000eb600000,0x00000000ebe9ba38,0x00000000ef400000)
  from space 7680K, 99% used [0x00000000ef400000,0x00000000efb7c010,0x00000000efb80000)
  to   space 7680K, 0% used [0x00000000efb80000,0x00000000efb80000,0x00000000f0300000)
 ParOldGen       total 42496K, used 12305K [0x00000000c2200000, 0x00000000c4b80000, 0x00000000eb600000)
  object space 42496K, 28% used [0x00000000c2200000,0x00000000c2e04690,0x00000000c4b80000)
 Metaspace       used 17342K, capacity 17842K, committed 18048K, reserved 1067008K
  class space    used 2048K, capacity 2170K, committed 2176K, reserved 1048576K

Card table byte_map: [0x0000000002800000,0x00000000029f0000] byte_map_base: 0x00000000021ef000

Marking Bits: (ParMarkBitMap*) 0x000000007081c720
 Begin Bits: [0x0000000002ff0000, 0x0000000003f68000)
 End Bits:   [0x0000000003f68000, 0x0000000004ee0000)

Polling page: 0x0000000000240000

CodeCache: size=245760Kb used=11195Kb max_used=11204Kb free=234564Kb
 bounds [0x000000000f010000, 0x000000000fb10000, 0x000000001e010000]
 total_blobs=3471 nmethods=3124 adapters=259
 compilation: enabled

Compilation events (10 events):
Event: 7.592 Thread 0x0000000007041000 3156       3       java.lang.ClassLoader::loadClass (7 bytes)
Event: 7.592 Thread 0x0000000007041000 nmethod 3156 0x000000000f16c3d0 code [0x000000000f16c540, 0x000000000f16c748]
Event: 7.592 Thread 0x000000000702e000 3157       4       java.lang.ref.Finalizer::register (10 bytes)
Event: 7.596 Thread 0x000000000702e000 nmethod 3157 0x000000000fb02d10 code [0x000000000fb02e80, 0x000000000fb031f8]
Event: 7.596 Thread 0x000000000702e000 3158   !   4       java.lang.ref.Finalizer::add (41 bytes)
Event: 7.598 Thread 0x000000000702e000 nmethod 3158 0x000000000fafb4d0 code [0x000000000fafb620, 0x000000000fafb898]
Event: 7.599 Thread 0x0000000007041000 3159       3       java.lang.Enum::<init> (15 bytes)
Event: 7.599 Thread 0x0000000007041000 nmethod 3159 0x000000000fad9b10 code [0x000000000fad9c60, 0x000000000fad9e30]
Event: 7.627 Thread 0x0000000007041000 3160       3       java.lang.Package::<init> (56 bytes)
Event: 7.628 Thread 0x0000000007041000 nmethod 3160 0x000000000fb02890 code [0x000000000fb029e0, 0x000000000fb02c50]

GC Heap History (10 events):
Event: 2.564 GC heap before
{Heap before GC invocations=3 (full 0):
 PSYoungGen      total 18432K, used 18412K [0x00000000eb600000, 0x00000000eda00000, 0x0000000100000000)
  eden space 15872K, 100% used [0x00000000eb600000,0x00000000ec580000,0x00000000ec580000)
  from space 2560K, 99% used [0x00000000ec800000,0x00000000eca7b0f8,0x00000000eca80000)
  to   space 2560K, 0% used [0x00000000ec580000,0x00000000ec580000,0x00000000ec800000)
 ParOldGen       total 42496K, used 1515K [0x00000000c2200000, 0x00000000c4b80000, 0x00000000eb600000)
  object space 42496K, 3% used [0x00000000c2200000,0x00000000c237af28,0x00000000c4b80000)
 Metaspace       used 10101K, capacity 10356K, committed 10624K, reserved 1058816K
  class space    used 1248K, capacity 1321K, committed 1408K, reserved 1048576K
Event: 2.574 GC heap after
Heap after GC invocations=3 (full 0):
 PSYoungGen      total 18432K, used 2552K [0x00000000eb600000, 0x00000000eda00000, 0x0000000100000000)
  eden space 15872K, 0% used [0x00000000eb600000,0x00000000eb600000,0x00000000ec580000)
  from space 2560K, 99% used [0x00000000ec580000,0x00000000ec7fe030,0x00000000ec800000)
  to   space 2560K, 0% used [0x00000000ed780000,0x00000000ed780000,0x00000000eda00000)
 ParOldGen       total 42496K, used 3878K [0x00000000c2200000, 0x00000000c4b80000, 0x00000000eb600000)
  object space 42496K, 9% used [0x00000000c2200000,0x00000000c25c9b18,0x00000000c4b80000)
 Metaspace       used 10101K, capacity 10356K, committed 10624K, reserved 1058816K
  class space    used 1248K, capacity 1321K, committed 1408K, reserved 1048576K
}
Event: 3.116 GC heap before
{Heap before GC invocations=4 (full 0):
 PSYoungGen      total 18432K, used 18424K [0x00000000eb600000, 0x00000000eda00000, 0x0000000100000000)
  eden space 15872K, 100% used [0x00000000eb600000,0x00000000ec580000,0x00000000ec580000)
  from space 2560K, 99% used [0x00000000ec580000,0x00000000ec7fe030,0x00000000ec800000)
  to   space 2560K, 0% used [0x00000000ed780000,0x00000000ed780000,0x00000000eda00000)
 ParOldGen       total 42496K, used 3878K [0x00000000c2200000, 0x00000000c4b80000, 0x00000000eb600000)
  object space 42496K, 9% used [0x00000000c2200000,0x00000000c25c9b18,0x00000000c4b80000)
 Metaspace       used 11963K, capacity 12196K, committed 12416K, reserved 1060864K
  class space    used 1517K, capacity 1611K, committed 1664K, reserved 1048576K
Event: 3.156 GC heap after
Heap after GC invocations=4 (full 0):
 PSYoungGen      total 34304K, used 2536K [0x00000000eb600000, 0x00000000eda00000, 0x0000000100000000)
  eden space 31744K, 0% used [0x00000000eb600000,0x00000000eb600000,0x00000000ed500000)
  from space 2560K, 99% used [0x00000000ed780000,0x00000000ed9fa040,0x00000000eda00000)
  to   space 2560K, 0% used [0x00000000ed500000,0x00000000ed500000,0x00000000ed780000)
 ParOldGen       total 42496K, used 6606K [0x00000000c2200000, 0x00000000c4b80000, 0x00000000eb600000)
  object space 42496K, 15% used [0x00000000c2200000,0x00000000c2873900,0x00000000c4b80000)
 Metaspace       used 11963K, capacity 12196K, committed 12416K, reserved 1060864K
  class space    used 1517K, capacity 1611K, committed 1664K, reserved 1048576K
}
Event: 4.885 GC heap before
{Heap before GC invocations=5 (full 0):
 PSYoungGen      total 34304K, used 34280K [0x00000000eb600000, 0x00000000eda00000, 0x0000000100000000)
  eden space 31744K, 100% used [0x00000000eb600000,0x00000000ed500000,0x00000000ed500000)
  from space 2560K, 99% used [0x00000000ed780000,0x00000000ed9fa040,0x00000000eda00000)
  to   space 2560K, 0% used [0x00000000ed500000,0x00000000ed500000,0x00000000ed780000)
 ParOldGen       total 42496K, used 6606K [0x00000000c2200000, 0x00000000c4b80000, 0x00000000eb600000)
  object space 42496K, 15% used [0x00000000c2200000,0x00000000c2873900,0x00000000c4b80000)
 Metaspace       used 14687K, capacity 14908K, committed 15232K, reserved 1062912K
  class space    used 1796K, capacity 1881K, committed 1920K, reserved 1048576K
Event: 4.897 GC heap after
Heap after GC invocations=5 (full 0):
 PSYoungGen      total 34304K, used 2552K [0x00000000eb600000, 0x00000000f0300000, 0x0000000100000000)
  eden space 31744K, 0% used [0x00000000eb600000,0x00000000eb600000,0x00000000ed500000)
  from space 2560K, 99% used [0x00000000ed500000,0x00000000ed77e010,0x00000000ed780000)
  to   space 7680K, 0% used [0x00000000efb80000,0x00000000efb80000,0x00000000f0300000)
 ParOldGen       total 42496K, used 10417K [0x00000000c2200000, 0x00000000c4b80000, 0x00000000eb600000)
  object space 42496K, 24% used [0x00000000c2200000,0x00000000c2c2c5f8,0x00000000c4b80000)
 Metaspace       used 14687K, capacity 14908K, committed 15232K, reserved 1062912K
  class space    used 1796K, capacity 1881K, committed 1920K, reserved 1048576K
}
Event: 5.733 GC heap before
{Heap before GC invocations=6 (full 0):
 PSYoungGen      total 34304K, used 34296K [0x00000000eb600000, 0x00000000f0300000, 0x0000000100000000)
  eden space 31744K, 100% used [0x00000000eb600000,0x00000000ed500000,0x00000000ed500000)
  from space 2560K, 99% used [0x00000000ed500000,0x00000000ed77e010,0x00000000ed780000)
  to   space 7680K, 0% used [0x00000000efb80000,0x00000000efb80000,0x00000000f0300000)
 ParOldGen       total 42496K, used 10417K [0x00000000c2200000, 0x00000000c4b80000, 0x00000000eb600000)
  object space 42496K, 24% used [0x00000000c2200000,0x00000000c2c2c5f8,0x00000000c4b80000)
 Metaspace       used 14851K, capacity 15118K, committed 15232K, reserved 1062912K
  class space    used 1799K, capacity 1884K, committed 1920K, reserved 1048576K
Event: 5.770 GC heap after
Heap after GC invocations=6 (full 0):
 PSYoungGen      total 71168K, used 5576K [0x00000000eb600000, 0x00000000f0300000, 0x0000000100000000)
  eden space 63488K, 0% used [0x00000000eb600000,0x00000000eb600000,0x00000000ef400000)
  from space 7680K, 72% used [0x00000000efb80000,0x00000000f00f2020,0x00000000f0300000)
  to   space 7680K, 0% used [0x00000000ef400000,0x00000000ef400000,0x00000000efb80000)
 ParOldGen       total 42496K, used 10425K [0x00000000c2200000, 0x00000000c4b80000, 0x00000000eb600000)
  object space 42496K, 24% used [0x00000000c2200000,0x00000000c2c2e5f8,0x00000000c4b80000)
 Metaspace       used 14851K, capacity 15118K, committed 15232K, reserved 1062912K
  class space    used 1799K, capacity 1884K, committed 1920K, reserved 1048576K
}
Event: 7.300 GC heap before
{Heap before GC invocations=7 (full 0):
 PSYoungGen      total 71168K, used 69064K [0x00000000eb600000, 0x00000000f0300000, 0x0000000100000000)
  eden space 63488K, 100% used [0x00000000eb600000,0x00000000ef400000,0x00000000ef400000)
  from space 7680K, 72% used [0x00000000efb80000,0x00000000f00f2020,0x00000000f0300000)
  to   space 7680K, 0% used [0x00000000ef400000,0x00000000ef400000,0x00000000efb80000)
 ParOldGen       total 42496K, used 10425K [0x00000000c2200000, 0x00000000c4b80000, 0x00000000eb600000)
  object space 42496K, 24% used [0x00000000c2200000,0x00000000c2c2e5f8,0x00000000c4b80000)
 Metaspace       used 16138K, capacity 16622K, committed 16896K, reserved 1064960K
  class space    used 1898K, capacity 1994K, committed 2048K, reserved 1048576K
Event: 7.332 GC heap after
Heap after GC invocations=7 (full 0):
 PSYoungGen      total 71168K, used 7664K [0x00000000eb600000, 0x00000000f0300000, 0x0000000100000000)
  eden space 63488K, 0% used [0x00000000eb600000,0x00000000eb600000,0x00000000ef400000)
  from space 7680K, 99% used [0x00000000ef400000,0x00000000efb7c010,0x00000000efb80000)
  to   space 7680K, 0% used [0x00000000efb80000,0x00000000efb80000,0x00000000f0300000)
 ParOldGen       total 42496K, used 12305K [0x00000000c2200000, 0x00000000c4b80000, 0x00000000eb600000)
  object space 42496K, 28% used [0x00000000c2200000,0x00000000c2e04690,0x00000000c4b80000)
 Metaspace       used 16138K, capacity 16622K, committed 16896K, reserved 1064960K
  class space    used 1898K, capacity 1994K, committed 2048K, reserved 1048576K
}

Deoptimization events (10 events):
Event: 6.092 Thread 0x000000000210e800 Uncommon trap: reason=unstable_if action=reinterpret pc=0x000000000f770734 method=java.util.HashMap.getNode(ILjava/lang/Object;)Ljava/util/HashMap$Node; @ 53
Event: 6.092 Thread 0x000000000210e800 Uncommon trap: reason=unstable_if action=reinterpret pc=0x000000000f38b0ec method=java.util.HashMap.getNode(ILjava/lang/Object;)Ljava/util/HashMap$Node; @ 53
Event: 6.216 Thread 0x000000000210e800 Uncommon trap: reason=unstable_if action=reinterpret pc=0x000000000f880408 method=java.util.regex.ASCII.isType(II)Z @ 6
Event: 6.242 Thread 0x000000000210e800 Uncommon trap: reason=unstable_if action=reinterpret pc=0x000000000f645b0c method=java.util.LinkedHashMap.afterNodeInsertion(Z)V @ 18
Event: 6.605 Thread 0x000000000210e800 Uncommon trap: reason=bimorphic action=maybe_recompile pc=0x000000000f94a6e8 method=java.util.AbstractCollection.toArray()[Ljava/lang/Object; @ 1
Event: 6.706 Thread 0x000000000210e800 Uncommon trap: reason=bimorphic action=maybe_recompile pc=0x000000000f94a6e8 method=java.util.AbstractCollection.toArray()[Ljava/lang/Object; @ 1
Event: 6.710 Thread 0x000000000210e800 Uncommon trap: reason=bimorphic action=maybe_recompile pc=0x000000000f94a6e8 method=java.util.AbstractCollection.toArray()[Ljava/lang/Object; @ 1
Event: 6.711 Thread 0x000000000210e800 Uncommon trap: reason=bimorphic action=maybe_recompile pc=0x000000000f94a6e8 method=java.util.AbstractCollection.toArray()[Ljava/lang/Object; @ 1
Event: 6.757 Thread 0x000000000210e800 Uncommon trap: reason=unstable_if action=reinterpret pc=0x000000000f7648b0 method=java.util.ArrayList.remove(Ljava/lang/Object;)Z @ 46
Event: 7.567 Thread 0x000000000210e800 Uncommon trap: reason=predicate action=maybe_recompile pc=0x000000000f6cc8e0 method=sun.misc.Resource.getBytes()[B @ 53

Internal exceptions (10 events):
Event: 3.659 Thread 0x000000000210e800 Exception <a 'java/lang/NullPointerException'> (0x00000000ebfe04a8) thrown at [C:\re\workspace\8-2-build-windows-amd64-cygwin\jdk8u131\8869\hotspot\src\share\vm\interpreter\linkResolver.cpp, line 1197]
Event: 3.659 Thread 0x000000000210e800 Exception <a 'java/lang/NullPointerException'> (0x00000000ebfe06c0) thrown at [C:\re\workspace\8-2-build-windows-amd64-cygwin\jdk8u131\8869\hotspot\src\share\vm\interpreter\linkResolver.cpp, line 1197]
Event: 3.659 Thread 0x000000000210e800 Exception <a 'java/lang/NullPointerException'> (0x00000000ebfe08d8) thrown at [C:\re\workspace\8-2-build-windows-amd64-cygwin\jdk8u131\8869\hotspot\src\share\vm\interpreter\linkResolver.cpp, line 1197]
Event: 3.662 Thread 0x000000000210e800 Exception <a 'java/lang/NullPointerException'> (0x00000000ebff0120) thrown at [C:\re\workspace\8-2-build-windows-amd64-cygwin\jdk8u131\8869\hotspot\src\share\vm\interpreter\linkResolver.cpp, line 1197]
Event: 3.662 Thread 0x000000000210e800 Exception <a 'java/lang/NullPointerException'> (0x00000000ebff0338) thrown at [C:\re\workspace\8-2-build-windows-amd64-cygwin\jdk8u131\8869\hotspot\src\share\vm\interpreter\linkResolver.cpp, line 1197]
Event: 3.662 Thread 0x000000000210e800 Exception <a 'java/lang/NullPointerException'> (0x00000000ebff0550) thrown at [C:\re\workspace\8-2-build-windows-amd64-cygwin\jdk8u131\8869\hotspot\src\share\vm\interpreter\linkResolver.cpp, line 1197]
Event: 4.112 Thread 0x000000000210e800 Implicit null exception at 0x000000000f3a1245 to 0x000000000f3a1411
Event: 4.112 Thread 0x000000000210e800 Implicit null exception at 0x000000000f2cc56f to 0x000000000f2cc5d5
Event: 4.513 Thread 0x000000000210e800 Implicit null exception at 0x000000000f616ecb to 0x000000000f6172f5
Event: 7.557 Thread 0x000000000210e800 Exception <a 'java/lang/ClassNotFoundException': com/sun/tools/javac/api/JavacTool> (0x00000000ebbd19d8) thrown at [C:\re\workspace\8-2-build-windows-amd64-cygwin\jdk8u131\8869\hotspot\src\share\vm\classfile\systemDictionary.cpp, line 210]

Events (10 events):
Event: 7.649 loading class com/sun/tools/javac/util/ListBuffer
Event: 7.649 loading class com/sun/tools/javac/util/ListBuffer done
Event: 7.650 loading class com/sun/tools/javac/file/RegularFileObject
Event: 7.650 loading class com/sun/tools/javac/file/RegularFileObject done
Event: 7.650 loading class com/sun/tools/javac/file/BaseFileObject
Event: 7.650 loading class com/sun/tools/javac/file/BaseFileObject done
Event: 7.651 loading class com/sun/tools/javac/file/BaseFileObject$CannotCreateUriError
Event: 7.651 loading class com/sun/tools/javac/file/BaseFileObject$CannotCreateUriError done
Event: 7.652 loading class com/sun/tools/javac/api/ClientCodeWrapper
Event: 7.652 loading class com/sun/tools/javac/api/ClientCodeWrapper done


Dynamic libraries:
0x000000013fa30000 - 0x000000013fa67000 	C:\Program Files\Java\jdk1.8.0_131\bin\java.exe
0x0000000077870000 - 0x0000000077a0f000 	C:\Windows\SYSTEM32\ntdll.dll
0x0000000077750000 - 0x000000007786f000 	C:\Windows\system32\kernel32.dll
0x000007fefdf80000 - 0x000007fefdfe7000 	C:\Windows\system32\KERNELBASE.dll
0x000007fefe2c0000 - 0x000007fefe39b000 	C:\Windows\system32\ADVAPI32.dll
0x000007fefe090000 - 0x000007fefe12f000 	C:\Windows\system32\msvcrt.dll
0x000007fefe3a0000 - 0x000007fefe3bf000 	C:\Windows\SYSTEM32\sechost.dll
0x000007feff5b0000 - 0x000007feff6dc000 	C:\Windows\system32\RPCRT4.dll
0x00000000773a0000 - 0x000000007749a000 	C:\Windows\system32\USER32.dll
0x000007feff6e0000 - 0x000007feff747000 	C:\Windows\system32\GDI32.dll
0x000007feff450000 - 0x000007feff45e000 	C:\Windows\system32\LPK.dll
0x000007feff330000 - 0x000007feff3fb000 	C:\Windows\system32\USP10.dll
0x000007fefd7c0000 - 0x000007fefd9b5000 	C:\Windows\WinSxS\amd64_microsoft.windows.common-controls_6595b64144ccf1df_6.0.7601.24483_none_e372d88f30fbb845\COMCTL32.dll
0x000007feffa00000 - 0x000007feffa71000 	C:\Windows\system32\SHLWAPI.dll
0x000007feff9b0000 - 0x000007feff9de000 	C:\Windows\system32\IMM32.DLL
0x000007fefe130000 - 0x000007fefe239000 	C:\Windows\system32\MSCTF.dll
0x000007fefdc80000 - 0x000007fefdcb2000 	C:\Windows\system32\nvinitx.dll
0x000000000f000000 - 0x000000000f006000 	C:\Program Files\NVIDIA Corporation\CoProcManager\detoured.dll
0x000007fefb210000 - 0x000007fefb243000 	C:\Program Files\NVIDIA Corporation\CoProcManager\nvd3d9wrapx.dll
0x000007fefe3c0000 - 0x000007fefe597000 	C:\Windows\system32\SETUPAPI.dll
0x000007fefe030000 - 0x000007fefe066000 	C:\Windows\system32\CFGMGR32.dll
0x000007feffa80000 - 0x000007feffb5b000 	C:\Windows\system32\OLEAUT32.dll
0x000007feff750000 - 0x000007feff94f000 	C:\Windows\system32\ole32.dll
0x000007fefe070000 - 0x000007fefe08a000 	C:\Windows\system32\DEVOBJ.dll
0x000007fefae70000 - 0x000007fefae93000 	C:\Program Files\NVIDIA Corporation\CoProcManager\nvdxgiwrapx.dll
0x0000000079000000 - 0x00000000790d2000 	C:\Program Files\Java\jdk1.8.0_131\jre\bin\msvcr100.dll
0x0000000070000000 - 0x000000007089c000 	C:\Program Files\Java\jdk1.8.0_131\jre\bin\server\jvm.dll
0x000007fef7280000 - 0x000007fef7289000 	C:\Windows\system32\WSOCK32.dll
0x000007feff400000 - 0x000007feff44d000 	C:\Windows\system32\WS2_32.dll
0x000007feff460000 - 0x000007feff468000 	C:\Windows\system32\NSI.dll
0x000007fefda10000 - 0x000007fefda4b000 	C:\Windows\system32\WINMM.dll
0x000007fefc8d0000 - 0x000007fefc8dc000 	C:\Windows\system32\VERSION.dll
0x0000000077a20000 - 0x0000000077a27000 	C:\Windows\system32\PSAPI.DLL
0x0000000000230000 - 0x000000000023f000 	C:\Program Files\Java\jdk1.8.0_131\jre\bin\verify.dll
0x000000006cf70000 - 0x000000006cf99000 	C:\Program Files\Java\jdk1.8.0_131\jre\bin\java.dll
0x00000000708d0000 - 0x00000000708e6000 	C:\Program Files\Java\jdk1.8.0_131\jre\bin\zip.dll
0x000007fefe5a0000 - 0x000007feff32b000 	C:\Windows\system32\SHELL32.dll
0x000007fefdcc0000 - 0x000007fefdccf000 	C:\Windows\system32\profapi.dll
0x000000006f610000 - 0x000000006f62a000 	C:\Program Files\Java\jdk1.8.0_131\jre\bin\net.dll
0x000007fefd270000 - 0x000007fefd2c5000 	C:\Windows\system32\mswsock.dll
0x000007fefd260000 - 0x000007fefd267000 	C:\Windows\System32\wship6.dll
0x0000000002110000 - 0x0000000002121000 	C:\Program Files\Java\jdk1.8.0_131\jre\bin\nio.dll

VM Arguments:
jvm_args: -Dmaven.multiModuleProjectDirectory=C:\Users\dell\.ssh\workspace\muke\AUTOTEST\Chapter12 -Dmaven.wagon.http.ssl.insecure=true -Dmaven.wagon.http.ssl.allowall=true -Dmaven.home=D:\tools\apache-maven-3.3.1 -Dclassworlds.conf=D:\tools\apache-maven-3.3.1\bin\m2.conf -Dmaven.ext.class.path=D:\idea\IntelliJ IDEA 2020.2.4\plugins\maven\lib\maven-event-listener.jar -Dfile.encoding=UTF-8 
java_command: org.codehaus.classworlds.Launcher -Didea.version=2020.2.4 -s D:\tools\apache-maven-3.3.1\conf\settings.xml -Dmaven.repo.local=C:\Users\dell\.m2\repository -DskipTests=true install
java_class_path (initial): D:\tools\apache-maven-3.3.1\boot\plexus-classworlds-2.5.2.jar
Launcher Type: SUN_STANDARD

Environment Variables:
JAVA_HOME=C:\Program Files\Java\jdk1.8.0_131
CLASSPATH=.;C:\Program Files\Java\jdk1.8.0_131\lib;C:\Program Files\Java\jdk1.8.0_131\lib\dt.jar;C:\Program Files\Java\jdk1.8.0_131\lib\tools.jar;D:\tools\apache-jmeter-3.1\lib\ext\ApacheJMeter_core.jar;D:\tools\apache-jmeter-3.1\lib\jorphan.jar;
PATH=D:\tools\apache-jmeter-3.1\bin;D:\tools\apache-maven-3.3.1\bin;D:\xshell\;C:\ProgramData\Oracle\Java\javapath;C:\Windows\system32;C:\Windows;C:\Windows\System32\Wbem;C:\Windows\System32\WindowsPowerShell\v1.0\;C:\Program Files\Java\jdk1.8.0_131\bin;C:\Program Files\Java\jdk1.8.0_131\jre\bin;D:\tools\Git\cmd
USERNAME=dell
OS=Windows_NT
PROCESSOR_IDENTIFIER=Intel64 Family 6 Model 58 Stepping 9, GenuineIntel



---------------  S Y S T E M  ---------------

OS: Windows 7 , 64 bit Build 7601 (6.1.7601.24499)

CPU:total 4 (initial active 4) (2 cores per cpu, 2 threads per core) family 6 model 58 stepping 9, cmov, cx8, fxsr, mmx, sse, sse2, sse3, ssse3, sse4.1, sse4.2, popcnt, avx, aes, clmul, erms, ht, tsc, tscinvbit, tscinv

Memory: 4k page, physical 4051156k(160348k free), swap 16202724k(5028k free)

vm_info: Java HotSpot(TM) 64-Bit Server VM (25.131-b11) for windows-amd64 JRE (1.8.0_131-b11), built on Mar 15 2017 01:23:53 by "java_re" with MS VC++ 10.0 (VS2010)

time: Fri Nov 25 20:40:32 2022
elapsed time: 7 seconds (0d 0h 0m 7s)

