#
# There is insufficient memory for the Java Runtime Environment to continue.
# Native memory allocation (malloc) failed to allocate 32744 bytes for ChunkPool::allocate
# Possible reasons:
#   The system is out of physical RAM or swap space
#   In 32 bit mode, the process size limit was hit
# Possible solutions:
#   Reduce memory load on the system
#   Increase physical memory or swap space
#   Check if swap backing store is full
#   Use 64 bit Java on a 64 bit OS
#   Decrease Java heap size (-Xmx/-Xms)
#   Decrease number of Java threads
#   Decrease Java thread stack sizes (-Xss)
#   Set larger code cache with -XX:ReservedCodeCacheSize=
# This output file may be truncated or incomplete.
#
#  Out of Memory Error (allocation.cpp:273), pid=15896, tid=0x00000000000044a8
#
# JRE version: Java(TM) SE Runtime Environment (8.0_131-b11) (build 1.8.0_131-b11)
# Java VM: Java HotSpot(TM) 64-Bit Server VM (25.131-b11 mixed mode windows-amd64 compressed oops)
# Failed to write core dump. Minidumps are not enabled by default on client versions of Windows
#

---------------  T H R E A D  ---------------

Current thread (0x0000000007880000):  JavaThread "C2 CompilerThread0" daemon [_thread_in_native, id=17576, stack(0x0000000007ea0000,0x0000000007fa0000)]

Stack: [0x0000000007ea0000,0x0000000007fa0000]
[error occurred during error reporting (printing stack bounds), id 0xc0000005]

Native frames: (J=compiled Java code, j=interpreted, Vv=VM code, C=native code)


Current CompileTask:
C2:   8171 3147       4       java.net.URLClassLoader$1::run (5 bytes)


---------------  P R O C E S S  ---------------

Java Threads: ( => current thread )
  0x00000000078d6800 JavaThread "Service Thread" daemon [_thread_blocked, id=13712, stack(0x0000000008510000,0x0000000008610000)]
  0x0000000007883800 JavaThread "C1 CompilerThread2" daemon [_thread_blocked, id=16468, stack(0x0000000008350000,0x0000000008450000)]
  0x0000000007882000 JavaThread "C2 CompilerThread1" daemon [_thread_in_native, id=7972, stack(0x00000000080b0000,0x00000000081b0000)]
=>0x0000000007880000 JavaThread "C2 CompilerThread0" daemon [_thread_in_native, id=17576, stack(0x0000000007ea0000,0x0000000007fa0000)]
  0x00000000063de000 JavaThread "Attach Listener" daemon [_thread_blocked, id=1336, stack(0x0000000007d70000,0x0000000007e70000)]
  0x00000000063cf000 JavaThread "Signal Dispatcher" daemon [_thread_blocked, id=13596, stack(0x00000000075b0000,0x00000000076b0000)]
  0x00000000063ba000 JavaThread "Finalizer" daemon [_thread_blocked, id=13384, stack(0x0000000007760000,0x0000000007860000)]
  0x0000000006372000 JavaThread "Reference Handler" daemon [_thread_blocked, id=16228, stack(0x0000000007470000,0x0000000007570000)]
  0x00000000020de800 JavaThread "main" [_thread_in_vm, id=18348, stack(0x0000000002b70000,0x0000000002c70000)]

Other Threads:
  0x000000000636a800 VMThread [stack: 0x00000000072e0000,0x00000000073e0000] [id=10980]
  0x000000000791e800 WatcherThread [stack: 0x0000000007c70000,0x0000000007d70000] [id=11048]

VM state:not at safepoint (normal execution)

VM Mutex/Monitor currently owned by a thread: None

Heap:
 PSYoungGen      total 71168K, used 26695K [0x00000000eb600000, 0x00000000f4500000, 0x0000000100000000)
  eden space 63488K, 29% used [0x00000000eb600000,0x00000000ec895d28,0x00000000ef400000)
  from space 7680K, 99% used [0x00000000ef400000,0x00000000efb7c010,0x00000000efb80000)
  to   space 9728K, 0% used [0x00000000f3b80000,0x00000000f3b80000,0x00000000f4500000)
 ParOldGen       total 42496K, used 12223K [0x00000000c2200000, 0x00000000c4b80000, 0x00000000eb600000)
  object space 42496K, 28% used [0x00000000c2200000,0x00000000c2defd48,0x00000000c4b80000)
 Metaspace       used 20107K, capacity 20594K, committed 20736K, reserved 1067008K
  class space    used 2429K, capacity 2554K, committed 2560K, reserved 1048576K

Card table byte_map: [0x0000000003030000,0x0000000003220000] byte_map_base: 0x0000000002a1f000

Marking Bits: (ParMarkBitMap*) 0x00000000028fc720
 Begin Bits: [0x0000000003900000, 0x0000000004878000)
 End Bits:   [0x0000000004878000, 0x00000000057f0000)

Polling page: 0x0000000000220000

CodeCache: size=245760Kb used=10596Kb max_used=10596Kb free=235163Kb
 bounds [0x000000000f010000, 0x000000000fa80000, 0x000000001e010000]
 total_blobs=3487 nmethods=3124 adapters=275
 compilation: enabled

Compilation events (10 events):
Event: 8.113 Thread 0x0000000007883800 3177       3       java.util.WeakHashMap::<init> (133 bytes)
Event: 8.116 Thread 0x0000000007883800 nmethod 3177 0x000000000fa69490 code [0x000000000fa69780, 0x000000000fa6aea8]
Event: 8.126 Thread 0x0000000007883800 3178       1       com.sun.tools.javac.file.Locations::access$500 (5 bytes)
Event: 8.126 Thread 0x0000000007883800 nmethod 3178 0x000000000fa6bad0 code [0x000000000fa6bc20, 0x000000000fa6bd10]
Event: 8.130 Thread 0x0000000007883800 3179   !   3       java.util.jar.Attributes::read (380 bytes)
Event: 8.133 Thread 0x0000000007883800 nmethod 3179 0x000000000fa6bd90 code [0x000000000fa6c1e0, 0x000000000fa6e728]
Event: 8.133 Thread 0x0000000007883800 3180       3       java.util.WeakHashMap::<init> (9 bytes)
Event: 8.133 Thread 0x0000000007883800 nmethod 3180 0x000000000fa6fe10 code [0x000000000fa6ffa0, 0x000000000fa70148]
Event: 8.159 Thread 0x0000000007883800 3181       3       java.util.jar.Manifest$FastInputStream::readLine (167 bytes)
Event: 8.160 Thread 0x0000000007883800 nmethod 3181 0x000000000fa701d0 code [0x000000000fa70380, 0x000000000fa70938]

GC Heap History (10 events):
Event: 3.102 GC heap before
{Heap before GC invocations=3 (full 0):
 PSYoungGen      total 18432K, used 18419K [0x00000000eb600000, 0x00000000eca80000, 0x0000000100000000)
  eden space 15872K, 100% used [0x00000000eb600000,0x00000000ec580000,0x00000000ec580000)
  from space 2560K, 99% used [0x00000000ec800000,0x00000000eca7ce38,0x00000000eca80000)
  to   space 2560K, 0% used [0x00000000ec580000,0x00000000ec580000,0x00000000ec800000)
 ParOldGen       total 42496K, used 1447K [0x00000000c2200000, 0x00000000c4b80000, 0x00000000eb600000)
  object space 42496K, 3% used [0x00000000c2200000,0x00000000c2369c48,0x00000000c4b80000)
 Metaspace       used 10114K, capacity 10356K, committed 10624K, reserved 1058816K
  class space    used 1249K, capacity 1321K, committed 1408K, reserved 1048576K
Event: 3.110 GC heap after
Heap after GC invocations=3 (full 0):
 PSYoungGen      total 18432K, used 2552K [0x00000000eb600000, 0x00000000eda00000, 0x0000000100000000)
  eden space 15872K, 0% used [0x00000000eb600000,0x00000000eb600000,0x00000000ec580000)
  from space 2560K, 99% used [0x00000000ec580000,0x00000000ec7fe010,0x00000000ec800000)
  to   space 2560K, 0% used [0x00000000ed780000,0x00000000ed780000,0x00000000eda00000)
 ParOldGen       total 42496K, used 3808K [0x00000000c2200000, 0x00000000c4b80000, 0x00000000eb600000)
  object space 42496K, 8% used [0x00000000c2200000,0x00000000c25b8348,0x00000000c4b80000)
 Metaspace       used 10114K, capacity 10356K, committed 10624K, reserved 1058816K
  class space    used 1249K, capacity 1321K, committed 1408K, reserved 1048576K
}
Event: 3.630 GC heap before
{Heap before GC invocations=4 (full 0):
 PSYoungGen      total 18432K, used 18424K [0x00000000eb600000, 0x00000000eda00000, 0x0000000100000000)
  eden space 15872K, 100% used [0x00000000eb600000,0x00000000ec580000,0x00000000ec580000)
  from space 2560K, 99% used [0x00000000ec580000,0x00000000ec7fe010,0x00000000ec800000)
  to   space 2560K, 0% used [0x00000000ed780000,0x00000000ed780000,0x00000000eda00000)
 ParOldGen       total 42496K, used 3808K [0x00000000c2200000, 0x00000000c4b80000, 0x00000000eb600000)
  object space 42496K, 8% used [0x00000000c2200000,0x00000000c25b8348,0x00000000c4b80000)
 Metaspace       used 11969K, capacity 12196K, committed 12416K, reserved 1060864K
  class space    used 1518K, capacity 1611K, committed 1664K, reserved 1048576K
Event: 3.669 GC heap after
Heap after GC invocations=4 (full 0):
 PSYoungGen      total 34304K, used 2552K [0x00000000eb600000, 0x00000000eda00000, 0x0000000100000000)
  eden space 31744K, 0% used [0x00000000eb600000,0x00000000eb600000,0x00000000ed500000)
  from space 2560K, 99% used [0x00000000ed780000,0x00000000ed9fe030,0x00000000eda00000)
  to   space 2560K, 0% used [0x00000000ed500000,0x00000000ed500000,0x00000000ed780000)
 ParOldGen       total 42496K, used 6493K [0x00000000c2200000, 0x00000000c4b80000, 0x00000000eb600000)
  object space 42496K, 15% used [0x00000000c2200000,0x00000000c2857520,0x00000000c4b80000)
 Metaspace       used 11969K, capacity 12196K, committed 12416K, reserved 1060864K
  class space    used 1518K, capacity 1611K, committed 1664K, reserved 1048576K
}
Event: 5.122 GC heap before
{Heap before GC invocations=5 (full 0):
 PSYoungGen      total 34304K, used 34296K [0x00000000eb600000, 0x00000000eda00000, 0x0000000100000000)
  eden space 31744K, 100% used [0x00000000eb600000,0x00000000ed500000,0x00000000ed500000)
  from space 2560K, 99% used [0x00000000ed780000,0x00000000ed9fe030,0x00000000eda00000)
  to   space 2560K, 0% used [0x00000000ed500000,0x00000000ed500000,0x00000000ed780000)
 ParOldGen       total 42496K, used 6493K [0x00000000c2200000, 0x00000000c4b80000, 0x00000000eb600000)
  object space 42496K, 15% used [0x00000000c2200000,0x00000000c2857520,0x00000000c4b80000)
 Metaspace       used 14673K, capacity 14908K, committed 15232K, reserved 1062912K
  class space    used 1796K, capacity 1881K, committed 1920K, reserved 1048576K
Event: 5.159 GC heap after
Heap after GC invocations=5 (full 0):
 PSYoungGen      total 34304K, used 2528K [0x00000000eb600000, 0x00000000f0300000, 0x0000000100000000)
  eden space 31744K, 0% used [0x00000000eb600000,0x00000000eb600000,0x00000000ed500000)
  from space 2560K, 98% used [0x00000000ed500000,0x00000000ed778020,0x00000000ed780000)
  to   space 7680K, 0% used [0x00000000efb80000,0x00000000efb80000,0x00000000f0300000)
 ParOldGen       total 42496K, used 10346K [0x00000000c2200000, 0x00000000c4b80000, 0x00000000eb600000)
  object space 42496K, 24% used [0x00000000c2200000,0x00000000c2c1aa28,0x00000000c4b80000)
 Metaspace       used 14673K, capacity 14908K, committed 15232K, reserved 1062912K
  class space    used 1796K, capacity 1881K, committed 1920K, reserved 1048576K
}
Event: 5.907 GC heap before
{Heap before GC invocations=6 (full 0):
 PSYoungGen      total 34304K, used 34272K [0x00000000eb600000, 0x00000000f0300000, 0x0000000100000000)
  eden space 31744K, 100% used [0x00000000eb600000,0x00000000ed500000,0x00000000ed500000)
  from space 2560K, 98% used [0x00000000ed500000,0x00000000ed778020,0x00000000ed780000)
  to   space 7680K, 0% used [0x00000000efb80000,0x00000000efb80000,0x00000000f0300000)
 ParOldGen       total 42496K, used 10346K [0x00000000c2200000, 0x00000000c4b80000, 0x00000000eb600000)
  object space 42496K, 24% used [0x00000000c2200000,0x00000000c2c1aa28,0x00000000c4b80000)
 Metaspace       used 14863K, capacity 15118K, committed 15232K, reserved 1062912K
  class space    used 1799K, capacity 1884K, committed 1920K, reserved 1048576K
Event: 5.933 GC heap after
Heap after GC invocations=6 (full 0):
 PSYoungGen      total 71168K, used 5648K [0x00000000eb600000, 0x00000000f0300000, 0x0000000100000000)
  eden space 63488K, 0% used [0x00000000eb600000,0x00000000eb600000,0x00000000ef400000)
  from space 7680K, 73% used [0x00000000efb80000,0x00000000f0104010,0x00000000f0300000)
  to   space 7680K, 0% used [0x00000000ef400000,0x00000000ef400000,0x00000000efb80000)
 ParOldGen       total 42496K, used 10346K [0x00000000c2200000, 0x00000000c4b80000, 0x00000000eb600000)
  object space 42496K, 24% used [0x00000000c2200000,0x00000000c2c1aa28,0x00000000c4b80000)
 Metaspace       used 14863K, capacity 15118K, committed 15232K, reserved 1062912K
  class space    used 1799K, capacity 1884K, committed 1920K, reserved 1048576K
}
Event: 7.410 GC heap before
{Heap before GC invocations=7 (full 0):
 PSYoungGen      total 71168K, used 69136K [0x00000000eb600000, 0x00000000f0300000, 0x0000000100000000)
  eden space 63488K, 100% used [0x00000000eb600000,0x00000000ef400000,0x00000000ef400000)
  from space 7680K, 73% used [0x00000000efb80000,0x00000000f0104010,0x00000000f0300000)
  to   space 7680K, 0% used [0x00000000ef400000,0x00000000ef400000,0x00000000efb80000)
 ParOldGen       total 42496K, used 10346K [0x00000000c2200000, 0x00000000c4b80000, 0x00000000eb600000)
  object space 42496K, 24% used [0x00000000c2200000,0x00000000c2c1aa28,0x00000000c4b80000)
 Metaspace       used 16152K, capacity 16558K, committed 16640K, reserved 1064960K
  class space    used 1899K, capacity 1994K, committed 2048K, reserved 1048576K
Event: 7.443 GC heap after
Heap after GC invocations=7 (full 0):
 PSYoungGen      total 71168K, used 7664K [0x00000000eb600000, 0x00000000f4500000, 0x0000000100000000)
  eden space 63488K, 0% used [0x00000000eb600000,0x00000000eb600000,0x00000000ef400000)
  from space 7680K, 99% used [0x00000000ef400000,0x00000000efb7c010,0x00000000efb80000)
  to   space 9728K, 0% used [0x00000000f3b80000,0x00000000f3b80000,0x00000000f4500000)
 ParOldGen       total 42496K, used 12223K [0x00000000c2200000, 0x00000000c4b80000, 0x00000000eb600000)
  object space 42496K, 28% used [0x00000000c2200000,0x00000000c2defd48,0x00000000c4b80000)
 Metaspace       used 16152K, capacity 16558K, committed 16640K, reserved 1064960K
  class space    used 1899K, capacity 1994K, committed 2048K, reserved 1048576K
}

Deoptimization events (10 events):
Event: 5.602 Thread 0x00000000020de800 Uncommon trap: reason=bimorphic action=maybe_recompile pc=0x000000000f66feb4 method=java.util.concurrent.ConcurrentHashMap.get(Ljava/lang/Object;)Ljava/lang/Object; @ 149
Event: 5.612 Thread 0x00000000020de800 Uncommon trap: reason=bimorphic action=maybe_recompile pc=0x000000000f66feb4 method=java.util.concurrent.ConcurrentHashMap.get(Ljava/lang/Object;)Ljava/lang/Object; @ 149
Event: 5.684 Thread 0x00000000020de800 Uncommon trap: reason=bimorphic action=maybe_recompile pc=0x000000000f66feb4 method=java.util.concurrent.ConcurrentHashMap.get(Ljava/lang/Object;)Ljava/lang/Object; @ 149
Event: 5.692 Thread 0x00000000020de800 Uncommon trap: reason=bimorphic action=maybe_recompile pc=0x000000000f66feb4 method=java.util.concurrent.ConcurrentHashMap.get(Ljava/lang/Object;)Ljava/lang/Object; @ 149
Event: 5.852 Thread 0x00000000020de800 Uncommon trap: reason=unstable_if action=reinterpret pc=0x000000000f654758 method=org.codehaus.plexus.util.xml.pull.MXParser.nextImpl()I @ 280
Event: 6.257 Thread 0x00000000020de800 Uncommon trap: reason=unstable_if action=reinterpret pc=0x000000000f7360f4 method=java.util.HashMap.getNode(ILjava/lang/Object;)Ljava/util/HashMap$Node; @ 53
Event: 6.257 Thread 0x00000000020de800 Uncommon trap: reason=unstable_if action=reinterpret pc=0x000000000f386dec method=java.util.HashMap.getNode(ILjava/lang/Object;)Ljava/util/HashMap$Node; @ 53
Event: 6.386 Thread 0x00000000020de800 Uncommon trap: reason=unstable_if action=reinterpret pc=0x000000000f71eb0c method=java.util.LinkedHashMap.afterNodeInsertion(Z)V @ 18
Event: 7.663 Thread 0x00000000020de800 Uncommon trap: reason=predicate action=maybe_recompile pc=0x000000000f6eb0e0 method=sun.misc.Resource.getBytes()[B @ 53
Event: 8.158 Thread 0x00000000020de800 Uncommon trap: reason=unstable_if action=reinterpret pc=0x000000000f1511a4 method=java.util.jar.Manifest$FastInputStream.readLine([BII)I @ 87

Internal exceptions (10 events):
Event: 4.069 Thread 0x00000000020de800 Exception <a 'java/lang/NullPointerException'> (0x00000000ebf84eb8) thrown at [C:\re\workspace\8-2-build-windows-amd64-cygwin\jdk8u131\8869\hotspot\src\share\vm\interpreter\linkResolver.cpp, line 1197]
Event: 4.069 Thread 0x00000000020de800 Exception <a 'java/lang/NullPointerException'> (0x00000000ebf850d0) thrown at [C:\re\workspace\8-2-build-windows-amd64-cygwin\jdk8u131\8869\hotspot\src\share\vm\interpreter\linkResolver.cpp, line 1197]
Event: 4.069 Thread 0x00000000020de800 Exception <a 'java/lang/NullPointerException'> (0x00000000ebf852e8) thrown at [C:\re\workspace\8-2-build-windows-amd64-cygwin\jdk8u131\8869\hotspot\src\share\vm\interpreter\linkResolver.cpp, line 1197]
Event: 4.070 Thread 0x00000000020de800 Exception <a 'java/lang/NullPointerException'> (0x00000000ebf94b30) thrown at [C:\re\workspace\8-2-build-windows-amd64-cygwin\jdk8u131\8869\hotspot\src\share\vm\interpreter\linkResolver.cpp, line 1197]
Event: 4.070 Thread 0x00000000020de800 Exception <a 'java/lang/NullPointerException'> (0x00000000ebf94d48) thrown at [C:\re\workspace\8-2-build-windows-amd64-cygwin\jdk8u131\8869\hotspot\src\share\vm\interpreter\linkResolver.cpp, line 1197]
Event: 4.070 Thread 0x00000000020de800 Exception <a 'java/lang/NullPointerException'> (0x00000000ebf94f60) thrown at [C:\re\workspace\8-2-build-windows-amd64-cygwin\jdk8u131\8869\hotspot\src\share\vm\interpreter\linkResolver.cpp, line 1197]
Event: 4.435 Thread 0x00000000020de800 Implicit null exception at 0x000000000f398505 to 0x000000000f3986d1
Event: 4.437 Thread 0x00000000020de800 Implicit null exception at 0x000000000f2cd1ef to 0x000000000f2cd255
Event: 5.036 Thread 0x00000000020de800 Implicit null exception at 0x000000000f650d8b to 0x000000000f6511a9
Event: 7.657 Thread 0x00000000020de800 Exception <a 'java/lang/ClassNotFoundException': com/sun/tools/javac/api/JavacTool> (0x00000000ebb4dbf8) thrown at [C:\re\workspace\8-2-build-windows-amd64-cygwin\jdk8u131\8869\hotspot\src\share\vm\classfile\systemDictionary.cpp, line 210]

Events (10 events):
Event: 8.042 loading class com/sun/tools/javac/file/Locations$Path done
Event: 8.043 Executing VM operation: Deoptimize
Event: 8.044 Executing VM operation: Deoptimize done
Event: 8.044 loading class com/sun/tools/javac/util/ListBuffer$1
Event: 8.044 loading class com/sun/tools/javac/util/ListBuffer$1 done
Event: 8.047 loading class com/sun/tools/javac/util/StringUtils
Event: 8.047 loading class com/sun/tools/javac/util/StringUtils done
Event: 8.158 Thread 0x00000000020de800 Uncommon trap: trap_request=0xffffff65 fr.pc=0x000000000f1511a4
Event: 8.158 Thread 0x00000000020de800 DEOPT PACKING pc=0x000000000f1511a4 sp=0x0000000002c6d310
Event: 8.158 Thread 0x00000000020de800 DEOPT UNPACKING pc=0x000000000f05582a sp=0x0000000002c6d2a0 mode 2


Dynamic libraries:
0x000000013f8c0000 - 0x000000013f8f7000 	C:\Program Files\Java\jdk1.8.0_131\bin\java.exe
0x0000000077870000 - 0x0000000077a0f000 	C:\Windows\SYSTEM32\ntdll.dll
0x0000000077750000 - 0x000000007786f000 	C:\Windows\system32\kernel32.dll
0x000007fefdf80000 - 0x000007fefdfe7000 	C:\Windows\system32\KERNELBASE.dll
0x000007fefe2c0000 - 0x000007fefe39b000 	C:\Windows\system32\ADVAPI32.dll
0x000007fefe090000 - 0x000007fefe12f000 	C:\Windows\system32\msvcrt.dll
0x000007fefe3a0000 - 0x000007fefe3bf000 	C:\Windows\SYSTEM32\sechost.dll
0x000007feff5b0000 - 0x000007feff6dc000 	C:\Windows\system32\RPCRT4.dll
0x00000000773a0000 - 0x000000007749a000 	C:\Windows\system32\USER32.dll
0x000007feff6e0000 - 0x000007feff747000 	C:\Windows\system32\GDI32.dll
0x000007feff450000 - 0x000007feff45e000 	C:\Windows\system32\LPK.dll
0x000007feff330000 - 0x000007feff3fb000 	C:\Windows\system32\USP10.dll
0x000007fefd7c0000 - 0x000007fefd9b5000 	C:\Windows\WinSxS\amd64_microsoft.windows.common-controls_6595b64144ccf1df_6.0.7601.24483_none_e372d88f30fbb845\COMCTL32.dll
0x000007feffa00000 - 0x000007feffa71000 	C:\Windows\system32\SHLWAPI.dll
0x000007feff9b0000 - 0x000007feff9de000 	C:\Windows\system32\IMM32.DLL
0x000007fefe130000 - 0x000007fefe239000 	C:\Windows\system32\MSCTF.dll
0x000007fefdc80000 - 0x000007fefdcb2000 	C:\Windows\system32\nvinitx.dll
0x000000000f000000 - 0x000000000f006000 	C:\Program Files\NVIDIA Corporation\CoProcManager\detoured.dll
0x000007fefb210000 - 0x000007fefb243000 	C:\Program Files\NVIDIA Corporation\CoProcManager\nvd3d9wrapx.dll
0x000007fefe3c0000 - 0x000007fefe597000 	C:\Windows\system32\SETUPAPI.dll
0x000007fefe030000 - 0x000007fefe066000 	C:\Windows\system32\CFGMGR32.dll
0x000007feffa80000 - 0x000007feffb5b000 	C:\Windows\system32\OLEAUT32.dll
0x000007feff750000 - 0x000007feff94f000 	C:\Windows\system32\ole32.dll
0x000007fefe070000 - 0x000007fefe08a000 	C:\Windows\system32\DEVOBJ.dll
0x000007fefae70000 - 0x000007fefae93000 	C:\Program Files\NVIDIA Corporation\CoProcManager\nvdxgiwrapx.dll
0x0000000079290000 - 0x0000000079362000 	C:\Program Files\Java\jdk1.8.0_131\jre\bin\msvcr100.dll
0x00000000020e0000 - 0x000000000297c000 	C:\Program Files\Java\jdk1.8.0_131\jre\bin\server\jvm.dll
0x000007fef7280000 - 0x000007fef7289000 	C:\Windows\system32\WSOCK32.dll
0x000007feff400000 - 0x000007feff44d000 	C:\Windows\system32\WS2_32.dll
0x000007feff460000 - 0x000007feff468000 	C:\Windows\system32\NSI.dll
0x000007fefda10000 - 0x000007fefda4b000 	C:\Windows\system32\WINMM.dll
0x000007fefc8d0000 - 0x000007fefc8dc000 	C:\Windows\system32\VERSION.dll
0x0000000077a20000 - 0x0000000077a27000 	C:\Windows\system32\PSAPI.DLL
0x0000000063e20000 - 0x0000000063e2f000 	C:\Program Files\Java\jdk1.8.0_131\jre\bin\verify.dll
0x0000000063cc0000 - 0x0000000063ce9000 	C:\Program Files\Java\jdk1.8.0_131\jre\bin\java.dll
0x0000000063ca0000 - 0x0000000063cb6000 	C:\Program Files\Java\jdk1.8.0_131\jre\bin\zip.dll
0x000007fefe5a0000 - 0x000007feff32b000 	C:\Windows\system32\SHELL32.dll
0x000007fefdcc0000 - 0x000007fefdccf000 	C:\Windows\system32\profapi.dll
0x0000000061d20000 - 0x0000000061d3a000 	C:\Program Files\Java\jdk1.8.0_131\jre\bin\net.dll
0x000007fefd270000 - 0x000007fefd2c5000 	C:\Windows\system32\mswsock.dll
0x000007fefd260000 - 0x000007fefd267000 	C:\Windows\System32\wship6.dll
0x000000006fa70000 - 0x000000006fa81000 	C:\Program Files\Java\jdk1.8.0_131\jre\bin\nio.dll

VM Arguments:
jvm_args: -Dmaven.multiModuleProjectDirectory=C:\Users\dell\.ssh\workspace\muke\AUTOTEST\Chapter12 -Dmaven.wagon.http.ssl.insecure=true -Dmaven.wagon.http.ssl.allowall=true -Dmaven.home=D:\tools\apache-maven-3.3.1 -Dclassworlds.conf=D:\tools\apache-maven-3.3.1\bin\m2.conf -Dmaven.ext.class.path=D:\idea\IntelliJ IDEA 2020.2.4\plugins\maven\lib\maven-event-listener.jar -Dfile.encoding=UTF-8 
java_command: org.codehaus.classworlds.Launcher -Didea.version=2020.2.4 -s D:\tools\apache-maven-3.3.1\conf\settings.xml -Dmaven.repo.local=C:\Users\dell\.m2\repository -DskipTests=true install
java_class_path (initial): D:\tools\apache-maven-3.3.1\boot\plexus-classworlds-2.5.2.jar
Launcher Type: SUN_STANDARD

Environment Variables:
JAVA_HOME=C:\Program Files\Java\jdk1.8.0_131
CLASSPATH=.;C:\Program Files\Java\jdk1.8.0_131\lib;C:\Program Files\Java\jdk1.8.0_131\lib\dt.jar;C:\Program Files\Java\jdk1.8.0_131\lib\tools.jar;D:\tools\apache-jmeter-3.1\lib\ext\ApacheJMeter_core.jar;D:\tools\apache-jmeter-3.1\lib\jorphan.jar;
PATH=D:\tools\apache-jmeter-3.1\bin;D:\tools\apache-maven-3.3.1\bin;D:\xshell\;C:\ProgramData\Oracle\Java\javapath;C:\Windows\system32;C:\Windows;C:\Windows\System32\Wbem;C:\Windows\System32\WindowsPowerShell\v1.0\;C:\Program Files\Java\jdk1.8.0_131\bin;C:\Program Files\Java\jdk1.8.0_131\jre\bin;D:\tools\Git\cmd
USERNAME=dell
OS=Windows_NT
PROCESSOR_IDENTIFIER=Intel64 Family 6 Model 58 Stepping 9, GenuineIntel



---------------  S Y S T E M  ---------------

OS: Windows 7 , 64 bit Build 7601 (6.1.7601.24499)

CPU:total 4 (initial active 4) (2 cores per cpu, 2 threads per core) family 6 model 58 stepping 9, cmov, cx8, fxsr, mmx, sse, sse2, sse3, ssse3, sse4.1, sse4.2, popcnt, avx, aes, clmul, erms, ht, tsc, tscinvbit, tscinv

Memory: 4k page, physical 4051156k(110188k free), swap 16202724k(5048k free)

vm_info: Java HotSpot(TM) 64-Bit Server VM (25.131-b11) for windows-amd64 JRE (1.8.0_131-b11), built on Mar 15 2017 01:23:53 by "java_re" with MS VC++ 10.0 (VS2010)

time: Thu Nov 24 16:14:22 2022
elapsed time: 8 seconds (0d 0h 0m 8s)

