#
# There is insufficient memory for the Java Runtime Environment to continue.
# Native memory allocation (malloc) failed to allocate 32744 bytes for ChunkPool::allocate
# Possible reasons:
#   The system is out of physical RAM or swap space
#   In 32 bit mode, the process size limit was hit
# Possible solutions:
#   Reduce memory load on the system
#   Increase physical memory or swap space
#   Check if swap backing store is full
#   Use 64 bit Java on a 64 bit OS
#   Decrease Java heap size (-Xmx/-Xms)
#   Decrease number of Java threads
#   Decrease Java thread stack sizes (-Xss)
#   Set larger code cache with -XX:ReservedCodeCacheSize=
# This output file may be truncated or incomplete.
#
#  Out of Memory Error (allocation.cpp:273), pid=20876, tid=0x0000000000001a18
#
# JRE version: Java(TM) SE Runtime Environment (8.0_131-b11) (build 1.8.0_131-b11)
# Java VM: Java HotSpot(TM) 64-Bit Server VM (25.131-b11 mixed mode windows-amd64 compressed oops)
# Failed to write core dump. Minidumps are not enabled by default on client versions of Windows
#

---------------  T H R E A D  ---------------

Current thread (0x000000000793e000):  JavaThread "C2 CompilerThread0" daemon [_thread_in_native, id=6680, stack(0x00000000081e0000,0x00000000082e0000)]

Stack: [0x00000000081e0000,0x00000000082e0000]
[error occurred during error reporting (printing stack bounds), id 0xc0000005]

Native frames: (J=compiled Java code, j=interpreted, Vv=VM code, C=native code)


Current CompileTask:
C2:   4950 1502       4       java.net.URLClassLoader$1::run (5 bytes)


---------------  P R O C E S S  ---------------

Java Threads: ( => current thread )
  0x00000000079bd000 JavaThread "Service Thread" daemon [_thread_blocked, id=26192, stack(0x0000000008340000,0x0000000008440000)]
  0x0000000007951800 JavaThread "C1 CompilerThread2" daemon [_thread_blocked, id=30288, stack(0x0000000008450000,0x0000000008550000)]
  0x0000000007940000 JavaThread "C2 CompilerThread1" daemon [_thread_in_native, id=15584, stack(0x0000000007ef0000,0x0000000007ff0000)]
=>0x000000000793e000 JavaThread "C2 CompilerThread0" daemon [_thread_in_native, id=6680, stack(0x00000000081e0000,0x00000000082e0000)]
  0x0000000007928800 JavaThread "Attach Listener" daemon [_thread_blocked, id=25868, stack(0x0000000008000000,0x0000000008100000)]
  0x00000000063df000 JavaThread "Signal Dispatcher" daemon [_thread_blocked, id=24632, stack(0x0000000007dd0000,0x0000000007ed0000)]
  0x00000000063ca000 JavaThread "Finalizer" daemon [_thread_blocked, id=5516, stack(0x0000000007820000,0x0000000007920000)]
  0x0000000006382000 JavaThread "Reference Handler" daemon [_thread_blocked, id=30608, stack(0x00000000075f0000,0x00000000076f0000)]
  0x000000000212e800 JavaThread "main" [_thread_in_Java, id=26836, stack(0x0000000002ca0000,0x0000000002da0000)]

Other Threads:
  0x000000000637a800 VMThread [stack: 0x0000000007490000,0x0000000007590000] [id=26700]
  0x00000000079e8000 WatcherThread [stack: 0x00000000085e0000,0x00000000086e0000] [id=29816]

VM state:not at safepoint (normal execution)

VM Mutex/Monitor currently owned by a thread: None

Heap:
 PSYoungGen      total 34304K, used 23591K [0x00000000eb600000, 0x00000000eda00000, 0x0000000100000000)
  eden space 31744K, 66% used [0x00000000eb600000,0x00000000eca8bed0,0x00000000ed500000)
  from space 2560K, 99% used [0x00000000ed780000,0x00000000ed9fe030,0x00000000eda00000)
  to   space 2560K, 0% used [0x00000000ed500000,0x00000000ed500000,0x00000000ed780000)
 ParOldGen       total 42496K, used 6507K [0x00000000c2200000, 0x00000000c4b80000, 0x00000000eb600000)
  object space 42496K, 15% used [0x00000000c2200000,0x00000000c285ae88,0x00000000c4b80000)
 Metaspace       used 14491K, capacity 14768K, committed 14976K, reserved 1062912K
  class space    used 1786K, capacity 1879K, committed 1920K, reserved 1048576K

Card table byte_map: [0x0000000003160000,0x0000000003350000] byte_map_base: 0x0000000002b4f000

Marking Bits: (ParMarkBitMap*) 0x0000000002a4c720
 Begin Bits: [0x0000000003910000, 0x0000000004888000)
 End Bits:   [0x0000000004888000, 0x0000000005800000)

Polling page: 0x0000000000120000

CodeCache: size=245760Kb used=5988Kb max_used=5988Kb free=239771Kb
 bounds [0x000000000f010000, 0x000000000f5f0000, 0x000000001e010000]
 total_blobs=2081 nmethods=1745 adapters=248
 compilation: enabled

Compilation events (10 events):
Event: 4.943 Thread 0x0000000007951800 1749       3       org.apache.maven.model.validation.DefaultModelValidator::validateStringNotEmpty (46 bytes)
Event: 4.943 Thread 0x0000000007951800 nmethod 1749 0x000000000f5ec210 code [0x000000000f5ec3a0, 0x000000000f5ec858]
Event: 4.943 Thread 0x0000000007951800 1750       1       org.apache.maven.model.Dependency::getArtifactId (5 bytes)
Event: 4.944 Thread 0x0000000007951800 nmethod 1750 0x000000000f5eca50 code [0x000000000f5ecba0, 0x000000000f5eccb0]
Event: 4.944 Thread 0x0000000007951800 1751       1       org.apache.maven.model.Dependency::getGroupId (5 bytes)
Event: 4.944 Thread 0x0000000007951800 nmethod 1751 0x000000000f5ecd10 code [0x000000000f5ece60, 0x000000000f5ecf70]
Event: 4.944 Thread 0x0000000007951800 1752       1       org.apache.maven.model.Dependency::getType (5 bytes)
Event: 4.944 Thread 0x0000000007951800 nmethod 1752 0x000000000f5ecfd0 code [0x000000000f5ed120, 0x000000000f5ed230]
Event: 4.944 Thread 0x0000000007951800 1754       1       org.apache.maven.model.Dependency::getSystemPath (5 bytes)
Event: 4.945 Thread 0x0000000007951800 nmethod 1754 0x000000000f5ed290 code [0x000000000f5ed3e0, 0x000000000f5ed4f0]

GC Heap History (8 events):
Event: 1.747 GC heap before
{Heap before GC invocations=1 (full 0):
 PSYoungGen      total 18432K, used 15872K [0x00000000eb600000, 0x00000000eca80000, 0x0000000100000000)
  eden space 15872K, 100% used [0x00000000eb600000,0x00000000ec580000,0x00000000ec580000)
  from space 2560K, 0% used [0x00000000ec800000,0x00000000ec800000,0x00000000eca80000)
  to   space 2560K, 0% used [0x00000000ec580000,0x00000000ec580000,0x00000000ec800000)
 ParOldGen       total 42496K, used 0K [0x00000000c2200000, 0x00000000c4b80000, 0x00000000eb600000)
  object space 42496K, 0% used [0x00000000c2200000,0x00000000c2200000,0x00000000c4b80000)
 Metaspace       used 6949K, capacity 7080K, committed 7296K, reserved 1056768K
  class space    used 833K, capacity 892K, committed 896K, reserved 1048576K
Event: 1.757 GC heap after
Heap after GC invocations=1 (full 0):
 PSYoungGen      total 18432K, used 2535K [0x00000000eb600000, 0x00000000eca80000, 0x0000000100000000)
  eden space 15872K, 0% used [0x00000000eb600000,0x00000000eb600000,0x00000000ec580000)
  from space 2560K, 99% used [0x00000000ec580000,0x00000000ec7f9d68,0x00000000ec800000)
  to   space 2560K, 0% used [0x00000000ec800000,0x00000000ec800000,0x00000000eca80000)
 ParOldGen       total 42496K, used 1225K [0x00000000c2200000, 0x00000000c4b80000, 0x00000000eb600000)
  object space 42496K, 2% used [0x00000000c2200000,0x00000000c2332768,0x00000000c4b80000)
 Metaspace       used 6949K, capacity 7080K, committed 7296K, reserved 1056768K
  class space    used 833K, capacity 892K, committed 896K, reserved 1048576K
}
Event: 2.285 GC heap before
{Heap before GC invocations=2 (full 0):
 PSYoungGen      total 18432K, used 18407K [0x00000000eb600000, 0x00000000eca80000, 0x0000000100000000)
  eden space 15872K, 100% used [0x00000000eb600000,0x00000000ec580000,0x00000000ec580000)
  from space 2560K, 99% used [0x00000000ec580000,0x00000000ec7f9d68,0x00000000ec800000)
  to   space 2560K, 0% used [0x00000000ec800000,0x00000000ec800000,0x00000000eca80000)
 ParOldGen       total 42496K, used 1225K [0x00000000c2200000, 0x00000000c4b80000, 0x00000000eb600000)
  object space 42496K, 2% used [0x00000000c2200000,0x00000000c2332768,0x00000000c4b80000)
 Metaspace       used 7931K, capacity 8136K, committed 8320K, reserved 1056768K
  class space    used 993K, capacity 1052K, committed 1152K, reserved 1048576K
Event: 2.292 GC heap after
Heap after GC invocations=2 (full 0):
 PSYoungGen      total 18432K, used 2547K [0x00000000eb600000, 0x00000000eca80000, 0x0000000100000000)
  eden space 15872K, 0% used [0x00000000eb600000,0x00000000eb600000,0x00000000ec580000)
  from space 2560K, 99% used [0x00000000ec800000,0x00000000eca7ce38,0x00000000eca80000)
  to   space 2560K, 0% used [0x00000000ec580000,0x00000000ec580000,0x00000000ec800000)
 ParOldGen       total 42496K, used 1451K [0x00000000c2200000, 0x00000000c4b80000, 0x00000000eb600000)
  object space 42496K, 3% used [0x00000000c2200000,0x00000000c236ae38,0x00000000c4b80000)
 Metaspace       used 7931K, capacity 8136K, committed 8320K, reserved 1056768K
  class space    used 993K, capacity 1052K, committed 1152K, reserved 1048576K
}
Event: 2.798 GC heap before
{Heap before GC invocations=3 (full 0):
 PSYoungGen      total 18432K, used 18419K [0x00000000eb600000, 0x00000000eca80000, 0x0000000100000000)
  eden space 15872K, 100% used [0x00000000eb600000,0x00000000ec580000,0x00000000ec580000)
  from space 2560K, 99% used [0x00000000ec800000,0x00000000eca7ce38,0x00000000eca80000)
  to   space 2560K, 0% used [0x00000000ec580000,0x00000000ec580000,0x00000000ec800000)
 ParOldGen       total 42496K, used 1451K [0x00000000c2200000, 0x00000000c4b80000, 0x00000000eb600000)
  object space 42496K, 3% used [0x00000000c2200000,0x00000000c236ae38,0x00000000c4b80000)
 Metaspace       used 10114K, capacity 10356K, committed 10624K, reserved 1058816K
  class space    used 1249K, capacity 1321K, committed 1408K, reserved 1048576K
Event: 2.822 GC heap after
Heap after GC invocations=3 (full 0):
 PSYoungGen      total 18432K, used 2552K [0x00000000eb600000, 0x00000000eda00000, 0x0000000100000000)
  eden space 15872K, 0% used [0x00000000eb600000,0x00000000eb600000,0x00000000ec580000)
  from space 2560K, 99% used [0x00000000ec580000,0x00000000ec7fe010,0x00000000ec800000)
  to   space 2560K, 0% used [0x00000000ed780000,0x00000000ed780000,0x00000000eda00000)
 ParOldGen       total 42496K, used 3818K [0x00000000c2200000, 0x00000000c4b80000, 0x00000000eb600000)
  object space 42496K, 8% used [0x00000000c2200000,0x00000000c25babf8,0x00000000c4b80000)
 Metaspace       used 10114K, capacity 10356K, committed 10624K, reserved 1058816K
  class space    used 1249K, capacity 1321K, committed 1408K, reserved 1048576K
}
Event: 3.592 GC heap before
{Heap before GC invocations=4 (full 0):
 PSYoungGen      total 18432K, used 18424K [0x00000000eb600000, 0x00000000eda00000, 0x0000000100000000)
  eden space 15872K, 100% used [0x00000000eb600000,0x00000000ec580000,0x00000000ec580000)
  from space 2560K, 99% used [0x00000000ec580000,0x00000000ec7fe010,0x00000000ec800000)
  to   space 2560K, 0% used [0x00000000ed780000,0x00000000ed780000,0x00000000eda00000)
 ParOldGen       total 42496K, used 3818K [0x00000000c2200000, 0x00000000c4b80000, 0x00000000eb600000)
  object space 42496K, 8% used [0x00000000c2200000,0x00000000c25babf8,0x00000000c4b80000)
 Metaspace       used 12000K, capacity 12196K, committed 12416K, reserved 1060864K
  class space    used 1518K, capacity 1611K, committed 1664K, reserved 1048576K
Event: 3.643 GC heap after
Heap after GC invocations=4 (full 0):
 PSYoungGen      total 34304K, used 2552K [0x00000000eb600000, 0x00000000eda00000, 0x0000000100000000)
  eden space 31744K, 0% used [0x00000000eb600000,0x00000000eb600000,0x00000000ed500000)
  from space 2560K, 99% used [0x00000000ed780000,0x00000000ed9fe030,0x00000000eda00000)
  to   space 2560K, 0% used [0x00000000ed500000,0x00000000ed500000,0x00000000ed780000)
 ParOldGen       total 42496K, used 6507K [0x00000000c2200000, 0x00000000c4b80000, 0x00000000eb600000)
  object space 42496K, 15% used [0x00000000c2200000,0x00000000c285ae88,0x00000000c4b80000)
 Metaspace       used 12000K, capacity 12196K, committed 12416K, reserved 1060864K
  class space    used 1518K, capacity 1611K, committed 1664K, reserved 1048576K
}

Deoptimization events (10 events):
Event: 2.200 Thread 0x000000000212e800 Uncommon trap: reason=unstable_if action=reinterpret pc=0x000000000f285e68 method=org.codehaus.plexus.util.xml.pull.MXParser.nextImpl()I @ 241
Event: 2.451 Thread 0x000000000212e800 Uncommon trap: reason=unstable_if action=reinterpret pc=0x000000000f2b9b68 method=java.util.HashMap.getNode(ILjava/lang/Object;)Ljava/util/HashMap$Node; @ 129
Event: 2.451 Thread 0x000000000212e800 Uncommon trap: reason=unstable_if action=reinterpret pc=0x000000000f23b828 method=java.util.HashMap.getNode(ILjava/lang/Object;)Ljava/util/HashMap$Node; @ 129
Event: 4.138 Thread 0x000000000212e800 Uncommon trap: reason=unstable_if action=reinterpret pc=0x000000000f2e2ce8 method=org.codehaus.plexus.util.xml.pull.MXParser.parseStartTag()I @ 443
Event: 4.142 Thread 0x000000000212e800 Uncommon trap: reason=unstable_if action=reinterpret pc=0x000000000f293e54 method=sun.nio.cs.UTF_8$Decoder.decodeArrayLoop(Ljava/nio/ByteBuffer;Ljava/nio/CharBuffer;)Ljava/nio/charset/CoderResult; @ 84
Event: 4.338 Thread 0x000000000212e800 Uncommon trap: reason=unstable_if action=reinterpret pc=0x000000000f502f78 method=sun.nio.cs.UTF_8$Decoder.decode([BII[C)I @ 30
Event: 4.455 Thread 0x000000000212e800 Uncommon trap: reason=unstable_if action=reinterpret pc=0x000000000f1c3d14 method=java.lang.String.replace(CC)Ljava/lang/String; @ 2
Event: 4.725 Thread 0x000000000212e800 Uncommon trap: reason=unstable_if action=reinterpret pc=0x000000000f58d314 method=org.codehaus.plexus.util.xml.pull.MXParser.nextImpl()I @ 1161
Event: 4.768 Thread 0x000000000212e800 Uncommon trap: reason=unstable_if action=reinterpret pc=0x000000000f3c4420 method=java.util.HashMap.hash(Ljava/lang/Object;)I @ 1
Event: 4.769 Thread 0x000000000212e800 Uncommon trap: reason=unstable_if action=reinterpret pc=0x000000000f34b424 method=java.util.HashMap.hash(Ljava/lang/Object;)I @ 1

Internal exceptions (10 events):
Event: 3.703 Thread 0x000000000212e800 Exception <a 'java/lang/NoClassDefFoundError'> (0x00000000eb745058) thrown at [C:\re\workspace\8-2-build-windows-amd64-cygwin\jdk8u131\8869\hotspot\src\share\vm\prims\jvm.cpp, line 1394]
Event: 3.703 Thread 0x000000000212e800 Exception <a 'java/lang/NoClassDefFoundError': javax/annotation/Priority> (0x00000000eb749830) thrown at [C:\re\workspace\8-2-build-windows-amd64-cygwin\jdk8u131\8869\hotspot\src\share\vm\classfile\systemDictionary.cpp, line 199]
Event: 4.275 Thread 0x000000000212e800 Exception <a 'java/lang/NullPointerException'> (0x00000000ec020720) thrown at [C:\re\workspace\8-2-build-windows-amd64-cygwin\jdk8u131\8869\hotspot\src\share\vm\interpreter\linkResolver.cpp, line 1197]
Event: 4.275 Thread 0x000000000212e800 Exception <a 'java/lang/NullPointerException'> (0x00000000ec020938) thrown at [C:\re\workspace\8-2-build-windows-amd64-cygwin\jdk8u131\8869\hotspot\src\share\vm\interpreter\linkResolver.cpp, line 1197]
Event: 4.275 Thread 0x000000000212e800 Exception <a 'java/lang/NullPointerException'> (0x00000000ec020b50) thrown at [C:\re\workspace\8-2-build-windows-amd64-cygwin\jdk8u131\8869\hotspot\src\share\vm\interpreter\linkResolver.cpp, line 1197]
Event: 4.278 Thread 0x000000000212e800 Exception <a 'java/lang/NullPointerException'> (0x00000000ec030398) thrown at [C:\re\workspace\8-2-build-windows-amd64-cygwin\jdk8u131\8869\hotspot\src\share\vm\interpreter\linkResolver.cpp, line 1197]
Event: 4.278 Thread 0x000000000212e800 Exception <a 'java/lang/NullPointerException'> (0x00000000ec0305b0) thrown at [C:\re\workspace\8-2-build-windows-amd64-cygwin\jdk8u131\8869\hotspot\src\share\vm\interpreter\linkResolver.cpp, line 1197]
Event: 4.278 Thread 0x000000000212e800 Exception <a 'java/lang/NullPointerException'> (0x00000000ec0307c8) thrown at [C:\re\workspace\8-2-build-windows-amd64-cygwin\jdk8u131\8869\hotspot\src\share\vm\interpreter\linkResolver.cpp, line 1197]
Event: 4.768 Thread 0x000000000212e800 Implicit null exception at 0x000000000f3c4245 to 0x000000000f3c4411
Event: 4.769 Thread 0x000000000212e800 Implicit null exception at 0x000000000f34b3af to 0x000000000f34b415

Events (10 events):
Event: 4.841 Thread 0x000000000212e800 DEOPT PACKING pc=0x000000000f528273 sp=0x0000000002d9d650
Event: 4.841 Thread 0x000000000212e800 DEOPT UNPACKING pc=0x000000000f05787f sp=0x0000000002d9d450 mode 0
Event: 4.843 Thread 0x000000000212e800 DEOPT PACKING pc=0x000000000f528273 sp=0x0000000002d9d310
Event: 4.843 Thread 0x000000000212e800 DEOPT UNPACKING pc=0x000000000f05787f sp=0x0000000002d9d110 mode 0
Event: 4.871 Thread 0x000000000212e800 DEOPT PACKING pc=0x000000000f53c8b2 sp=0x0000000002d9d230
Event: 4.871 Thread 0x000000000212e800 DEOPT UNPACKING pc=0x000000000f05787f sp=0x0000000002d9d0b0 mode 0
Event: 4.871 Thread 0x000000000212e800 DEOPT PACKING pc=0x000000000f528273 sp=0x0000000002d9d340
Event: 4.871 Thread 0x000000000212e800 DEOPT UNPACKING pc=0x000000000f05787f sp=0x0000000002d9d140 mode 0
Event: 4.882 Thread 0x000000000212e800 DEOPT PACKING pc=0x000000000f528273 sp=0x0000000002d9d1e0
Event: 4.882 Thread 0x000000000212e800 DEOPT UNPACKING pc=0x000000000f05787f sp=0x0000000002d9cfe0 mode 0


Dynamic libraries:
0x000000013f1f0000 - 0x000000013f227000 	C:\Program Files\Java\jdk1.8.0_131\bin\java.exe
0x0000000077870000 - 0x0000000077a0f000 	C:\Windows\SYSTEM32\ntdll.dll
0x0000000077750000 - 0x000000007786f000 	C:\Windows\system32\kernel32.dll
0x000007fefdf80000 - 0x000007fefdfe7000 	C:\Windows\system32\KERNELBASE.dll
0x000007fefe2c0000 - 0x000007fefe39b000 	C:\Windows\system32\ADVAPI32.dll
0x000007fefe090000 - 0x000007fefe12f000 	C:\Windows\system32\msvcrt.dll
0x000007fefe3a0000 - 0x000007fefe3bf000 	C:\Windows\SYSTEM32\sechost.dll
0x000007feff5b0000 - 0x000007feff6dc000 	C:\Windows\system32\RPCRT4.dll
0x00000000773a0000 - 0x000000007749a000 	C:\Windows\system32\USER32.dll
0x000007feff6e0000 - 0x000007feff747000 	C:\Windows\system32\GDI32.dll
0x000007feff450000 - 0x000007feff45e000 	C:\Windows\system32\LPK.dll
0x000007feff330000 - 0x000007feff3fb000 	C:\Windows\system32\USP10.dll
0x000007fefd7c0000 - 0x000007fefd9b5000 	C:\Windows\WinSxS\amd64_microsoft.windows.common-controls_6595b64144ccf1df_6.0.7601.24483_none_e372d88f30fbb845\COMCTL32.dll
0x000007feffa00000 - 0x000007feffa71000 	C:\Windows\system32\SHLWAPI.dll
0x000007feff9b0000 - 0x000007feff9de000 	C:\Windows\system32\IMM32.DLL
0x000007fefe130000 - 0x000007fefe239000 	C:\Windows\system32\MSCTF.dll
0x000007fefdc80000 - 0x000007fefdcb2000 	C:\Windows\system32\nvinitx.dll
0x000000000f000000 - 0x000000000f006000 	C:\Program Files\NVIDIA Corporation\CoProcManager\detoured.dll
0x000007fefb210000 - 0x000007fefb243000 	C:\Program Files\NVIDIA Corporation\CoProcManager\nvd3d9wrapx.dll
0x000007fefe3c0000 - 0x000007fefe597000 	C:\Windows\system32\SETUPAPI.dll
0x000007fefe030000 - 0x000007fefe066000 	C:\Windows\system32\CFGMGR32.dll
0x000007feffa80000 - 0x000007feffb5b000 	C:\Windows\system32\OLEAUT32.dll
0x000007feff750000 - 0x000007feff94f000 	C:\Windows\system32\ole32.dll
0x000007fefe070000 - 0x000007fefe08a000 	C:\Windows\system32\DEVOBJ.dll
0x000007fefae70000 - 0x000007fefae93000 	C:\Program Files\NVIDIA Corporation\CoProcManager\nvdxgiwrapx.dll
0x000000006b210000 - 0x000000006b2e2000 	C:\Program Files\Java\jdk1.8.0_131\jre\bin\msvcr100.dll
0x0000000002230000 - 0x0000000002acc000 	C:\Program Files\Java\jdk1.8.0_131\jre\bin\server\jvm.dll
0x000007fef7280000 - 0x000007fef7289000 	C:\Windows\system32\WSOCK32.dll
0x000007feff400000 - 0x000007feff44d000 	C:\Windows\system32\WS2_32.dll
0x000007feff460000 - 0x000007feff468000 	C:\Windows\system32\NSI.dll
0x000007fefda10000 - 0x000007fefda4b000 	C:\Windows\system32\WINMM.dll
0x000007fefc8d0000 - 0x000007fefc8dc000 	C:\Windows\system32\VERSION.dll
0x0000000077a20000 - 0x0000000077a27000 	C:\Windows\system32\PSAPI.DLL
0x000000006fab0000 - 0x000000006fabf000 	C:\Program Files\Java\jdk1.8.0_131\jre\bin\verify.dll
0x000000006c8f0000 - 0x000000006c919000 	C:\Program Files\Java\jdk1.8.0_131\jre\bin\java.dll
0x000000006ce20000 - 0x000000006ce36000 	C:\Program Files\Java\jdk1.8.0_131\jre\bin\zip.dll
0x000007fefe5a0000 - 0x000007feff32b000 	C:\Windows\system32\SHELL32.dll
0x000007fefdcc0000 - 0x000007fefdccf000 	C:\Windows\system32\profapi.dll
0x000000006c8d0000 - 0x000000006c8ea000 	C:\Program Files\Java\jdk1.8.0_131\jre\bin\net.dll
0x000007fefd270000 - 0x000007fefd2c5000 	C:\Windows\system32\mswsock.dll
0x000007fefd260000 - 0x000007fefd267000 	C:\Windows\System32\wship6.dll
0x000000006c5f0000 - 0x000000006c601000 	C:\Program Files\Java\jdk1.8.0_131\jre\bin\nio.dll

VM Arguments:
jvm_args: -Dmaven.multiModuleProjectDirectory=C:\Users\dell\.ssh\workspace\muke\AUTOTEST\Chapter12 -Dmaven.wagon.http.ssl.insecure=true -Dmaven.wagon.http.ssl.allowall=true -Dmaven.home=D:\tools\apache-maven-3.3.1 -Dclassworlds.conf=D:\tools\apache-maven-3.3.1\bin\m2.conf -Dmaven.ext.class.path=D:\idea\IntelliJ IDEA 2020.2.4\plugins\maven\lib\maven-event-listener.jar -Dfile.encoding=UTF-8 
java_command: org.codehaus.classworlds.Launcher -Didea.version=2020.2.4 -s D:\tools\apache-maven-3.3.1\conf\settings.xml -Dmaven.repo.local=C:\Users\dell\.m2\repository -DskipTests=true install
java_class_path (initial): D:\tools\apache-maven-3.3.1\boot\plexus-classworlds-2.5.2.jar
Launcher Type: SUN_STANDARD

Environment Variables:
JAVA_HOME=C:\Program Files\Java\jdk1.8.0_131
CLASSPATH=.;C:\Program Files\Java\jdk1.8.0_131\lib;C:\Program Files\Java\jdk1.8.0_131\lib\dt.jar;C:\Program Files\Java\jdk1.8.0_131\lib\tools.jar;D:\tools\apache-jmeter-3.1\lib\ext\ApacheJMeter_core.jar;D:\tools\apache-jmeter-3.1\lib\jorphan.jar;
PATH=D:\tools\apache-jmeter-3.1\bin;D:\tools\apache-maven-3.3.1\bin;D:\xshell\;C:\ProgramData\Oracle\Java\javapath;C:\Windows\system32;C:\Windows;C:\Windows\System32\Wbem;C:\Windows\System32\WindowsPowerShell\v1.0\;C:\Program Files\Java\jdk1.8.0_131\bin;C:\Program Files\Java\jdk1.8.0_131\jre\bin;D:\tools\Git\cmd
USERNAME=dell
OS=Windows_NT
PROCESSOR_IDENTIFIER=Intel64 Family 6 Model 58 Stepping 9, GenuineIntel



---------------  S Y S T E M  ---------------

OS: Windows 7 , 64 bit Build 7601 (6.1.7601.24499)

CPU:total 4 (initial active 4) (2 cores per cpu, 2 threads per core) family 6 model 58 stepping 9, cmov, cx8, fxsr, mmx, sse, sse2, sse3, ssse3, sse4.1, sse4.2, popcnt, avx, aes, clmul, erms, ht, tsc, tscinvbit, tscinv

Memory: 4k page, physical 4051156k(418608k free), swap 16202724k(5064k free)

vm_info: Java HotSpot(TM) 64-Bit Server VM (25.131-b11) for windows-amd64 JRE (1.8.0_131-b11), built on Mar 15 2017 01:23:53 by "java_re" with MS VC++ 10.0 (VS2010)

time: Sun Nov 27 20:27:01 2022
elapsed time: 4 seconds (0d 0h 0m 4s)

