JvmtiExport can_access_local_variables 0
JvmtiExport can_hotswap_or_post_breakpoint 0
JvmtiExport can_post_on_exceptions 0
# 679 ciObject found
ciMethod java/lang/Object <init> ()V 4097 1 179236 0 0
ciMethod java/lang/Object hashCode ()I 4097 1 512 0 -1
ciMethod java/lang/Object equals (Ljava/lang/Object;)Z 2049 1 3796 0 -1
ciMethod java/lang/Object clone ()Ljava/lang/Object; 2049 1 256 0 -1
ciMethod java/lang/String <init> ([CII)V 2601 1 5461 0 752
ciMethod java/lang/String <init> ([BIILjava/lang/String;)V 4097 1 582 0 -1
ciMethod java/lang/String <init> ([CZ)V 1809 1 8648 0 0
ciMethod java/lang/String length ()I 4097 1 61448 0 48
ciMethod java/lang/String charAt (I)C 4097 1 297146 0 -1
ciMethod java/lang/String codePointAt (I)I 361 1 317 0 -1
ciMethod java/lang/String getChars ([CI)V 2073 1 5429 0 0
ciMethod java/lang/String equals (Ljava/lang/Object;)Z 2049 8617 4187 0 -1
ciMethod java/lang/String equalsIgnoreCase (Ljava/lang/String;)Z 2281 1 5513 0 1584
ciMethod java/lang/String regionMatches (ZILjava/lang/String;II)Z 2153 7153 3907 0 0
ciMethod java/lang/String startsWith (Ljava/lang/String;I)Z 2049 593 5428 0 208
ciMethod java/lang/String startsWith (Ljava/lang/String;)Z 2049 1 16308 0 -1
ciMethod java/lang/String endsWith (Ljava/lang/String;)Z 3441 1 8862 0 0
ciMethod java/lang/String hashCode ()I 2857 32769 1265 0 304
ciMethod java/lang/String indexOf (I)I 2049 1 11501 0 -1
ciMethod java/lang/String indexOf (II)I 1721 40961 6058 0 -1
ciMethod java/lang/String indexOfSupplementary (II)I 0 0 1 0 -1
ciMethod java/lang/String lastIndexOf (I)I 3073 1 7100 0 0
ciMethod java/lang/String lastIndexOf (II)I 817 32769 773 0 304
ciMethod java/lang/String lastIndexOfSupplementary (II)I 0 0 1 0 -1
ciMethod java/lang/String indexOf (Ljava/lang/String;)I 2057 1 3801 0 -1
ciMethod java/lang/String substring (II)Ljava/lang/String; 2057 1 5456 0 976
ciMethod java/lang/String concat (Ljava/lang/String;)Ljava/lang/String; 2065 1 5411 0 880
ciMethod java/lang/String replace (CC)Ljava/lang/String; 849 41073 910 0 1104
ciMethod java/lang/String toUpperCase (Ljava/util/Locale;)Ljava/lang/String; 993 27641 930 0 -1
ciMethod java/lang/String toCharArray ()[C 3089 1 7900 0 272
ciMethod java/lang/ClassLoader preDefineClass (Ljava/lang/String;Ljava/security/ProtectionDomain;)Ljava/security/ProtectionDomain; 3153 1 1682 0 -1
ciMethod java/lang/ClassLoader defineClassSourceLocation (Ljava/security/ProtectionDomain;)Ljava/lang/String; 3153 1 1682 0 -1
ciMethod java/lang/ClassLoader postDefineClass (Ljava/lang/Class;Ljava/security/ProtectionDomain;)V 3161 1 1680 0 -1
ciMethod java/lang/ClassLoader defineClass (Ljava/lang/String;[BIILjava/security/ProtectionDomain;)Ljava/lang/Class; 2121 1 1655 0 -1
ciMethod java/lang/ClassLoader defineClass1 (Ljava/lang/String;[BIILjava/security/ProtectionDomain;Ljava/lang/String;)Ljava/lang/Class; 4105 1 513 0 -1
ciMethod java/lang/ClassLoader checkName (Ljava/lang/String;)Z 3081 1 5538 0 -1
ciMethod java/lang/ClassLoader checkCerts (Ljava/lang/String;Ljava/security/CodeSource;)V 4097 1 1682 0 -1
ciMethod java/lang/ClassLoader definePackage (Ljava/lang/String;Ljava/lang/String;Ljava/lang/String;Ljava/lang/String;Ljava/lang/String;Ljava/lang/String;Ljava/lang/String;Ljava/net/URL;)Ljava/lang/Package; 465 1 208 0 -1
ciMethod java/lang/ClassLoader getPackage (Ljava/lang/String;)Ljava/lang/Package; 2049 1 2621 0 0
ciMethod java/lang/System nanoTime ()J 2049 1 256 0 -1
ciMethod java/lang/System arraycopy (Ljava/lang/Object;ILjava/lang/Object;II)V 7169 1 896 0 -1
ciMethod java/lang/Throwable printStackTrace ()V 0 0 1 0 -1
ciMethod java/lang/Throwable addSuppressed (Ljava/lang/Throwable;)V 0 0 1 0 -1
ciMethod java/security/ProtectionDomain <init> (Ljava/security/CodeSource;Ljava/security/PermissionCollection;Ljava/lang/ClassLoader;[Ljava/security/Principal;)V 177 1 60 0 -1
ciMethod java/security/ProtectionDomain getCodeSource ()Ljava/security/CodeSource; 1137 1 142 0 -1
ciMethod java/security/SecureClassLoader defineClass (Ljava/lang/String;[BIILjava/security/CodeSource;)Ljava/lang/Class; 2121 1 1592 0 0
ciMethod java/security/SecureClassLoader defineClass (Ljava/lang/String;Ljava/nio/ByteBuffer;Ljava/security/CodeSource;)Ljava/lang/Class; 0 0 1 0 -1
ciMethod java/security/SecureClassLoader getPermissions (Ljava/security/CodeSource;)Ljava/security/PermissionCollection; 305 1 38 0 -1
ciMethod java/security/SecureClassLoader getProtectionDomain (Ljava/security/CodeSource;)Ljava/security/ProtectionDomain; 2121 1 1630 0 -1
ciMethod java/lang/NoClassDefFoundError <init> (Ljava/lang/String;)V 17 1 2 0 -1
ciMethod java/lang/ref/Reference get ()Ljava/lang/Object; 2049 1 256 0 -1
ciMethod java/lang/ref/Reference <init> (Ljava/lang/Object;)V 1401 1 1122 0 0
ciMethod java/lang/ref/Reference <init> (Ljava/lang/Object;Ljava/lang/ref/ReferenceQueue;)V 2065 1 8207 0 112
ciMethod java/lang/ref/SoftReference <init> (Ljava/lang/Object;)V 1337 1 535 0 0
ciMethod java/lang/ref/SoftReference get ()Ljava/lang/Object; 2145 1 6616 0 0
ciMethod java/lang/ref/WeakReference <init> (Ljava/lang/Object;Ljava/lang/ref/ReferenceQueue;)V 2049 1 3561 0 0
ciMethod java/lang/Thread currentThread ()Ljava/lang/Thread; 3073 1 384 0 -1
ciMethod java/lang/Thread interrupt ()V 0 0 1 0 0
ciMethod java/lang/Thread interrupted ()Z 2057 1 2229 0 0
ciMethod java/lang/Thread isInterrupted (Z)Z 3081 1 385 0 -1
ciMethod java/lang/Thread checkAccess ()V 113 1 14 0 -1
ciMethod java/lang/Thread holdsLock (Ljava/lang/Object;)Z 0 0 1 0 -1
ciMethod java/lang/Thread interrupt0 ()V 0 0 1 0 -1
ciMethod java/util/Map get (Ljava/lang/Object;)Ljava/lang/Object; 0 0 1 0 -1
ciMethod java/util/Map put (Ljava/lang/Object;Ljava/lang/Object;)Ljava/lang/Object; 0 0 1 0 -1
ciMethod java/util/Map remove (Ljava/lang/Object;)Ljava/lang/Object; 0 0 1 0 -1
ciMethod java/util/Hashtable <init> (IF)V 1865 1 159 0 0
ciMethod java/util/Hashtable <init> (I)V 313 1 39 0 0
ciMethod java/util/Hashtable <init> ()V 1553 1 120 0 0
ciMethod java/util/Dictionary <init> ()V 1865 1 159 0 0
ciMethod java/lang/StringBuilder <init> ()V 993 1 7528 0 -1
ciMethod java/lang/StringBuilder append (Ljava/lang/Object;)Ljava/lang/StringBuilder; 513 1 79 0 -1
ciMethod java/lang/StringBuilder append (Ljava/lang/String;)Ljava/lang/StringBuilder; 2049 1 19244 0 -1
ciMethod java/lang/StringBuilder append (I)Ljava/lang/StringBuilder; 0 0 216 0 -1
ciMethod java/lang/StringBuilder append (F)Ljava/lang/StringBuilder; 0 0 1 0 -1
ciMethod java/lang/StringBuilder toString ()Ljava/lang/String; 1081 1 10629 0 -1
ciMethod java/io/ByteArrayInputStream <init> ([B)V 129 1 38 0 0
ciMethod java/io/InputStream <init> ()V 2057 1 3717 0 0
ciMethod java/io/InputStream read ([BII)I 0 0 1 0 -1
ciMethod java/io/InputStream close ()V 0 0 1 0 -1
ciMethod java/io/File <init> (Ljava/io/File;Ljava/lang/String;)V 737 1 57 0 -1
ciMethod java/io/File getPath ()Ljava/lang/String; 1345 1 168 0 -1
ciMethod java/io/File getCanonicalFile ()Ljava/io/File; 201 1 25 0 -1
ciMethod java/io/File exists ()Z 1097 1 110 0 -1
ciMethod java/net/URLClassLoader getAndVerifyPackage (Ljava/lang/String;Ljava/util/jar/Manifest;Ljava/net/URL;)Ljava/lang/Package; 3073 1 1603 0 0
ciMethod java/net/URLClassLoader definePackageInternal (Ljava/lang/String;Ljava/util/jar/Manifest;Ljava/net/URL;)V 2121 1 1592 0 0
ciMethod java/net/URLClassLoader defineClass (Ljava/lang/String;Lsun/misc/Resource;)Ljava/lang/Class; 1097 1 1592 0 0
ciMethod java/net/URLClassLoader definePackage (Ljava/lang/String;Ljava/util/jar/Manifest;Ljava/net/URL;)Ljava/lang/Package; 457 1 207 0 0
ciMethod java/net/URLClassLoader isSealed (Ljava/lang/String;Ljava/util/jar/Manifest;)Z 2049 1 1390 0 0
ciMethod java/net/URLClassLoader access$000 (Ljava/net/URLClassLoader;)Lsun/misc/URLClassPath; 1033 1 129 0 0
ciMethod java/net/URLClassLoader access$100 (Ljava/net/URLClassLoader;Ljava/lang/String;Lsun/misc/Resource;)Ljava/lang/Class; 1097 1 1590 0 0
ciMethod java/net/URL <init> (Ljava/net/URL;Ljava/lang/String;)V 2065 1 1912 0 -1
ciMethod java/net/URL getFile ()Ljava/lang/String; 1305 1 163 0 -1
ciMethod java/net/URL getRef ()Ljava/lang/String; 1673 1 209 0 -1
ciMethod java/net/URL equals (Ljava/lang/Object;)Z 4097 1 2503 0 -1
ciMethod java/util/jar/Manifest <init> (Ljava/io/InputStream;)V 121 1 37 0 0
ciMethod java/util/jar/Manifest getMainAttributes ()Ljava/util/jar/Attributes; 1025 1 128 0 0
ciMethod java/util/jar/Manifest getEntries ()Ljava/util/Map; 1025 1 128 0 0
ciMethod java/util/jar/Manifest getAttributes (Ljava/lang/String;)Ljava/util/jar/Attributes; 2073 1 1590 0 0
ciMethod java/util/jar/Manifest read (Ljava/io/InputStream;)V 121 1 37 0 -1
ciMethod java/util/jar/Manifest parseName ([BI)Ljava/lang/String; 9 1 1 0 -1
ciMethod java/security/CodeSource <init> (Ljava/net/URL;[Ljava/security/CodeSigner;)V 2113 1 1592 0 0
ciMethod java/nio/Buffer position ()I 1065 1 133 0 -1
ciMethod java/lang/Character isSurrogate (C)Z 585 1 455 0 -1
ciMethod java/lang/Character charCount (I)I 385 1 3226 0 -1
ciMethod java/lang/Character toChars (I[CI)I 0 0 1 0 -1
ciMethod java/lang/Character toChars (I)[C 0 0 1 0 -1
ciMethod java/lang/Character toLowerCase (C)C 3137 1 7789 0 0
ciMethod java/lang/Character toLowerCase (I)I 4097 1 16646 0 0
ciMethod java/lang/Character toUpperCase (C)C 3409 1 6261 0 0
ciMethod java/lang/Character toUpperCase (I)I 3409 1 6263 0 0
ciMethod java/lang/Character toUpperCaseEx (I)I 2049 1 25239 0 -1
ciMethod java/lang/Character toUpperCaseCharArray (I)[C 0 0 1 0 -1
ciMethod java/lang/Float isNaN (F)Z 2073 1 921 0 0
ciMethod java/lang/Float floatToRawIntBits (F)I 41 1 3 0 -1
ciMethod java/lang/NullPointerException <init> ()V 0 0 6 0 -1
ciMethod java/lang/NullPointerException <init> (Ljava/lang/String;)V 0 0 1 0 -1
ciMethod java/util/Comparator compare (Ljava/lang/Object;Ljava/lang/Object;)I 0 0 1 0 -1
ciMethod java/security/AccessController doPrivileged (Ljava/security/PrivilegedAction;)Ljava/lang/Object; 2049 1 256 0 -1
ciMethod java/util/AbstractList <init> ()V 2273 1 5571 0 0
ciMethod java/util/AbstractCollection <init> ()V 617 1 8186 0 0
ciMethod java/util/Stack pop ()Ljava/lang/Object; 137 1 65 0 -1
ciMethod java/util/Stack empty ()Z 281 1 424 0 -1
ciMethod java/util/ArrayList <init> ()V 1977 1 3447 0 0
ciMethod java/util/ArrayList size ()I 1025 1 128 0 -1
ciMethod java/util/ArrayList get (I)Ljava/lang/Object; 1897 1 7407 0 -1
ciMethod java/util/ArrayList add (Ljava/lang/Object;)Z 1345 1 6585 0 -1
ciMethod java/util/AbstractMap <init> ()V 721 1 1896 0 0
ciMethod java/lang/ref/ReferenceQueue poll ()Ljava/lang/ref/Reference; 2057 1 7839 0 -1
ciMethod java/util/HashMap hash (Ljava/lang/Object;)I 2049 1 26490 0 160
ciMethod java/util/HashMap tableSizeFor (I)I 2049 1 1053 0 -1
ciMethod java/util/HashMap <init> (IF)V 601 1 683 0 0
ciMethod java/util/HashMap <init> (I)V 505 1 290 0 0
ciMethod java/util/HashMap <init> ()V 16617 1 2209 0 0
ciMethod java/util/HashMap get (Ljava/lang/Object;)Ljava/lang/Object; 2249 1 13623 0 528
ciMethod java/util/HashMap getNode (ILjava/lang/Object;)Ljava/util/HashMap$Node; 2049 41 10540 0 528
ciMethod java/util/HashMap containsKey (Ljava/lang/Object;)Z 2049 1 1048 0 -1
ciMethod java/util/HashMap put (Ljava/lang/Object;Ljava/lang/Object;)Ljava/lang/Object; 2169 1 5865 0 -1
ciMethod sun/misc/VM allowArraySyntax ()Z 3081 1 5538 0 -1
ciMethod java/lang/Math max (II)I 3273 1 6708 0 -1
ciMethod java/lang/Math min (II)I 4097 1 84465 0 -1
ciMethod java/lang/Math min (FF)F 2049 1 197 0 0
ciMethod java/nio/charset/Charset atBugLevel (Ljava/lang/String;)Z 1441 1 163 0 -1
ciMethod java/nio/charset/Charset newEncoder ()Ljava/nio/charset/CharsetEncoder; 0 0 1 0 -1
ciMethod java/util/WeakHashMap maskNull (Ljava/lang/Object;)Ljava/lang/Object; 3081 1 5442 0 0
ciMethod java/util/WeakHashMap eq (Ljava/lang/Object;Ljava/lang/Object;)Z 1633 1 1814 0 -1
ciMethod java/util/WeakHashMap hash (Ljava/lang/Object;)I 3089 1 5442 0 0
ciMethod java/util/WeakHashMap indexFor (II)I 3089 1 5444 0 0
ciMethod java/util/WeakHashMap expungeStaleEntries ()V 3089 1 5442 0 0
ciMethod java/util/WeakHashMap getTable ()[Ljava/util/WeakHashMap$Entry; 3089 1 5442 0 0
ciMethod java/util/WeakHashMap put (Ljava/lang/Object;Ljava/lang/Object;)Ljava/lang/Object; 2049 17 1813 0 0
ciMethod java/util/WeakHashMap resize (I)V 0 0 1 0 -1
ciMethod java/util/Arrays copyOf ([BI)[B 2057 1 10157 0 0
ciMethod java/util/Arrays copyOf ([CI)[C 1073 1 8394 0 0
ciMethod java/util/Arrays copyOfRange ([CII)[C 2601 1 5481 0 512
ciMethod sun/misc/ASCIICaseInsensitiveComparator lowerCaseHashCode (Ljava/lang/String;)I 1321 21209 495 0 -1
ciMethodData java/lang/String length ()I 2 61448 orig 264 88 50 129 2 0 0 0 0 24 60 159 5 0 0 0 0 32 1 0 0 0 0 0 0 0 0 0 0 0 0 0 0 0 0 0 0 0 0 0 0 0 0 0 0 0 0 0 0 0 0 0 0 0 0 0 0 0 0 0 0 0 0 0 0 0 0 0 0 0 0 0 0 0 0 0 0 0 0 0 0 77 68 79 32 101 120 116 114 97 32 100 97 116 97 32 108 111 99 107 0 0 0 0 0 0 0 0 0 0 0 0 0 0 0 0 0 0 0 0 0 0 0 0 0 0 0 0 0 0 0 0 0 0 0 0 0 0 0 0 0 0 0 0 0 0 0 0 0 0 0 0 0 0 0 0 0 0 0 0 0 0 0 0 0 0 0 0 0 0 0 0 0 0 0 0 0 0 0 0 0 0 0 0 0 1 0 0 0 0 0 0 0 0 0 0 0 0 0 0 0 1 0 0 0 0 0 0 0 0 0 0 0 0 0 0 0 0 2 0 0 65 112 7 0 1 0 0 0 0 0 0 0 0 0 0 0 2 0 0 0 0 0 0 0 0 0 0 0 0 0 0 0 255 255 255 255 0 0 0 0 0 0 0 0 data 0 oops 0
ciMethodData java/lang/Object <init> ()V 2 179236 orig 264 88 50 129 2 0 0 0 0 128 4 159 5 0 0 0 0 32 1 0 0 0 0 0 0 0 0 0 0 0 0 0 0 0 0 0 0 0 0 0 0 0 0 0 0 0 0 0 0 0 0 0 0 0 0 0 0 0 0 0 0 0 0 0 0 0 0 0 0 0 0 0 0 0 0 0 0 0 0 0 0 77 68 79 32 101 120 116 114 97 32 100 97 116 97 32 108 111 99 107 0 0 0 0 0 0 0 0 0 0 0 0 0 0 0 0 0 0 0 0 0 0 0 0 0 0 0 0 0 0 0 0 0 0 0 0 0 0 0 0 0 0 0 0 0 0 0 0 0 0 0 0 0 0 0 0 0 0 0 0 0 0 0 0 0 0 0 0 0 0 0 0 0 0 0 0 0 0 0 0 0 0 0 0 0 1 0 0 0 0 0 0 0 1 0 0 0 0 0 0 0 1 0 0 0 0 0 0 0 0 0 0 0 0 0 0 0 0 2 0 0 33 209 21 0 1 0 0 0 0 0 0 0 0 0 0 0 2 0 0 0 0 0 3 0 1 0 0 0 0 0 0 0 255 255 255 255 0 0 0 0 0 0 0 0 data 0 oops 0
ciMethod java/io/OutputStream <init> ()V 2057 1 451 0 0
ciMethod java/io/FilterInputStream <init> (Ljava/io/InputStream;)V 2049 1 1922 0 0
ciMethod sun/nio/cs/UTF_8 newEncoder ()Ljava/nio/charset/CharsetEncoder; 625 1 74 0 0
ciMethod sun/nio/cs/ArrayEncoder encode ([CII[B)I 0 0 1 0 -1
ciMethod sun/nio/cs/UTF_8$Encoder <init> (Ljava/nio/charset/Charset;)V 625 1 74 0 -1
ciMethod sun/nio/cs/UTF_8$Encoder encode ([CII[B)I 969 32841 861 0 -1
ciMethod sun/nio/cs/UTF_8$Encoder <init> (Ljava/nio/charset/Charset;Lsun/nio/cs/UTF_8$1;)V 625 1 74 0 -1
ciMethod java/nio/charset/CharsetEncoder <init> (Ljava/nio/charset/Charset;FF[B)V 641 1 76 0 -1
ciMethod java/nio/charset/CharsetEncoder <init> (Ljava/nio/charset/Charset;FF)V 641 1 76 0 -1
ciMethod java/nio/charset/CharsetEncoder replaceWith ([B)Ljava/nio/charset/CharsetEncoder; 641 1 76 0 -1
ciMethod java/nio/charset/CharsetEncoder implReplaceWith ([B)V 0 0 1 0 -1
ciMethod java/nio/charset/CharsetEncoder isLegalReplacement ([B)Z 17 1 2 0 -1
ciMethod java/nio/charset/CharsetEncoder onMalformedInput (Ljava/nio/charset/CodingErrorAction;)Ljava/nio/charset/CharsetEncoder; 217 1 76 0 0
ciMethod java/nio/charset/CharsetEncoder implOnMalformedInput (Ljava/nio/charset/CodingErrorAction;)V 217 1 76 0 -1
ciMethod java/nio/charset/CharsetEncoder onUnmappableCharacter (Ljava/nio/charset/CodingErrorAction;)Ljava/nio/charset/CharsetEncoder; 217 1 76 0 0
ciMethod java/nio/charset/CharsetEncoder implOnUnmappableCharacter (Ljava/nio/charset/CodingErrorAction;)V 217 1 76 0 -1
ciMethod java/nio/charset/CharsetEncoder maxBytesPerChar ()F 2281 1 6202 0 0
ciMethod java/nio/charset/CharsetEncoder encode (Ljava/nio/CharBuffer;Ljava/nio/ByteBuffer;Z)Ljava/nio/charset/CoderResult; 0 0 10 0 -1
ciMethod java/nio/charset/CharsetEncoder flush (Ljava/nio/ByteBuffer;)Ljava/nio/charset/CoderResult; 0 0 1 0 -1
ciMethod java/nio/charset/CharsetEncoder reset ()Ljava/nio/charset/CharsetEncoder; 2081 1 6127 0 0
ciMethod java/nio/charset/CharsetEncoder implReset ()V 2081 1 6127 0 0
ciMethod java/nio/ByteBuffer wrap ([B)Ljava/nio/ByteBuffer; 17 1 506 0 -1
ciMethod java/nio/CharBuffer wrap ([C)Ljava/nio/CharBuffer; 0 0 1 0 -1
ciMethod java/nio/charset/CoderResult isUnderflow ()Z 305 1 37267 0 -1
ciMethod java/lang/IllegalArgumentException <init> (Ljava/lang/String;)V 0 0 1 0 -1
ciMethod sun/security/util/Debug println (Ljava/lang/String;)V 0 0 1 0 -1
ciMethod java/util/WeakHashMap$Entry <init> (Ljava/lang/Object;Ljava/lang/Object;Ljava/lang/ref/ReferenceQueue;ILjava/util/WeakHashMap$Entry;)V 2041 1 1813 0 0
ciMethod sun/misc/MetaIndex mayContain (Ljava/lang/String;)Z 1825 8057 2354 0 -1
ciMethod java/util/Locale getLanguage ()Ljava/lang/String; 441 1 802 0 -1
ciMethod java/lang/CharacterData toLowerCase (I)I 0 0 1 0 -1
ciMethod java/lang/CharacterData toUpperCase (I)I 0 0 1 0 -1
ciMethod java/lang/CharacterData of (I)Ljava/lang/CharacterData; 4097 1 5812 0 96
ciMethod java/lang/CharacterDataLatin1 getProperties (I)I 4097 1 22406 0 -1
ciMethod java/lang/CharacterDataLatin1 toLowerCase (I)I 4097 1 5723 0 144
ciMethod java/lang/CharacterDataLatin1 toUpperCase (I)I 4097 1 5632 0 176
ciMethod java/util/HashMap$TreeNode getTreeNode (ILjava/lang/Object;)Ljava/util/HashMap$TreeNode; 0 0 1 0 -1
ciMethodData java/lang/Character toLowerCase (I)I 2 16646 orig 264 88 50 129 2 0 0 0 0 176 163 168 5 0 0 0 0 136 1 0 0 0 0 0 0 0 0 0 0 0 0 0 0 0 0 0 0 0 0 0 0 0 0 0 0 0 0 0 0 0 0 0 0 0 0 0 0 0 0 0 0 0 0 0 0 0 0 0 0 0 0 0 0 0 0 0 0 0 0 0 0 77 68 79 32 101 120 116 114 97 32 100 97 116 97 32 108 111 99 107 0 0 0 0 0 0 0 0 0 0 0 0 0 0 0 0 0 0 0 0 0 0 0 0 0 0 0 0 0 0 0 0 0 0 0 0 0 0 0 0 0 0 0 0 0 0 0 0 0 0 0 0 0 0 0 0 0 0 0 0 0 0 0 0 0 0 0 0 0 0 0 0 0 0 0 0 0 0 0 0 0 0 0 0 0 0 0 0 0 0 0 0 0 0 0 0 0 0 0 0 0 0 0 0 0 0 0 0 0 0 0 0 0 0 0 0 0 0 2 0 0 49 248 1 0 1 0 0 0 0 0 0 0 0 0 0 0 2 0 0 0 0 0 3 0 2 0 0 0 64 0 0 0 255 255 255 255 2 0 1 0 0 0 0 0 data 8 0x10002 0x3f06 0x50005 0x0 0x8ac6570 0x3f06 0x0 0x0 oops 1