2022-11-13 22:28:58.918 [main] INFO  com.course.Application - Starting Application on dell-PC with PID 20388 (C:\Users\dell\.ssh\workspace\muke\AUTOTEST\Chapter13\target\classes started by dell in C:\Users\dell\.ssh\workspace\muke\AUTOTEST)
2022-11-13 22:28:58.924 [main] INFO  com.course.Application - No active profile set, falling back to default profiles: default
2022-11-13 22:29:01.340 [main] INFO  org.springframework.boot.web.embedded.tomcat.TomcatWebServer - Tomcat initialized with port(s): 8888 (http)
2022-11-13 22:29:01.379 [main] INFO  org.apache.catalina.core.StandardService - Starting service [Tomcat]
2022-11-13 22:29:01.379 [main] INFO  org.apache.catalina.core.StandardEngine - Starting Servlet Engine: Apache Tomcat/9.0.12
2022-11-13 22:29:01.391 [main] INFO  org.apache.catalina.core.AprLifecycleListener - The APR based Apache Tomcat Native library which allows optimal performance in production environments was not found on the java.library.path: [C:\Program Files\Java\jdk1.8.0_131\bin;C:\Windows\Sun\Java\bin;C:\Windows\system32;C:\Windows;D:\tools\apache-jmeter-3.1\bin;D:\tools\apache-maven-3.3.1\bin;D:\xshell\;C:\ProgramData\Oracle\Java\javapath;C:\Windows\system32;C:\Windows;C:\Windows\System32\Wbem;C:\Windows\System32\WindowsPowerShell\v1.0\;C:\Program Files\Java\jdk1.8.0_131\bin;C:\Program Files\Java\jdk1.8.0_131\jre\bin;D:\tools\Git\cmd;.]
2022-11-13 22:29:01.588 [main] INFO  org.apache.catalina.core.ContainerBase.[Tomcat].[localhost].[/] - Initializing Spring embedded WebApplicationContext
2022-11-13 22:29:01.588 [main] INFO  org.springframework.web.context.ContextLoader - Root WebApplicationContext: initialization completed in 2537 ms
2022-11-13 22:29:01.616 [main] ERROR org.springframework.boot.web.embedded.tomcat.TomcatStarter - Error starting Tomcat context. Exception: org.springframework.beans.factory.BeanCreationException. Message: Error creating bean with name 'formContentFilter' defined in class path resource [org/springframework/boot/autoconfigure/web/servlet/WebMvcAutoConfiguration.class]: Bean instantiation via factory method failed; nested exception is org.springframework.beans.BeanInstantiationException: Failed to instantiate [org.springframework.boot.web.servlet.filter.OrderedFormContentFilter]: Factory method 'formContentFilter' threw exception; nested exception is java.lang.NoClassDefFoundError: Could not initialize class com.fasterxml.jackson.databind.ObjectMapper
2022-11-13 22:29:01.653 [main] INFO  org.apache.catalina.core.StandardService - Stopping service [Tomcat]
2022-11-13 22:29:01.672 [main] WARN  o.s.boot.web.servlet.context.AnnotationConfigServletWebServerApplicationContext - Exception encountered during context initialization - cancelling refresh attempt: org.springframework.context.ApplicationContextException: Unable to start web server; nested exception is org.springframework.boot.web.server.WebServerException: Unable to start embedded Tomcat
2022-11-13 22:29:01.683 [main] INFO  o.s.boot.autoconfigure.logging.ConditionEvaluationReportLoggingListener - 

Error starting ApplicationContext. To display the conditions report re-run your application with 'debug' enabled.
2022-11-13 22:29:01.698 [main] ERROR org.springframework.boot.SpringApplication - Application run failed
org.springframework.context.ApplicationContextException: Unable to start web server; nested exception is org.springframework.boot.web.server.WebServerException: Unable to start embedded Tomcat
	at org.springframework.boot.web.servlet.context.ServletWebServerApplicationContext.onRefresh(ServletWebServerApplicationContext.java:155)
	at org.springframework.context.support.AbstractApplicationContext.refresh(AbstractApplicationContext.java:545)
	at org.springframework.boot.web.servlet.context.ServletWebServerApplicationContext.refresh(ServletWebServerApplicationContext.java:140)
	at org.springframework.boot.SpringApplication.refresh(SpringApplication.java:775)
	at org.springframework.boot.SpringApplication.refreshContext(SpringApplication.java:397)
	at org.springframework.boot.SpringApplication.run(SpringApplication.java:316)
	at org.springframework.boot.SpringApplication.run(SpringApplication.java:1260)
	at org.springframework.boot.SpringApplication.run(SpringApplication.java:1248)
	at com.course.Application.main(Application.java:11)
Caused by: org.springframework.boot.web.server.WebServerException: Unable to start embedded Tomcat
	at org.springframework.boot.web.embedded.tomcat.TomcatWebServer.initialize(TomcatWebServer.java:125)
	at org.springframework.boot.web.embedded.tomcat.TomcatWebServer.<init>(TomcatWebServer.java:86)
	at org.springframework.boot.web.embedded.tomcat.TomcatServletWebServerFactory.getTomcatWebServer(TomcatServletWebServerFactory.java:414)
	at org.springframework.boot.web.embedded.tomcat.TomcatServletWebServerFactory.getWebServer(TomcatServletWebServerFactory.java:174)
	at org.springframework.boot.web.servlet.context.ServletWebServerApplicationContext.createWebServer(ServletWebServerApplicationContext.java:179)
	at org.springframework.boot.web.servlet.context.ServletWebServerApplicationContext.onRefresh(ServletWebServerApplicationContext.java:152)
	... 8 common frames omitted
Caused by: org.springframework.beans.factory.BeanCreationException: Error creating bean with name 'formContentFilter' defined in class path resource [org/springframework/boot/autoconfigure/web/servlet/WebMvcAutoConfiguration.class]: Bean instantiation via factory method failed; nested exception is org.springframework.beans.BeanInstantiationException: Failed to instantiate [org.springframework.boot.web.servlet.filter.OrderedFormContentFilter]: Factory method 'formContentFilter' threw exception; nested exception is java.lang.NoClassDefFoundError: Could not initialize class com.fasterxml.jackson.databind.ObjectMapper
	at org.springframework.beans.factory.support.ConstructorResolver.instantiate(ConstructorResolver.java:657)
	at org.springframework.beans.factory.support.ConstructorResolver.instantiateUsingFactoryMethod(ConstructorResolver.java:485)
	at org.springframework.beans.factory.support.AbstractAutowireCapableBeanFactory.instantiateUsingFactoryMethod(AbstractAutowireCapableBeanFactory.java:1341)
	at org.springframework.beans.factory.support.AbstractAutowireCapableBeanFactory.createBeanInstance(AbstractAutowireCapableBeanFactory.java:1181)
	at org.springframework.beans.factory.support.AbstractAutowireCapableBeanFactory.doCreateBean(AbstractAutowireCapableBeanFactory.java:556)
	at org.springframework.beans.factory.support.AbstractAutowireCapableBeanFactory.createBean(AbstractAutowireCapableBeanFactory.java:516)
	at org.springframework.beans.factory.support.AbstractBeanFactory.lambda$doGetBean$0(AbstractBeanFactory.java:324)
	at org.springframework.beans.factory.support.DefaultSingletonBeanRegistry.getSingleton(DefaultSingletonBeanRegistry.java:234)
	at org.springframework.beans.factory.support.AbstractBeanFactory.doGetBean(AbstractBeanFactory.java:322)
	at org.springframework.beans.factory.support.AbstractBeanFactory.getBean(AbstractBeanFactory.java:207)
	at org.springframework.boot.web.servlet.ServletContextInitializerBeans.getOrderedBeansOfType(ServletContextInitializerBeans.java:236)
	at org.springframework.boot.web.servlet.ServletContextInitializerBeans.addAsRegistrationBean(ServletContextInitializerBeans.java:192)
	at org.springframework.boot.web.servlet.ServletContextInitializerBeans.addAsRegistrationBean(ServletContextInitializerBeans.java:187)
	at org.springframework.boot.web.servlet.ServletContextInitializerBeans.addAdaptableBeans(ServletContextInitializerBeans.java:169)
	at org.springframework.boot.web.servlet.ServletContextInitializerBeans.<init>(ServletContextInitializerBeans.java:89)
	at org.springframework.boot.web.servlet.context.ServletWebServerApplicationContext.getServletContextInitializerBeans(ServletWebServerApplicationContext.java:250)
	at org.springframework.boot.web.servlet.context.ServletWebServerApplicationContext.selfInitialize(ServletWebServerApplicationContext.java:237)
	at org.springframework.boot.web.embedded.tomcat.TomcatStarter.onStartup(TomcatStarter.java:54)
	at org.apache.catalina.core.StandardContext.startInternal(StandardContext.java:5098)
	at org.apache.catalina.util.LifecycleBase.start(LifecycleBase.java:183)
	at org.apache.catalina.core.ContainerBase$StartChild.call(ContainerBase.java:1429)
	at org.apache.catalina.core.ContainerBase$StartChild.call(ContainerBase.java:1419)
	at java.util.concurrent.FutureTask.run(FutureTask.java:266)
	at org.apache.tomcat.util.threads.InlineExecutorService.execute(InlineExecutorService.java:75)
	at java.util.concurrent.AbstractExecutorService.submit(AbstractExecutorService.java:134)
	at org.apache.catalina.core.ContainerBase.startInternal(ContainerBase.java:944)
	at org.apache.catalina.core.StandardHost.startInternal(StandardHost.java:839)
	at org.apache.catalina.util.LifecycleBase.start(LifecycleBase.java:183)
	at org.apache.catalina.core.ContainerBase$StartChild.call(ContainerBase.java:1429)
	at org.apache.catalina.core.ContainerBase$StartChild.call(ContainerBase.java:1419)
	at java.util.concurrent.FutureTask.run(FutureTask.java:266)
	at org.apache.tomcat.util.threads.InlineExecutorService.execute(InlineExecutorService.java:75)
	at java.util.concurrent.AbstractExecutorService.submit(AbstractExecutorService.java:134)
	at org.apache.catalina.core.ContainerBase.startInternal(ContainerBase.java:944)
	at org.apache.catalina.core.StandardEngine.startInternal(StandardEngine.java:261)
	at org.apache.catalina.util.LifecycleBase.start(LifecycleBase.java:183)
	at org.apache.catalina.core.StandardService.startInternal(StandardService.java:422)
	at org.apache.catalina.util.LifecycleBase.start(LifecycleBase.java:183)
	at org.apache.catalina.core.StandardServer.startInternal(StandardServer.java:770)
	at org.apache.catalina.util.LifecycleBase.start(LifecycleBase.java:183)
	at org.apache.catalina.startup.Tomcat.start(Tomcat.java:370)
	at org.springframework.boot.web.embedded.tomcat.TomcatWebServer.initialize(TomcatWebServer.java:106)
	... 13 common frames omitted
Caused by: org.springframework.beans.BeanInstantiationException: Failed to instantiate [org.springframework.boot.web.servlet.filter.OrderedFormContentFilter]: Factory method 'formContentFilter' threw exception; nested exception is java.lang.NoClassDefFoundError: Could not initialize class com.fasterxml.jackson.databind.ObjectMapper
	at org.springframework.beans.factory.support.SimpleInstantiationStrategy.instantiate(SimpleInstantiationStrategy.java:185)
	at org.springframework.beans.factory.support.ConstructorResolver.instantiate(ConstructorResolver.java:652)
	... 54 common frames omitted
Caused by: java.lang.NoClassDefFoundError: Could not initialize class com.fasterxml.jackson.databind.ObjectMapper
	at org.springframework.http.converter.json.Jackson2ObjectMapperBuilder.build(Jackson2ObjectMapperBuilder.java:622)
	at org.springframework.http.converter.json.MappingJackson2HttpMessageConverter.<init>(MappingJackson2HttpMessageConverter.java:59)
	at org.springframework.http.converter.support.AllEncompassingFormHttpMessageConverter.<init>(AllEncompassingFormHttpMessageConverter.java:76)
	at org.springframework.web.filter.FormContentFilter.<init>(FormContentFilter.java:60)
	at org.springframework.boot.web.servlet.filter.OrderedFormContentFilter.<init>(OrderedFormContentFilter.java:29)
	at org.springframework.boot.autoconfigure.web.servlet.WebMvcAutoConfiguration.formContentFilter(WebMvcAutoConfiguration.java:166)
	at org.springframework.boot.autoconfigure.web.servlet.WebMvcAutoConfiguration$$EnhancerBySpringCGLIB$$4b1d83d7.CGLIB$formContentFilter$1(<generated>)
	at org.springframework.boot.autoconfigure.web.servlet.WebMvcAutoConfiguration$$EnhancerBySpringCGLIB$$4b1d83d7$$FastClassBySpringCGLIB$$3d954536.invoke(<generated>)
	at org.springframework.cglib.proxy.MethodProxy.invokeSuper(MethodProxy.java:244)
	at org.springframework.context.annotation.ConfigurationClassEnhancer$BeanMethodInterceptor.intercept(ConfigurationClassEnhancer.java:331)
	at org.springframework.boot.autoconfigure.web.servlet.WebMvcAutoConfiguration$$EnhancerBySpringCGLIB$$4b1d83d7.formContentFilter(<generated>)
	at sun.reflect.NativeMethodAccessorImpl.invoke0(Native Method)
	at sun.reflect.NativeMethodAccessorImpl.invoke(NativeMethodAccessorImpl.java:62)
	at sun.reflect.DelegatingMethodAccessorImpl.invoke(DelegatingMethodAccessorImpl.java:43)
	at java.lang.reflect.Method.invoke(Method.java:498)
	at org.springframework.beans.factory.support.SimpleInstantiationStrategy.instantiate(SimpleInstantiationStrategy.java:154)
	... 55 common frames omitted
2022-11-13 22:32:47.156 [main] INFO  com.course.Application - Starting Application on dell-PC with PID 20096 (C:\Users\dell\.ssh\workspace\muke\AUTOTEST\Chapter13\target\classes started by dell in C:\Users\dell\.ssh\workspace\muke\AUTOTEST)
2022-11-13 22:32:47.164 [main] INFO  com.course.Application - No active profile set, falling back to default profiles: default
2022-11-13 22:32:49.603 [main] INFO  org.springframework.boot.web.embedded.tomcat.TomcatWebServer - Tomcat initialized with port(s): 8888 (http)
2022-11-13 22:32:49.640 [main] INFO  org.apache.catalina.core.StandardService - Starting service [Tomcat]
2022-11-13 22:32:49.640 [main] INFO  org.apache.catalina.core.StandardEngine - Starting Servlet Engine: Apache Tomcat/9.0.12
2022-11-13 22:32:49.650 [main] INFO  org.apache.catalina.core.AprLifecycleListener - The APR based Apache Tomcat Native library which allows optimal performance in production environments was not found on the java.library.path: [C:\Program Files\Java\jdk1.8.0_131\bin;C:\Windows\Sun\Java\bin;C:\Windows\system32;C:\Windows;D:\tools\apache-jmeter-3.1\bin;D:\tools\apache-maven-3.3.1\bin;D:\xshell\;C:\ProgramData\Oracle\Java\javapath;C:\Windows\system32;C:\Windows;C:\Windows\System32\Wbem;C:\Windows\System32\WindowsPowerShell\v1.0\;C:\Program Files\Java\jdk1.8.0_131\bin;C:\Program Files\Java\jdk1.8.0_131\jre\bin;D:\tools\Git\cmd;.]
2022-11-13 22:32:50.001 [main] INFO  org.apache.catalina.core.ContainerBase.[Tomcat].[localhost].[/] - Initializing Spring embedded WebApplicationContext
2022-11-13 22:32:50.001 [main] INFO  org.springframework.web.context.ContextLoader - Root WebApplicationContext: initialization completed in 2663 ms
2022-11-13 22:32:50.038 [main] ERROR org.springframework.boot.web.embedded.tomcat.TomcatStarter - Error starting Tomcat context. Exception: org.springframework.beans.factory.BeanCreationException. Message: Error creating bean with name 'formContentFilter' defined in class path resource [org/springframework/boot/autoconfigure/web/servlet/WebMvcAutoConfiguration.class]: Bean instantiation via factory method failed; nested exception is org.springframework.beans.BeanInstantiationException: Failed to instantiate [org.springframework.boot.web.servlet.filter.OrderedFormContentFilter]: Factory method 'formContentFilter' threw exception; nested exception is java.lang.NoClassDefFoundError: Could not initialize class com.fasterxml.jackson.databind.ObjectMapper
2022-11-13 22:32:50.071 [main] INFO  org.apache.catalina.core.StandardService - Stopping service [Tomcat]
2022-11-13 22:32:50.090 [main] WARN  o.s.boot.web.servlet.context.AnnotationConfigServletWebServerApplicationContext - Exception encountered during context initialization - cancelling refresh attempt: org.springframework.context.ApplicationContextException: Unable to start web server; nested exception is org.springframework.boot.web.server.WebServerException: Unable to start embedded Tomcat
2022-11-13 22:32:50.101 [main] INFO  o.s.boot.autoconfigure.logging.ConditionEvaluationReportLoggingListener - 

Error starting ApplicationContext. To display the conditions report re-run your application with 'debug' enabled.
2022-11-13 22:32:50.125 [main] ERROR org.springframework.boot.SpringApplication - Application run failed
org.springframework.context.ApplicationContextException: Unable to start web server; nested exception is org.springframework.boot.web.server.WebServerException: Unable to start embedded Tomcat
	at org.springframework.boot.web.servlet.context.ServletWebServerApplicationContext.onRefresh(ServletWebServerApplicationContext.java:155)
	at org.springframework.context.support.AbstractApplicationContext.refresh(AbstractApplicationContext.java:545)
	at org.springframework.boot.web.servlet.context.ServletWebServerApplicationContext.refresh(ServletWebServerApplicationContext.java:140)
	at org.springframework.boot.SpringApplication.refresh(SpringApplication.java:775)
	at org.springframework.boot.SpringApplication.refreshContext(SpringApplication.java:397)
	at org.springframework.boot.SpringApplication.run(SpringApplication.java:316)
	at org.springframework.boot.SpringApplication.run(SpringApplication.java:1260)
	at org.springframework.boot.SpringApplication.run(SpringApplication.java:1248)
	at com.course.Application.main(Application.java:11)
Caused by: org.springframework.boot.web.server.WebServerException: Unable to start embedded Tomcat
	at org.springframework.boot.web.embedded.tomcat.TomcatWebServer.initialize(TomcatWebServer.java:125)
	at org.springframework.boot.web.embedded.tomcat.TomcatWebServer.<init>(TomcatWebServer.java:86)
	at org.springframework.boot.web.embedded.tomcat.TomcatServletWebServerFactory.getTomcatWebServer(TomcatServletWebServerFactory.java:414)
	at org.springframework.boot.web.embedded.tomcat.TomcatServletWebServerFactory.getWebServer(TomcatServletWebServerFactory.java:174)
	at org.springframework.boot.web.servlet.context.ServletWebServerApplicationContext.createWebServer(ServletWebServerApplicationContext.java:179)
	at org.springframework.boot.web.servlet.context.ServletWebServerApplicationContext.onRefresh(ServletWebServerApplicationContext.java:152)
	... 8 common frames omitted
Caused by: org.springframework.beans.factory.BeanCreationException: Error creating bean with name 'formContentFilter' defined in class path resource [org/springframework/boot/autoconfigure/web/servlet/WebMvcAutoConfiguration.class]: Bean instantiation via factory method failed; nested exception is org.springframework.beans.BeanInstantiationException: Failed to instantiate [org.springframework.boot.web.servlet.filter.OrderedFormContentFilter]: Factory method 'formContentFilter' threw exception; nested exception is java.lang.NoClassDefFoundError: Could not initialize class com.fasterxml.jackson.databind.ObjectMapper
	at org.springframework.beans.factory.support.ConstructorResolver.instantiate(ConstructorResolver.java:657)
	at org.springframework.beans.factory.support.ConstructorResolver.instantiateUsingFactoryMethod(ConstructorResolver.java:485)
	at org.springframework.beans.factory.support.AbstractAutowireCapableBeanFactory.instantiateUsingFactoryMethod(AbstractAutowireCapableBeanFactory.java:1341)
	at org.springframework.beans.factory.support.AbstractAutowireCapableBeanFactory.createBeanInstance(AbstractAutowireCapableBeanFactory.java:1181)
	at org.springframework.beans.factory.support.AbstractAutowireCapableBeanFactory.doCreateBean(AbstractAutowireCapableBeanFactory.java:556)
	at org.springframework.beans.factory.support.AbstractAutowireCapableBeanFactory.createBean(AbstractAutowireCapableBeanFactory.java:516)
	at org.springframework.beans.factory.support.AbstractBeanFactory.lambda$doGetBean$0(AbstractBeanFactory.java:324)
	at org.springframework.beans.factory.support.DefaultSingletonBeanRegistry.getSingleton(DefaultSingletonBeanRegistry.java:234)
	at org.springframework.beans.factory.support.AbstractBeanFactory.doGetBean(AbstractBeanFactory.java:322)
	at org.springframework.beans.factory.support.AbstractBeanFactory.getBean(AbstractBeanFactory.java:207)
	at org.springframework.boot.web.servlet.ServletContextInitializerBeans.getOrderedBeansOfType(ServletContextInitializerBeans.java:236)
	at org.springframework.boot.web.servlet.ServletContextInitializerBeans.addAsRegistrationBean(ServletContextInitializerBeans.java:192)
	at org.springframework.boot.web.servlet.ServletContextInitializerBeans.addAsRegistrationBean(ServletContextInitializerBeans.java:187)
	at org.springframework.boot.web.servlet.ServletContextInitializerBeans.addAdaptableBeans(ServletContextInitializerBeans.java:169)
	at org.springframework.boot.web.servlet.ServletContextInitializerBeans.<init>(ServletContextInitializerBeans.java:89)
	at org.springframework.boot.web.servlet.context.ServletWebServerApplicationContext.getServletContextInitializerBeans(ServletWebServerApplicationContext.java:250)
	at org.springframework.boot.web.servlet.context.ServletWebServerApplicationContext.selfInitialize(ServletWebServerApplicationContext.java:237)
	at org.springframework.boot.web.embedded.tomcat.TomcatStarter.onStartup(TomcatStarter.java:54)
	at org.apache.catalina.core.StandardContext.startInternal(StandardContext.java:5098)
	at org.apache.catalina.util.LifecycleBase.start(LifecycleBase.java:183)
	at org.apache.catalina.core.ContainerBase$StartChild.call(ContainerBase.java:1429)
	at org.apache.catalina.core.ContainerBase$StartChild.call(ContainerBase.java:1419)
	at java.util.concurrent.FutureTask.run(FutureTask.java:266)
	at org.apache.tomcat.util.threads.InlineExecutorService.execute(InlineExecutorService.java:75)
	at java.util.concurrent.AbstractExecutorService.submit(AbstractExecutorService.java:134)
	at org.apache.catalina.core.ContainerBase.startInternal(ContainerBase.java:944)
	at org.apache.catalina.core.StandardHost.startInternal(StandardHost.java:839)
	at org.apache.catalina.util.LifecycleBase.start(LifecycleBase.java:183)
	at org.apache.catalina.core.ContainerBase$StartChild.call(ContainerBase.java:1429)
	at org.apache.catalina.core.ContainerBase$StartChild.call(ContainerBase.java:1419)
	at java.util.concurrent.FutureTask.run(FutureTask.java:266)
	at org.apache.tomcat.util.threads.InlineExecutorService.execute(InlineExecutorService.java:75)
	at java.util.concurrent.AbstractExecutorService.submit(AbstractExecutorService.java:134)
	at org.apache.catalina.core.ContainerBase.startInternal(ContainerBase.java:944)
	at org.apache.catalina.core.StandardEngine.startInternal(StandardEngine.java:261)
	at org.apache.catalina.util.LifecycleBase.start(LifecycleBase.java:183)
	at org.apache.catalina.core.StandardService.startInternal(StandardService.java:422)
	at org.apache.catalina.util.LifecycleBase.start(LifecycleBase.java:183)
	at org.apache.catalina.core.StandardServer.startInternal(StandardServer.java:770)
	at org.apache.catalina.util.LifecycleBase.start(LifecycleBase.java:183)
	at org.apache.catalina.startup.Tomcat.start(Tomcat.java:370)
	at org.springframework.boot.web.embedded.tomcat.TomcatWebServer.initialize(TomcatWebServer.java:106)
	... 13 common frames omitted
Caused by: org.springframework.beans.BeanInstantiationException: Failed to instantiate [org.springframework.boot.web.servlet.filter.OrderedFormContentFilter]: Factory method 'formContentFilter' threw exception; nested exception is java.lang.NoClassDefFoundError: Could not initialize class com.fasterxml.jackson.databind.ObjectMapper
	at org.springframework.beans.factory.support.SimpleInstantiationStrategy.instantiate(SimpleInstantiationStrategy.java:185)
	at org.springframework.beans.factory.support.ConstructorResolver.instantiate(ConstructorResolver.java:652)
	... 54 common frames omitted
Caused by: java.lang.NoClassDefFoundError: Could not initialize class com.fasterxml.jackson.databind.ObjectMapper
	at org.springframework.http.converter.json.Jackson2ObjectMapperBuilder.build(Jackson2ObjectMapperBuilder.java:622)
	at org.springframework.http.converter.json.MappingJackson2HttpMessageConverter.<init>(MappingJackson2HttpMessageConverter.java:59)
	at org.springframework.http.converter.support.AllEncompassingFormHttpMessageConverter.<init>(AllEncompassingFormHttpMessageConverter.java:76)
	at org.springframework.web.filter.FormContentFilter.<init>(FormContentFilter.java:60)
	at org.springframework.boot.web.servlet.filter.OrderedFormContentFilter.<init>(OrderedFormContentFilter.java:29)
	at org.springframework.boot.autoconfigure.web.servlet.WebMvcAutoConfiguration.formContentFilter(WebMvcAutoConfiguration.java:166)
	at org.springframework.boot.autoconfigure.web.servlet.WebMvcAutoConfiguration$$EnhancerBySpringCGLIB$$8156c0da.CGLIB$formContentFilter$1(<generated>)
	at org.springframework.boot.autoconfigure.web.servlet.WebMvcAutoConfiguration$$EnhancerBySpringCGLIB$$8156c0da$$FastClassBySpringCGLIB$$c1674b6b.invoke(<generated>)
	at org.springframework.cglib.proxy.MethodProxy.invokeSuper(MethodProxy.java:244)
	at org.springframework.context.annotation.ConfigurationClassEnhancer$BeanMethodInterceptor.intercept(ConfigurationClassEnhancer.java:331)
	at org.springframework.boot.autoconfigure.web.servlet.WebMvcAutoConfiguration$$EnhancerBySpringCGLIB$$8156c0da.formContentFilter(<generated>)
	at sun.reflect.NativeMethodAccessorImpl.invoke0(Native Method)
	at sun.reflect.NativeMethodAccessorImpl.invoke(NativeMethodAccessorImpl.java:62)
	at sun.reflect.DelegatingMethodAccessorImpl.invoke(DelegatingMethodAccessorImpl.java:43)
	at java.lang.reflect.Method.invoke(Method.java:498)
	at org.springframework.beans.factory.support.SimpleInstantiationStrategy.instantiate(SimpleInstantiationStrategy.java:154)
	... 55 common frames omitted
2022-11-13 22:37:40.574 [main] INFO  com.course.Application - Starting Application on dell-PC with PID 16220 (C:\Users\dell\.ssh\workspace\muke\AUTOTEST\Chapter13\target\classes started by dell in C:\Users\dell\.ssh\workspace\muke\AUTOTEST)
2022-11-13 22:37:40.578 [main] INFO  com.course.Application - No active profile set, falling back to default profiles: default
2022-11-13 22:37:43.115 [main] INFO  org.springframework.boot.web.embedded.tomcat.TomcatWebServer - Tomcat initialized with port(s): 8888 (http)
2022-11-13 22:37:43.162 [main] INFO  org.apache.catalina.core.StandardService - Starting service [Tomcat]
2022-11-13 22:37:43.163 [main] INFO  org.apache.catalina.core.StandardEngine - Starting Servlet Engine: Apache Tomcat/9.0.12
2022-11-13 22:37:43.174 [main] INFO  org.apache.catalina.core.AprLifecycleListener - The APR based Apache Tomcat Native library which allows optimal performance in production environments was not found on the java.library.path: [C:\Program Files\Java\jdk1.8.0_131\bin;C:\Windows\Sun\Java\bin;C:\Windows\system32;C:\Windows;D:\tools\apache-jmeter-3.1\bin;D:\tools\apache-maven-3.3.1\bin;D:\xshell\;C:\ProgramData\Oracle\Java\javapath;C:\Windows\system32;C:\Windows;C:\Windows\System32\Wbem;C:\Windows\System32\WindowsPowerShell\v1.0\;C:\Program Files\Java\jdk1.8.0_131\bin;C:\Program Files\Java\jdk1.8.0_131\jre\bin;D:\tools\Git\cmd;.]
2022-11-13 22:37:43.433 [main] INFO  org.apache.catalina.core.ContainerBase.[Tomcat].[localhost].[/] - Initializing Spring embedded WebApplicationContext
2022-11-13 22:37:43.434 [main] INFO  org.springframework.web.context.ContextLoader - Root WebApplicationContext: initialization completed in 2726 ms
2022-11-13 22:37:43.480 [main] ERROR org.springframework.boot.web.embedded.tomcat.TomcatStarter - Error starting Tomcat context. Exception: org.springframework.beans.factory.BeanCreationException. Message: Error creating bean with name 'formContentFilter' defined in class path resource [org/springframework/boot/autoconfigure/web/servlet/WebMvcAutoConfiguration.class]: Bean instantiation via factory method failed; nested exception is org.springframework.beans.BeanInstantiationException: Failed to instantiate [org.springframework.boot.web.servlet.filter.OrderedFormContentFilter]: Factory method 'formContentFilter' threw exception; nested exception is java.lang.NoClassDefFoundError: Could not initialize class com.fasterxml.jackson.databind.ObjectMapper
2022-11-13 22:37:43.525 [main] INFO  org.apache.catalina.core.StandardService - Stopping service [Tomcat]
2022-11-13 22:37:43.545 [main] WARN  o.s.boot.web.servlet.context.AnnotationConfigServletWebServerApplicationContext - Exception encountered during context initialization - cancelling refresh attempt: org.springframework.context.ApplicationContextException: Unable to start web server; nested exception is org.springframework.boot.web.server.WebServerException: Unable to start embedded Tomcat
2022-11-13 22:37:43.556 [main] INFO  o.s.boot.autoconfigure.logging.ConditionEvaluationReportLoggingListener - 

Error starting ApplicationContext. To display the conditions report re-run your application with 'debug' enabled.
2022-11-13 22:37:43.582 [main] ERROR org.springframework.boot.SpringApplication - Application run failed
org.springframework.context.ApplicationContextException: Unable to start web server; nested exception is org.springframework.boot.web.server.WebServerException: Unable to start embedded Tomcat
	at org.springframework.boot.web.servlet.context.ServletWebServerApplicationContext.onRefresh(ServletWebServerApplicationContext.java:155)
	at org.springframework.context.support.AbstractApplicationContext.refresh(AbstractApplicationContext.java:545)
	at org.springframework.boot.web.servlet.context.ServletWebServerApplicationContext.refresh(ServletWebServerApplicationContext.java:140)
	at org.springframework.boot.SpringApplication.refresh(SpringApplication.java:775)
	at org.springframework.boot.SpringApplication.refreshContext(SpringApplication.java:397)
	at org.springframework.boot.SpringApplication.run(SpringApplication.java:316)
	at org.springframework.boot.SpringApplication.run(SpringApplication.java:1260)
	at org.springframework.boot.SpringApplication.run(SpringApplication.java:1248)
	at com.course.Application.main(Application.java:11)
Caused by: org.springframework.boot.web.server.WebServerException: Unable to start embedded Tomcat
	at org.springframework.boot.web.embedded.tomcat.TomcatWebServer.initialize(TomcatWebServer.java:125)
	at org.springframework.boot.web.embedded.tomcat.TomcatWebServer.<init>(TomcatWebServer.java:86)
	at org.springframework.boot.web.embedded.tomcat.TomcatServletWebServerFactory.getTomcatWebServer(TomcatServletWebServerFactory.java:414)
	at org.springframework.boot.web.embedded.tomcat.TomcatServletWebServerFactory.getWebServer(TomcatServletWebServerFactory.java:174)
	at org.springframework.boot.web.servlet.context.ServletWebServerApplicationContext.createWebServer(ServletWebServerApplicationContext.java:179)
	at org.springframework.boot.web.servlet.context.ServletWebServerApplicationContext.onRefresh(ServletWebServerApplicationContext.java:152)
	... 8 common frames omitted
Caused by: org.springframework.beans.factory.BeanCreationException: Error creating bean with name 'formContentFilter' defined in class path resource [org/springframework/boot/autoconfigure/web/servlet/WebMvcAutoConfiguration.class]: Bean instantiation via factory method failed; nested exception is org.springframework.beans.BeanInstantiationException: Failed to instantiate [org.springframework.boot.web.servlet.filter.OrderedFormContentFilter]: Factory method 'formContentFilter' threw exception; nested exception is java.lang.NoClassDefFoundError: Could not initialize class com.fasterxml.jackson.databind.ObjectMapper
	at org.springframework.beans.factory.support.ConstructorResolver.instantiate(ConstructorResolver.java:657)
	at org.springframework.beans.factory.support.ConstructorResolver.instantiateUsingFactoryMethod(ConstructorResolver.java:485)
	at org.springframework.beans.factory.support.AbstractAutowireCapableBeanFactory.instantiateUsingFactoryMethod(AbstractAutowireCapableBeanFactory.java:1341)
	at org.springframework.beans.factory.support.AbstractAutowireCapableBeanFactory.createBeanInstance(AbstractAutowireCapableBeanFactory.java:1181)
	at org.springframework.beans.factory.support.AbstractAutowireCapableBeanFactory.doCreateBean(AbstractAutowireCapableBeanFactory.java:556)
	at org.springframework.beans.factory.support.AbstractAutowireCapableBeanFactory.createBean(AbstractAutowireCapableBeanFactory.java:516)
	at org.springframework.beans.factory.support.AbstractBeanFactory.lambda$doGetBean$0(AbstractBeanFactory.java:324)
	at org.springframework.beans.factory.support.DefaultSingletonBeanRegistry.getSingleton(DefaultSingletonBeanRegistry.java:234)
	at org.springframework.beans.factory.support.AbstractBeanFactory.doGetBean(AbstractBeanFactory.java:322)
	at org.springframework.beans.factory.support.AbstractBeanFactory.getBean(AbstractBeanFactory.java:207)
	at org.springframework.boot.web.servlet.ServletContextInitializerBeans.getOrderedBeansOfType(ServletContextInitializerBeans.java:236)
	at org.springframework.boot.web.servlet.ServletContextInitializerBeans.addAsRegistrationBean(ServletContextInitializerBeans.java:192)
	at org.springframework.boot.web.servlet.ServletContextInitializerBeans.addAsRegistrationBean(ServletContextInitializerBeans.java:187)
	at org.springframework.boot.web.servlet.ServletContextInitializerBeans.addAdaptableBeans(ServletContextInitializerBeans.java:169)
	at org.springframework.boot.web.servlet.ServletContextInitializerBeans.<init>(ServletContextInitializerBeans.java:89)
	at org.springframework.boot.web.servlet.context.ServletWebServerApplicationContext.getServletContextInitializerBeans(ServletWebServerApplicationContext.java:250)
	at org.springframework.boot.web.servlet.context.ServletWebServerApplicationContext.selfInitialize(ServletWebServerApplicationContext.java:237)
	at org.springframework.boot.web.embedded.tomcat.TomcatStarter.onStartup(TomcatStarter.java:54)
	at org.apache.catalina.core.StandardContext.startInternal(StandardContext.java:5098)
	at org.apache.catalina.util.LifecycleBase.start(LifecycleBase.java:183)
	at org.apache.catalina.core.ContainerBase$StartChild.call(ContainerBase.java:1429)
	at org.apache.catalina.core.ContainerBase$StartChild.call(ContainerBase.java:1419)
	at java.util.concurrent.FutureTask.run(FutureTask.java:266)
	at org.apache.tomcat.util.threads.InlineExecutorService.execute(InlineExecutorService.java:75)
	at java.util.concurrent.AbstractExecutorService.submit(AbstractExecutorService.java:134)
	at org.apache.catalina.core.ContainerBase.startInternal(ContainerBase.java:944)
	at org.apache.catalina.core.StandardHost.startInternal(StandardHost.java:839)
	at org.apache.catalina.util.LifecycleBase.start(LifecycleBase.java:183)
	at org.apache.catalina.core.ContainerBase$StartChild.call(ContainerBase.java:1429)
	at org.apache.catalina.core.ContainerBase$StartChild.call(ContainerBase.java:1419)
	at java.util.concurrent.FutureTask.run(FutureTask.java:266)
	at org.apache.tomcat.util.threads.InlineExecutorService.execute(InlineExecutorService.java:75)
	at java.util.concurrent.AbstractExecutorService.submit(AbstractExecutorService.java:134)
	at org.apache.catalina.core.ContainerBase.startInternal(ContainerBase.java:944)
	at org.apache.catalina.core.StandardEngine.startInternal(StandardEngine.java:261)
	at org.apache.catalina.util.LifecycleBase.start(LifecycleBase.java:183)
	at org.apache.catalina.core.StandardService.startInternal(StandardService.java:422)
	at org.apache.catalina.util.LifecycleBase.start(LifecycleBase.java:183)
	at org.apache.catalina.core.StandardServer.startInternal(StandardServer.java:770)
	at org.apache.catalina.util.LifecycleBase.start(LifecycleBase.java:183)
	at org.apache.catalina.startup.Tomcat.start(Tomcat.java:370)
	at org.springframework.boot.web.embedded.tomcat.TomcatWebServer.initialize(TomcatWebServer.java:106)
	... 13 common frames omitted
Caused by: org.springframework.beans.BeanInstantiationException: Failed to instantiate [org.springframework.boot.web.servlet.filter.OrderedFormContentFilter]: Factory method 'formContentFilter' threw exception; nested exception is java.lang.NoClassDefFoundError: Could not initialize class com.fasterxml.jackson.databind.ObjectMapper
	at org.springframework.beans.factory.support.SimpleInstantiationStrategy.instantiate(SimpleInstantiationStrategy.java:185)
	at org.springframework.beans.factory.support.ConstructorResolver.instantiate(ConstructorResolver.java:652)
	... 54 common frames omitted
Caused by: java.lang.NoClassDefFoundError: Could not initialize class com.fasterxml.jackson.databind.ObjectMapper
	at org.springframework.http.converter.json.Jackson2ObjectMapperBuilder.build(Jackson2ObjectMapperBuilder.java:622)
	at org.springframework.http.converter.json.MappingJackson2HttpMessageConverter.<init>(MappingJackson2HttpMessageConverter.java:59)
	at org.springframework.http.converter.support.AllEncompassingFormHttpMessageConverter.<init>(AllEncompassingFormHttpMessageConverter.java:76)
	at org.springframework.web.filter.FormContentFilter.<init>(FormContentFilter.java:60)
	at org.springframework.boot.web.servlet.filter.OrderedFormContentFilter.<init>(OrderedFormContentFilter.java:29)
	at org.springframework.boot.autoconfigure.web.servlet.WebMvcAutoConfiguration.formContentFilter(WebMvcAutoConfiguration.java:166)
	at org.springframework.boot.autoconfigure.web.servlet.WebMvcAutoConfiguration$$EnhancerBySpringCGLIB$$5ab3178e.CGLIB$formContentFilter$1(<generated>)
	at org.springframework.boot.autoconfigure.web.servlet.WebMvcAutoConfiguration$$EnhancerBySpringCGLIB$$5ab3178e$$FastClassBySpringCGLIB$$c17808d7.invoke(<generated>)
	at org.springframework.cglib.proxy.MethodProxy.invokeSuper(MethodProxy.java:244)
	at org.springframework.context.annotation.ConfigurationClassEnhancer$BeanMethodInterceptor.intercept(ConfigurationClassEnhancer.java:331)
	at org.springframework.boot.autoconfigure.web.servlet.WebMvcAutoConfiguration$$EnhancerBySpringCGLIB$$5ab3178e.formContentFilter(<generated>)
	at sun.reflect.NativeMethodAccessorImpl.invoke0(Native Method)
	at sun.reflect.NativeMethodAccessorImpl.invoke(NativeMethodAccessorImpl.java:62)
	at sun.reflect.DelegatingMethodAccessorImpl.invoke(DelegatingMethodAccessorImpl.java:43)
	at java.lang.reflect.Method.invoke(Method.java:498)
	at org.springframework.beans.factory.support.SimpleInstantiationStrategy.instantiate(SimpleInstantiationStrategy.java:154)
	... 55 common frames omitted
2022-11-13 22:53:43.327 [main] INFO  com.course.Application - Starting Application on dell-PC with PID 19948 (C:\Users\dell\.ssh\workspace\muke\AUTOTEST\Chapter13\target\classes started by dell in C:\Users\dell\.ssh\workspace\muke\AUTOTEST)
2022-11-13 22:53:43.332 [main] INFO  com.course.Application - No active profile set, falling back to default profiles: default
2022-11-13 22:53:46.012 [main] INFO  org.springframework.boot.web.embedded.tomcat.TomcatWebServer - Tomcat initialized with port(s): 8888 (http)
2022-11-13 22:53:46.080 [main] INFO  org.apache.catalina.core.StandardService - Starting service [Tomcat]
2022-11-13 22:53:46.081 [main] INFO  org.apache.catalina.core.StandardEngine - Starting Servlet Engine: Apache Tomcat/9.0.12
2022-11-13 22:53:46.105 [main] INFO  org.apache.catalina.core.AprLifecycleListener - The APR based Apache Tomcat Native library which allows optimal performance in production environments was not found on the java.library.path: [C:\Program Files\Java\jdk1.8.0_131\bin;C:\Windows\Sun\Java\bin;C:\Windows\system32;C:\Windows;D:\tools\apache-jmeter-3.1\bin;D:\tools\apache-maven-3.3.1\bin;D:\xshell\;C:\ProgramData\Oracle\Java\javapath;C:\Windows\system32;C:\Windows;C:\Windows\System32\Wbem;C:\Windows\System32\WindowsPowerShell\v1.0\;C:\Program Files\Java\jdk1.8.0_131\bin;C:\Program Files\Java\jdk1.8.0_131\jre\bin;D:\tools\Git\cmd;.]
2022-11-13 22:53:47.057 [main] INFO  org.apache.catalina.core.ContainerBase.[Tomcat].[localhost].[/] - Initializing Spring embedded WebApplicationContext
2022-11-13 22:53:47.058 [main] INFO  org.springframework.web.context.ContextLoader - Root WebApplicationContext: initialization completed in 3618 ms
2022-11-13 22:53:47.140 [main] INFO  org.springframework.boot.web.servlet.ServletRegistrationBean - Servlet dispatcherServlet mapped to [/]
2022-11-13 22:53:47.156 [main] INFO  org.springframework.boot.web.servlet.FilterRegistrationBean - Mapping filter: 'characterEncodingFilter' to: [/*]
2022-11-13 22:53:47.157 [main] INFO  org.springframework.boot.web.servlet.FilterRegistrationBean - Mapping filter: 'hiddenHttpMethodFilter' to: [/*]
2022-11-13 22:53:47.158 [main] INFO  org.springframework.boot.web.servlet.FilterRegistrationBean - Mapping filter: 'formContentFilter' to: [/*]
2022-11-13 22:53:47.158 [main] INFO  org.springframework.boot.web.servlet.FilterRegistrationBean - Mapping filter: 'requestContextFilter' to: [/*]
2022-11-13 22:53:48.487 [main] INFO  org.springframework.scheduling.concurrent.ThreadPoolTaskExecutor - Initializing ExecutorService 'applicationTaskExecutor'
2022-11-13 22:53:49.755 [main] INFO  org.mongodb.driver.cluster - Cluster created with settings {hosts=[localhost:27017], mode=SINGLE, requiredClusterType=UNKNOWN, serverSelectionTimeout='30000 ms', maxWaitQueueSize=500}
2022-11-13 22:53:49.873 [main] INFO  org.springframework.scheduling.concurrent.ThreadPoolTaskScheduler - Initializing ExecutorService 'taskScheduler'
2022-11-13 22:53:49.946 [main] INFO  springfox.documentation.spring.web.plugins.DocumentationPluginsBootstrapper - Context refreshed
2022-11-13 22:53:49.996 [main] INFO  springfox.documentation.spring.web.plugins.DocumentationPluginsBootstrapper - Found 1 custom documentation plugin(s)
2022-11-13 22:53:50.027 [main] INFO  springfox.documentation.spring.web.scanners.ApiListingReferenceScanner - Scanning for api listing references
2022-11-13 22:53:50.808 [main] INFO  org.springframework.boot.web.embedded.tomcat.TomcatWebServer - Tomcat started on port(s): 8888 (http) with context path ''
2022-11-13 22:53:50.822 [main] INFO  com.course.Application - Started Application in 8.666428248 seconds (JVM running for 11.985)
2022-11-13 22:53:50.868 [cluster-ClusterId{value='637104fd2c76ae4dec43ba6e', description='null'}-localhost:27017] INFO  org.mongodb.driver.cluster - Exception in monitor thread while connecting to server localhost:27017
com.mongodb.MongoSocketOpenException: Exception opening socket
	at com.mongodb.connection.SocketStream.open(SocketStream.java:63)
	at com.mongodb.connection.InternalStreamConnection.open(InternalStreamConnection.java:114)
	at com.mongodb.connection.DefaultServerMonitor$ServerMonitorRunnable.run(DefaultServerMonitor.java:127)
	at java.lang.Thread.run(Thread.java:748)
Caused by: java.net.ConnectException: Connection refused: connect
	at java.net.DualStackPlainSocketImpl.waitForConnect(Native Method)
	at java.net.DualStackPlainSocketImpl.socketConnect(DualStackPlainSocketImpl.java:85)
	at java.net.AbstractPlainSocketImpl.doConnect(AbstractPlainSocketImpl.java:350)
	at java.net.AbstractPlainSocketImpl.connectToAddress(AbstractPlainSocketImpl.java:206)
	at java.net.AbstractPlainSocketImpl.connect(AbstractPlainSocketImpl.java:188)
	at java.net.PlainSocketImpl.connect(PlainSocketImpl.java:172)
	at java.net.SocksSocketImpl.connect(SocksSocketImpl.java:392)
	at java.net.Socket.connect(Socket.java:589)
	at com.mongodb.connection.SocketStreamHelper.initialize(SocketStreamHelper.java:50)
	at com.mongodb.connection.SocketStream.open(SocketStream.java:58)
	... 3 common frames omitted
